<?xml version="1.0" encoding="utf-8"?>
<test-run id="2" testcasecount="591" result="Passed" total="591" passed="591" failed="0" inconclusive="0" skipped="0" asserts="0" engine-version="3.5.0.0" clr-version="4.0.30319.42000" start-time="2026-02-03 08:46:06Z" end-time="2026-02-03 08:46:07Z" duration="0.5525866">
  <test-suite type="TestSuite" id="1000" name="FacialControl" fullname="FacialControl" runstate="Runnable" testcasecount="591" result="Passed" start-time="2026-02-03 08:46:06Z" end-time="2026-02-03 08:46:07Z" duration="0.552587" total="591" passed="591" failed="0" inconclusive="0" skipped="0" asserts="0">
    <properties>
      <property name="platform" value="EditMode" />
    </properties>
    <test-suite type="Assembly" id="1615" name="Hidano.FacialControl.Tests.EditMode.dll" fullname="D:/Personal/Repositries/FacialControl/FacialControl/Library/ScriptAssemblies/Hidano.FacialControl.Tests.EditMode.dll" runstate="Runnable" testcasecount="591" result="Passed" start-time="2026-02-03 08:46:06Z" end-time="2026-02-03 08:46:07Z" duration="0.548168" total="591" passed="591" failed="0" inconclusive="0" skipped="0" asserts="0">
      <properties>
        <property name="_PID" value="8740" />
        <property name="_APPDOMAIN" value="Unity Child Domain" />
        <property name="platform" value="EditMode" />
        <property name="EditorOnly" value="True" />
      </properties>
      <test-suite type="TestSuite" id="1616" name="Hidano" fullname="Hidano" runstate="Runnable" testcasecount="591" result="Passed" start-time="2026-02-03 08:46:06Z" end-time="2026-02-03 08:46:07Z" duration="0.547711" total="591" passed="591" failed="0" inconclusive="0" skipped="0" asserts="0">
        <properties />
        <test-suite type="TestSuite" id="1617" name="FacialControl" fullname="Hidano.FacialControl" runstate="Runnable" testcasecount="591" result="Passed" start-time="2026-02-03 08:46:06Z" end-time="2026-02-03 08:46:07Z" duration="0.547474" total="591" passed="591" failed="0" inconclusive="0" skipped="0" asserts="0">
          <properties />
          <test-suite type="TestSuite" id="1618" name="Tests" fullname="Hidano.FacialControl.Tests" runstate="Runnable" testcasecount="591" result="Passed" start-time="2026-02-03 08:46:06Z" end-time="2026-02-03 08:46:07Z" duration="0.547258" total="591" passed="591" failed="0" inconclusive="0" skipped="0" asserts="0">
            <properties />
            <test-suite type="TestSuite" id="1619" name="EditMode" fullname="Hidano.FacialControl.Tests.EditMode" runstate="Runnable" testcasecount="591" result="Passed" start-time="2026-02-03 08:46:06Z" end-time="2026-02-03 08:46:07Z" duration="0.547011" total="591" passed="591" failed="0" inconclusive="0" skipped="0" asserts="0">
              <properties />
              <test-suite type="TestSuite" id="1622" name="Adapters" fullname="Hidano.FacialControl.Tests.EditMode.Adapters" runstate="Runnable" testcasecount="254" result="Passed" start-time="2026-02-03 08:46:06Z" end-time="2026-02-03 08:46:07Z" duration="0.413359" total="254" passed="254" failed="0" inconclusive="0" skipped="0" asserts="0">
                <properties />
                <test-suite type="TestFixture" id="1351" name="AnimationClipCacheTests" fullname="Hidano.FacialControl.Tests.EditMode.Adapters.AnimationClipCacheTests" classname="Hidano.FacialControl.Tests.EditMode.Adapters.AnimationClipCacheTests" runstate="Runnable" testcasecount="23" result="Passed" start-time="2026-02-03 08:46:06Z" end-time="2026-02-03 08:46:06Z" duration="0.030707" total="23" passed="23" failed="0" inconclusive="0" skipped="0" asserts="0">
                  <properties />
                  <test-case id="1367" name="Clear_AfterClear_ReturnsNewClip" fullname="Hidano.FacialControl.Tests.EditMode.Adapters.AnimationClipCacheTests.Clear_AfterClear_ReturnsNewClip" methodname="Clear_AfterClear_ReturnsNewClip" classname="Hidano.FacialControl.Tests.EditMode.Adapters.AnimationClipCacheTests" runstate="Runnable" seed="543063872" result="Passed" start-time="2026-02-03 08:46:06Z" end-time="2026-02-03 08:46:06Z" duration="0.009267" asserts="0">
                    <properties>
                      <property name="retryIteration" value="0" />
                      <property name="repeatIteration" value="0" />
                    </properties>
                  </test-case>
                  <test-case id="1365" name="Clear_EmptyCache_DoesNotThrow" fullname="Hidano.FacialControl.Tests.EditMode.Adapters.AnimationClipCacheTests.Clear_EmptyCache_DoesNotThrow" methodname="Clear_EmptyCache_DoesNotThrow" classname="Hidano.FacialControl.Tests.EditMode.Adapters.AnimationClipCacheTests" runstate="Runnable" seed="224536960" result="Passed" start-time="2026-02-03 08:46:06Z" end-time="2026-02-03 08:46:06Z" duration="0.000601" asserts="0">
                    <properties>
                      <property name="retryIteration" value="0" />
                      <property name="repeatIteration" value="0" />
                    </properties>
                  </test-case>
                  <test-case id="1366" name="Clear_WithEntries_ResetsCountToZero" fullname="Hidano.FacialControl.Tests.EditMode.Adapters.AnimationClipCacheTests.Clear_WithEntries_ResetsCountToZero" methodname="Clear_WithEntries_ResetsCountToZero" classname="Hidano.FacialControl.Tests.EditMode.Adapters.AnimationClipCacheTests" runstate="Runnable" seed="1238277600" result="Passed" start-time="2026-02-03 08:46:06Z" end-time="2026-02-03 08:46:06Z" duration="0.002348" asserts="0">
                    <properties>
                      <property name="retryIteration" value="0" />
                      <property name="repeatIteration" value="0" />
                    </properties>
                  </test-case>
                  <test-case id="1353" name="Constructor_CustomCapacity_CreatesWithSpecifiedSize" fullname="Hidano.FacialControl.Tests.EditMode.Adapters.AnimationClipCacheTests.Constructor_CustomCapacity_CreatesWithSpecifiedSize" methodname="Constructor_CustomCapacity_CreatesWithSpecifiedSize" classname="Hidano.FacialControl.Tests.EditMode.Adapters.AnimationClipCacheTests" runstate="Runnable" seed="1696194277" result="Passed" start-time="2026-02-03 08:46:06Z" end-time="2026-02-03 08:46:06Z" duration="0.000177" asserts="0">
                    <properties>
                      <property name="retryIteration" value="0" />
                      <property name="repeatIteration" value="0" />
                    </properties>
                  </test-case>
                  <test-case id="1352" name="Constructor_DefaultCapacity_Creates16EntryCache" fullname="Hidano.FacialControl.Tests.EditMode.Adapters.AnimationClipCacheTests.Constructor_DefaultCapacity_Creates16EntryCache" methodname="Constructor_DefaultCapacity_Creates16EntryCache" classname="Hidano.FacialControl.Tests.EditMode.Adapters.AnimationClipCacheTests" runstate="Runnable" seed="1375744635" result="Passed" start-time="2026-02-03 08:46:06Z" end-time="2026-02-03 08:46:06Z" duration="0.000154" asserts="0">
                    <properties>
                      <property name="retryIteration" value="0" />
                      <property name="repeatIteration" value="0" />
                    </properties>
                  </test-case>
                  <test-case id="1355" name="Constructor_NegativeCapacity_ThrowsArgumentOutOfRangeException" fullname="Hidano.FacialControl.Tests.EditMode.Adapters.AnimationClipCacheTests.Constructor_NegativeCapacity_ThrowsArgumentOutOfRangeException" methodname="Constructor_NegativeCapacity_ThrowsArgumentOutOfRangeException" classname="Hidano.FacialControl.Tests.EditMode.Adapters.AnimationClipCacheTests" runstate="Runnable" seed="1185308462" result="Passed" start-time="2026-02-03 08:46:06Z" end-time="2026-02-03 08:46:06Z" duration="0.001492" asserts="0">
                    <properties>
                      <property name="retryIteration" value="0" />
                      <property name="repeatIteration" value="0" />
                    </properties>
                  </test-case>
                  <test-case id="1354" name="Constructor_ZeroCapacity_ThrowsArgumentOutOfRangeException" fullname="Hidano.FacialControl.Tests.EditMode.Adapters.AnimationClipCacheTests.Constructor_ZeroCapacity_ThrowsArgumentOutOfRangeException" methodname="Constructor_ZeroCapacity_ThrowsArgumentOutOfRangeException" classname="Hidano.FacialControl.Tests.EditMode.Adapters.AnimationClipCacheTests" runstate="Runnable" seed="1665480268" result="Passed" start-time="2026-02-03 08:46:06Z" end-time="2026-02-03 08:46:06Z" duration="0.000218" asserts="0">
                    <properties>
                      <property name="retryIteration" value="0" />
                      <property name="repeatIteration" value="0" />
                    </properties>
                  </test-case>
                  <test-case id="1374" name="ContainsKey_AfterEviction_ReturnsFalse" fullname="Hidano.FacialControl.Tests.EditMode.Adapters.AnimationClipCacheTests.ContainsKey_AfterEviction_ReturnsFalse" methodname="ContainsKey_AfterEviction_ReturnsFalse" classname="Hidano.FacialControl.Tests.EditMode.Adapters.AnimationClipCacheTests" runstate="Runnable" seed="664484483" result="Passed" start-time="2026-02-03 08:46:06Z" end-time="2026-02-03 08:46:06Z" duration="0.000774" asserts="0">
                    <properties>
                      <property name="retryIteration" value="0" />
                      <property name="repeatIteration" value="0" />
                    </properties>
                  </test-case>
                  <test-case id="1372" name="ContainsKey_ExistingEntry_ReturnsTrue" fullname="Hidano.FacialControl.Tests.EditMode.Adapters.AnimationClipCacheTests.ContainsKey_ExistingEntry_ReturnsTrue" methodname="ContainsKey_ExistingEntry_ReturnsTrue" classname="Hidano.FacialControl.Tests.EditMode.Adapters.AnimationClipCacheTests" runstate="Runnable" seed="1092309083" result="Passed" start-time="2026-02-03 08:46:06Z" end-time="2026-02-03 08:46:06Z" duration="0.000201" asserts="0">
                    <properties>
                      <property name="retryIteration" value="0" />
                      <property name="repeatIteration" value="0" />
                    </properties>
                  </test-case>
                  <test-case id="1373" name="ContainsKey_NonExistingEntry_ReturnsFalse" fullname="Hidano.FacialControl.Tests.EditMode.Adapters.AnimationClipCacheTests.ContainsKey_NonExistingEntry_ReturnsFalse" methodname="ContainsKey_NonExistingEntry_ReturnsFalse" classname="Hidano.FacialControl.Tests.EditMode.Adapters.AnimationClipCacheTests" runstate="Runnable" seed="921344901" result="Passed" start-time="2026-02-03 08:46:06Z" end-time="2026-02-03 08:46:06Z" duration="0.000154" asserts="0">
                    <properties>
                      <property name="retryIteration" value="0" />
                      <property name="repeatIteration" value="0" />
                    </properties>
                  </test-case>
                  <test-case id="1369" name="Dispose_CalledTwice_DoesNotThrow" fullname="Hidano.FacialControl.Tests.EditMode.Adapters.AnimationClipCacheTests.Dispose_CalledTwice_DoesNotThrow" methodname="Dispose_CalledTwice_DoesNotThrow" classname="Hidano.FacialControl.Tests.EditMode.Adapters.AnimationClipCacheTests" runstate="Runnable" seed="864704882" result="Passed" start-time="2026-02-03 08:46:06Z" end-time="2026-02-03 08:46:06Z" duration="0.000197" asserts="0">
                    <properties>
                      <property name="retryIteration" value="0" />
                      <property name="repeatIteration" value="0" />
                    </properties>
                  </test-case>
                  <test-case id="1368" name="Dispose_DoesNotThrow" fullname="Hidano.FacialControl.Tests.EditMode.Adapters.AnimationClipCacheTests.Dispose_DoesNotThrow" methodname="Dispose_DoesNotThrow" classname="Hidano.FacialControl.Tests.EditMode.Adapters.AnimationClipCacheTests" runstate="Runnable" seed="433565749" result="Passed" start-time="2026-02-03 08:46:06Z" end-time="2026-02-03 08:46:06Z" duration="0.000241" asserts="0">
                    <properties>
                      <property name="retryIteration" value="0" />
                      <property name="repeatIteration" value="0" />
                    </properties>
                  </test-case>
                  <test-case id="1362" name="GetOrCreate_AccessRefreshesLru_EvictsCorrectEntry" fullname="Hidano.FacialControl.Tests.EditMode.Adapters.AnimationClipCacheTests.GetOrCreate_AccessRefreshesLru_EvictsCorrectEntry" methodname="GetOrCreate_AccessRefreshesLru_EvictsCorrectEntry" classname="Hidano.FacialControl.Tests.EditMode.Adapters.AnimationClipCacheTests" runstate="Runnable" seed="1630598607" result="Passed" start-time="2026-02-03 08:46:06Z" end-time="2026-02-03 08:46:06Z" duration="0.000339" asserts="0">
                    <properties>
                      <property name="retryIteration" value="0" />
                      <property name="repeatIteration" value="0" />
                    </properties>
                  </test-case>
                  <test-case id="1360" name="GetOrCreate_CacheHit_DoesNotIncrementCount" fullname="Hidano.FacialControl.Tests.EditMode.Adapters.AnimationClipCacheTests.GetOrCreate_CacheHit_DoesNotIncrementCount" methodname="GetOrCreate_CacheHit_DoesNotIncrementCount" classname="Hidano.FacialControl.Tests.EditMode.Adapters.AnimationClipCacheTests" runstate="Runnable" seed="2007278387" result="Passed" start-time="2026-02-03 08:46:06Z" end-time="2026-02-03 08:46:06Z" duration="0.000208" asserts="0">
                    <properties>
                      <property name="retryIteration" value="0" />
                      <property name="repeatIteration" value="0" />
                    </properties>
                  </test-case>
                  <test-case id="1357" name="GetOrCreate_CacheMiss_IncrementsCount" fullname="Hidano.FacialControl.Tests.EditMode.Adapters.AnimationClipCacheTests.GetOrCreate_CacheMiss_IncrementsCount" methodname="GetOrCreate_CacheMiss_IncrementsCount" classname="Hidano.FacialControl.Tests.EditMode.Adapters.AnimationClipCacheTests" runstate="Runnable" seed="1050281845" result="Passed" start-time="2026-02-03 08:46:06Z" end-time="2026-02-03 08:46:06Z" duration="0.000195" asserts="0">
                    <properties>
                      <property name="retryIteration" value="0" />
                      <property name="repeatIteration" value="0" />
                    </properties>
                  </test-case>
                  <test-case id="1363" name="GetOrCreate_CapacityOne_AlwaysReplacesEntry" fullname="Hidano.FacialControl.Tests.EditMode.Adapters.AnimationClipCacheTests.GetOrCreate_CapacityOne_AlwaysReplacesEntry" methodname="GetOrCreate_CapacityOne_AlwaysReplacesEntry" classname="Hidano.FacialControl.Tests.EditMode.Adapters.AnimationClipCacheTests" runstate="Runnable" seed="1110085741" result="Passed" start-time="2026-02-03 08:46:06Z" end-time="2026-02-03 08:46:06Z" duration="0.000239" asserts="0">
                    <properties>
                      <property name="retryIteration" value="0" />
                      <property name="repeatIteration" value="0" />
                    </properties>
                  </test-case>
                  <test-case id="1358" name="GetOrCreate_DifferentIds_CreatesSeparateEntries" fullname="Hidano.FacialControl.Tests.EditMode.Adapters.AnimationClipCacheTests.GetOrCreate_DifferentIds_CreatesSeparateEntries" methodname="GetOrCreate_DifferentIds_CreatesSeparateEntries" classname="Hidano.FacialControl.Tests.EditMode.Adapters.AnimationClipCacheTests" runstate="Runnable" seed="655455022" result="Passed" start-time="2026-02-03 08:46:06Z" end-time="2026-02-03 08:46:06Z" duration="0.000245" asserts="0">
                    <properties>
                      <property name="retryIteration" value="0" />
                      <property name="repeatIteration" value="0" />
                    </properties>
                  </test-case>
                  <test-case id="1364" name="GetOrCreate_EmptyBlendShapeValues_ReturnsClip" fullname="Hidano.FacialControl.Tests.EditMode.Adapters.AnimationClipCacheTests.GetOrCreate_EmptyBlendShapeValues_ReturnsClip" methodname="GetOrCreate_EmptyBlendShapeValues_ReturnsClip" classname="Hidano.FacialControl.Tests.EditMode.Adapters.AnimationClipCacheTests" runstate="Runnable" seed="80024473" result="Passed" start-time="2026-02-03 08:46:06Z" end-time="2026-02-03 08:46:06Z" duration="0.000449" asserts="0">
                    <properties>
                      <property name="retryIteration" value="0" />
                      <property name="repeatIteration" value="0" />
                    </properties>
                  </test-case>
                  <test-case id="1361" name="GetOrCreate_ExceedsCapacity_EvictsLeastRecentlyUsed" fullname="Hidano.FacialControl.Tests.EditMode.Adapters.AnimationClipCacheTests.GetOrCreate_ExceedsCapacity_EvictsLeastRecentlyUsed" methodname="GetOrCreate_ExceedsCapacity_EvictsLeastRecentlyUsed" classname="Hidano.FacialControl.Tests.EditMode.Adapters.AnimationClipCacheTests" runstate="Runnable" seed="603861881" result="Passed" start-time="2026-02-03 08:46:06Z" end-time="2026-02-03 08:46:06Z" duration="0.000241" asserts="0">
                    <properties>
                      <property name="retryIteration" value="0" />
                      <property name="repeatIteration" value="0" />
                    </properties>
                  </test-case>
                  <test-case id="1356" name="GetOrCreate_FirstCall_ReturnsNonNullAnimationClip" fullname="Hidano.FacialControl.Tests.EditMode.Adapters.AnimationClipCacheTests.GetOrCreate_FirstCall_ReturnsNonNullAnimationClip" methodname="GetOrCreate_FirstCall_ReturnsNonNullAnimationClip" classname="Hidano.FacialControl.Tests.EditMode.Adapters.AnimationClipCacheTests" runstate="Runnable" seed="1029728344" result="Passed" start-time="2026-02-03 08:46:06Z" end-time="2026-02-03 08:46:06Z" duration="0.000423" asserts="0">
                    <properties>
                      <property name="retryIteration" value="0" />
                      <property name="repeatIteration" value="0" />
                    </properties>
                  </test-case>
                  <test-case id="1371" name="GetOrCreate_NullBlendShapeValues_ThrowsArgumentNullException" fullname="Hidano.FacialControl.Tests.EditMode.Adapters.AnimationClipCacheTests.GetOrCreate_NullBlendShapeValues_ThrowsArgumentNullException" methodname="GetOrCreate_NullBlendShapeValues_ThrowsArgumentNullException" classname="Hidano.FacialControl.Tests.EditMode.Adapters.AnimationClipCacheTests" runstate="Runnable" seed="1423882014" result="Passed" start-time="2026-02-03 08:46:06Z" end-time="2026-02-03 08:46:06Z" duration="0.000246" asserts="0">
                    <properties>
                      <property name="retryIteration" value="0" />
                      <property name="repeatIteration" value="0" />
                    </properties>
                  </test-case>
                  <test-case id="1370" name="GetOrCreate_NullExpressionId_ThrowsArgumentNullException" fullname="Hidano.FacialControl.Tests.EditMode.Adapters.AnimationClipCacheTests.GetOrCreate_NullExpressionId_ThrowsArgumentNullException" methodname="GetOrCreate_NullExpressionId_ThrowsArgumentNullException" classname="Hidano.FacialControl.Tests.EditMode.Adapters.AnimationClipCacheTests" runstate="Runnable" seed="876481736" result="Passed" start-time="2026-02-03 08:46:06Z" end-time="2026-02-03 08:46:06Z" duration="0.000239" asserts="0">
                    <properties>
                      <property name="retryIteration" value="0" />
                      <property name="repeatIteration" value="0" />
                    </properties>
                  </test-case>
                  <test-case id="1359" name="GetOrCreate_SameId_ReturnsCachedClip" fullname="Hidano.FacialControl.Tests.EditMode.Adapters.AnimationClipCacheTests.GetOrCreate_SameId_ReturnsCachedClip" methodname="GetOrCreate_SameId_ReturnsCachedClip" classname="Hidano.FacialControl.Tests.EditMode.Adapters.AnimationClipCacheTests" runstate="Runnable" seed="284628609" result="Passed" start-time="2026-02-03 08:46:06Z" end-time="2026-02-03 08:46:06Z" duration="0.000290" asserts="0">
                    <properties>
                      <property name="retryIteration" value="0" />
                      <property name="repeatIteration" value="0" />
                    </properties>
                  </test-case>
                </test-suite>
                <test-suite type="TestFixture" id="1375" name="FacialProfileMapperTests" fullname="Hidano.FacialControl.Tests.EditMode.Adapters.FacialProfileMapperTests" classname="Hidano.FacialControl.Tests.EditMode.Adapters.FacialProfileMapperTests" runstate="Runnable" testcasecount="24" result="Passed" start-time="2026-02-03 08:46:06Z" end-time="2026-02-03 08:46:06Z" duration="0.013089" total="24" passed="24" failed="0" inconclusive="0" skipped="0" asserts="0">
                  <properties />
                  <test-case id="1376" name="Constructor_NullRepository_ThrowsArgumentNullException" fullname="Hidano.FacialControl.Tests.EditMode.Adapters.FacialProfileMapperTests.Constructor_NullRepository_ThrowsArgumentNullException" methodname="Constructor_NullRepository_ThrowsArgumentNullException" classname="Hidano.FacialControl.Tests.EditMode.Adapters.FacialProfileMapperTests" runstate="Runnable" seed="537416363" result="Passed" start-time="2026-02-03 08:46:06Z" end-time="2026-02-03 08:46:06Z" duration="0.000723" asserts="0">
                    <properties>
                      <property name="retryIteration" value="0" />
                      <property name="repeatIteration" value="0" />
                    </properties>
                  </test-case>
                  <test-case id="1377" name="Constructor_ValidRepository_CreatesInstance" fullname="Hidano.FacialControl.Tests.EditMode.Adapters.FacialProfileMapperTests.Constructor_ValidRepository_CreatesInstance" methodname="Constructor_ValidRepository_CreatesInstance" classname="Hidano.FacialControl.Tests.EditMode.Adapters.FacialProfileMapperTests" runstate="Runnable" seed="821005611" result="Passed" start-time="2026-02-03 08:46:06Z" end-time="2026-02-03 08:46:06Z" duration="0.000172" asserts="0">
                    <properties>
                      <property name="retryIteration" value="0" />
                      <property name="repeatIteration" value="0" />
                    </properties>
                  </test-case>
                  <test-case id="1393" name="LoadAndUpdateSO_InvalidPath_ThrowsArgumentException" fullname="Hidano.FacialControl.Tests.EditMode.Adapters.FacialProfileMapperTests.LoadAndUpdateSO_InvalidPath_ThrowsArgumentException" methodname="LoadAndUpdateSO_InvalidPath_ThrowsArgumentException" classname="Hidano.FacialControl.Tests.EditMode.Adapters.FacialProfileMapperTests" runstate="Runnable" seed="123287371" result="Passed" start-time="2026-02-03 08:46:06Z" end-time="2026-02-03 08:46:06Z" duration="0.000598" asserts="0">
                    <properties>
                      <property name="retryIteration" value="0" />
                      <property name="repeatIteration" value="0" />
                    </properties>
                  </test-case>
                  <test-case id="1392" name="LoadAndUpdateSO_NullSO_ThrowsArgumentNullException" fullname="Hidano.FacialControl.Tests.EditMode.Adapters.FacialProfileMapperTests.LoadAndUpdateSO_NullSO_ThrowsArgumentNullException" methodname="LoadAndUpdateSO_NullSO_ThrowsArgumentNullException" classname="Hidano.FacialControl.Tests.EditMode.Adapters.FacialProfileMapperTests" runstate="Runnable" seed="149922490" result="Passed" start-time="2026-02-03 08:46:06Z" end-time="2026-02-03 08:46:06Z" duration="0.000283" asserts="0">
                    <properties>
                      <property name="retryIteration" value="0" />
                      <property name="repeatIteration" value="0" />
                    </properties>
                  </test-case>
                  <test-case id="1394" name="LoadAndUpdateSO_RepositoryThrows_PropagatesException" fullname="Hidano.FacialControl.Tests.EditMode.Adapters.FacialProfileMapperTests.LoadAndUpdateSO_RepositoryThrows_PropagatesException" methodname="LoadAndUpdateSO_RepositoryThrows_PropagatesException" classname="Hidano.FacialControl.Tests.EditMode.Adapters.FacialProfileMapperTests" runstate="Runnable" seed="2026403920" result="Passed" start-time="2026-02-03 08:46:06Z" end-time="2026-02-03 08:46:06Z" duration="0.000485" asserts="0">
                    <properties>
                      <property name="retryIteration" value="0" />
                      <property name="repeatIteration" value="0" />
                    </properties>
                  </test-case>
                  <test-case id="1391" name="LoadAndUpdateSO_ValidSO_LoadsAndUpdates" fullname="Hidano.FacialControl.Tests.EditMode.Adapters.FacialProfileMapperTests.LoadAndUpdateSO_ValidSO_LoadsAndUpdates" methodname="LoadAndUpdateSO_ValidSO_LoadsAndUpdates" classname="Hidano.FacialControl.Tests.EditMode.Adapters.FacialProfileMapperTests" runstate="Runnable" seed="1165443027" result="Passed" start-time="2026-02-03 08:46:06Z" end-time="2026-02-03 08:46:06Z" duration="0.001272" asserts="0">
                    <properties>
                      <property name="retryIteration" value="0" />
                      <property name="repeatIteration" value="0" />
                    </properties>
                  </test-case>
                  <test-case id="1399" name="SaveFromSO_EmptyJsonFilePath_ThrowsArgumentException" fullname="Hidano.FacialControl.Tests.EditMode.Adapters.FacialProfileMapperTests.SaveFromSO_EmptyJsonFilePath_ThrowsArgumentException" methodname="SaveFromSO_EmptyJsonFilePath_ThrowsArgumentException" classname="Hidano.FacialControl.Tests.EditMode.Adapters.FacialProfileMapperTests" runstate="Runnable" seed="408333214" result="Passed" start-time="2026-02-03 08:46:06Z" end-time="2026-02-03 08:46:06Z" duration="0.000385" asserts="0">
                    <properties>
                      <property name="retryIteration" value="0" />
                      <property name="repeatIteration" value="0" />
                    </properties>
                  </test-case>
                  <test-case id="1398" name="SaveFromSO_NullJsonFilePath_ThrowsArgumentException" fullname="Hidano.FacialControl.Tests.EditMode.Adapters.FacialProfileMapperTests.SaveFromSO_NullJsonFilePath_ThrowsArgumentException" methodname="SaveFromSO_NullJsonFilePath_ThrowsArgumentException" classname="Hidano.FacialControl.Tests.EditMode.Adapters.FacialProfileMapperTests" runstate="Runnable" seed="1127196496" result="Passed" start-time="2026-02-03 08:46:06Z" end-time="2026-02-03 08:46:06Z" duration="0.000297" asserts="0">
                    <properties>
                      <property name="retryIteration" value="0" />
                      <property name="repeatIteration" value="0" />
                    </properties>
                  </test-case>
                  <test-case id="1397" name="SaveFromSO_NullSO_ThrowsArgumentNullException" fullname="Hidano.FacialControl.Tests.EditMode.Adapters.FacialProfileMapperTests.SaveFromSO_NullSO_ThrowsArgumentNullException" methodname="SaveFromSO_NullSO_ThrowsArgumentNullException" classname="Hidano.FacialControl.Tests.EditMode.Adapters.FacialProfileMapperTests" runstate="Runnable" seed="811755623" result="Passed" start-time="2026-02-03 08:46:06Z" end-time="2026-02-03 08:46:06Z" duration="0.000260" asserts="0">
                    <properties>
                      <property name="retryIteration" value="0" />
                      <property name="repeatIteration" value="0" />
                    </properties>
                  </test-case>
                  <test-case id="1395" name="SaveFromSO_ValidArgs_SavesProfileToPath" fullname="Hidano.FacialControl.Tests.EditMode.Adapters.FacialProfileMapperTests.SaveFromSO_ValidArgs_SavesProfileToPath" methodname="SaveFromSO_ValidArgs_SavesProfileToPath" classname="Hidano.FacialControl.Tests.EditMode.Adapters.FacialProfileMapperTests" runstate="Runnable" seed="1724278428" result="Passed" start-time="2026-02-03 08:46:06Z" end-time="2026-02-03 08:46:06Z" duration="0.000391" asserts="0">
                    <properties>
                      <property name="retryIteration" value="0" />
                      <property name="repeatIteration" value="0" />
                    </properties>
                  </test-case>
                  <test-case id="1396" name="SaveFromSO_ValidArgs_UpdatesSOFields" fullname="Hidano.FacialControl.Tests.EditMode.Adapters.FacialProfileMapperTests.SaveFromSO_ValidArgs_UpdatesSOFields" methodname="SaveFromSO_ValidArgs_UpdatesSOFields" classname="Hidano.FacialControl.Tests.EditMode.Adapters.FacialProfileMapperTests" runstate="Runnable" seed="687174380" result="Passed" start-time="2026-02-03 08:46:06Z" end-time="2026-02-03 08:46:06Z" duration="0.000236" asserts="0">
                    <properties>
                      <property name="retryIteration" value="0" />
                      <property name="repeatIteration" value="0" />
                    </properties>
                  </test-case>
                  <test-case id="1382" name="ToProfile_EmptyJsonFilePath_ThrowsArgumentException" fullname="Hidano.FacialControl.Tests.EditMode.Adapters.FacialProfileMapperTests.ToProfile_EmptyJsonFilePath_ThrowsArgumentException" methodname="ToProfile_EmptyJsonFilePath_ThrowsArgumentException" classname="Hidano.FacialControl.Tests.EditMode.Adapters.FacialProfileMapperTests" runstate="Runnable" seed="1947226668" result="Passed" start-time="2026-02-03 08:46:06Z" end-time="2026-02-03 08:46:06Z" duration="0.000296" asserts="0">
                    <properties>
                      <property name="retryIteration" value="0" />
                      <property name="repeatIteration" value="0" />
                    </properties>
                  </test-case>
                  <test-case id="1381" name="ToProfile_NullJsonFilePath_ThrowsArgumentException" fullname="Hidano.FacialControl.Tests.EditMode.Adapters.FacialProfileMapperTests.ToProfile_NullJsonFilePath_ThrowsArgumentException" methodname="ToProfile_NullJsonFilePath_ThrowsArgumentException" classname="Hidano.FacialControl.Tests.EditMode.Adapters.FacialProfileMapperTests" runstate="Runnable" seed="1137519291" result="Passed" start-time="2026-02-03 08:46:06Z" end-time="2026-02-03 08:46:06Z" duration="0.000273" asserts="0">
                    <properties>
                      <property name="retryIteration" value="0" />
                      <property name="repeatIteration" value="0" />
                    </properties>
                  </test-case>
                  <test-case id="1380" name="ToProfile_NullSO_ThrowsArgumentNullException" fullname="Hidano.FacialControl.Tests.EditMode.Adapters.FacialProfileMapperTests.ToProfile_NullSO_ThrowsArgumentNullException" methodname="ToProfile_NullSO_ThrowsArgumentNullException" classname="Hidano.FacialControl.Tests.EditMode.Adapters.FacialProfileMapperTests" runstate="Runnable" seed="1942725553" result="Passed" start-time="2026-02-03 08:46:06Z" end-time="2026-02-03 08:46:06Z" duration="0.000218" asserts="0">
                    <properties>
                      <property name="retryIteration" value="0" />
                      <property name="repeatIteration" value="0" />
                    </properties>
                  </test-case>
                  <test-case id="1384" name="ToProfile_RepositoryThrows_PropagatesException" fullname="Hidano.FacialControl.Tests.EditMode.Adapters.FacialProfileMapperTests.ToProfile_RepositoryThrows_PropagatesException" methodname="ToProfile_RepositoryThrows_PropagatesException" classname="Hidano.FacialControl.Tests.EditMode.Adapters.FacialProfileMapperTests" runstate="Runnable" seed="13423213" result="Passed" start-time="2026-02-03 08:46:06Z" end-time="2026-02-03 08:46:06Z" duration="0.000313" asserts="0">
                    <properties>
                      <property name="retryIteration" value="0" />
                      <property name="repeatIteration" value="0" />
                    </properties>
                  </test-case>
                  <test-case id="1379" name="ToProfile_ValidSO_PassesJsonFilePathToRepository" fullname="Hidano.FacialControl.Tests.EditMode.Adapters.FacialProfileMapperTests.ToProfile_ValidSO_PassesJsonFilePathToRepository" methodname="ToProfile_ValidSO_PassesJsonFilePathToRepository" classname="Hidano.FacialControl.Tests.EditMode.Adapters.FacialProfileMapperTests" runstate="Runnable" seed="1801675426" result="Passed" start-time="2026-02-03 08:46:06Z" end-time="2026-02-03 08:46:06Z" duration="0.000306" asserts="0">
                    <properties>
                      <property name="retryIteration" value="0" />
                      <property name="repeatIteration" value="0" />
                    </properties>
                  </test-case>
                  <test-case id="1378" name="ToProfile_ValidSO_ReturnsProfile" fullname="Hidano.FacialControl.Tests.EditMode.Adapters.FacialProfileMapperTests.ToProfile_ValidSO_ReturnsProfile" methodname="ToProfile_ValidSO_ReturnsProfile" classname="Hidano.FacialControl.Tests.EditMode.Adapters.FacialProfileMapperTests" runstate="Runnable" seed="1933946429" result="Passed" start-time="2026-02-03 08:46:06Z" end-time="2026-02-03 08:46:06Z" duration="0.000315" asserts="0">
                    <properties>
                      <property name="retryIteration" value="0" />
                      <property name="repeatIteration" value="0" />
                    </properties>
                  </test-case>
                  <test-case id="1383" name="ToProfile_WhitespaceJsonFilePath_ThrowsArgumentException" fullname="Hidano.FacialControl.Tests.EditMode.Adapters.FacialProfileMapperTests.ToProfile_WhitespaceJsonFilePath_ThrowsArgumentException" methodname="ToProfile_WhitespaceJsonFilePath_ThrowsArgumentException" classname="Hidano.FacialControl.Tests.EditMode.Adapters.FacialProfileMapperTests" runstate="Runnable" seed="1695118981" result="Passed" start-time="2026-02-03 08:46:06Z" end-time="2026-02-03 08:46:06Z" duration="0.000325" asserts="0">
                    <properties>
                      <property name="retryIteration" value="0" />
                      <property name="repeatIteration" value="0" />
                    </properties>
                  </test-case>
                  <test-case id="1390" name="UpdateSO_DoesNotModifyJsonFilePath" fullname="Hidano.FacialControl.Tests.EditMode.Adapters.FacialProfileMapperTests.UpdateSO_DoesNotModifyJsonFilePath" methodname="UpdateSO_DoesNotModifyJsonFilePath" classname="Hidano.FacialControl.Tests.EditMode.Adapters.FacialProfileMapperTests" runstate="Runnable" seed="85680579" result="Passed" start-time="2026-02-03 08:46:06Z" end-time="2026-02-03 08:46:06Z" duration="0.000217" asserts="0">
                    <properties>
                      <property name="retryIteration" value="0" />
                      <property name="repeatIteration" value="0" />
                    </properties>
                  </test-case>
                  <test-case id="1388" name="UpdateSO_EmptyProfile_SetsZeroCounts" fullname="Hidano.FacialControl.Tests.EditMode.Adapters.FacialProfileMapperTests.UpdateSO_EmptyProfile_SetsZeroCounts" methodname="UpdateSO_EmptyProfile_SetsZeroCounts" classname="Hidano.FacialControl.Tests.EditMode.Adapters.FacialProfileMapperTests" runstate="Runnable" seed="676891435" result="Passed" start-time="2026-02-03 08:46:06Z" end-time="2026-02-03 08:46:06Z" duration="0.000216" asserts="0">
                    <properties>
                      <property name="retryIteration" value="0" />
                      <property name="repeatIteration" value="0" />
                    </properties>
                  </test-case>
                  <test-case id="1389" name="UpdateSO_NullSO_ThrowsArgumentNullException" fullname="Hidano.FacialControl.Tests.EditMode.Adapters.FacialProfileMapperTests.UpdateSO_NullSO_ThrowsArgumentNullException" methodname="UpdateSO_NullSO_ThrowsArgumentNullException" classname="Hidano.FacialControl.Tests.EditMode.Adapters.FacialProfileMapperTests" runstate="Runnable" seed="369141945" result="Passed" start-time="2026-02-03 08:46:06Z" end-time="2026-02-03 08:46:06Z" duration="0.000325" asserts="0">
                    <properties>
                      <property name="retryIteration" value="0" />
                      <property name="repeatIteration" value="0" />
                    </properties>
                  </test-case>
                  <test-case id="1387" name="UpdateSO_ValidProfile_UpdatesExpressionCount" fullname="Hidano.FacialControl.Tests.EditMode.Adapters.FacialProfileMapperTests.UpdateSO_ValidProfile_UpdatesExpressionCount" methodname="UpdateSO_ValidProfile_UpdatesExpressionCount" classname="Hidano.FacialControl.Tests.EditMode.Adapters.FacialProfileMapperTests" runstate="Runnable" seed="892356347" result="Passed" start-time="2026-02-03 08:46:06Z" end-time="2026-02-03 08:46:06Z" duration="0.000216" asserts="0">
                    <properties>
                      <property name="retryIteration" value="0" />
                      <property name="repeatIteration" value="0" />
                    </properties>
                  </test-case>
                  <test-case id="1386" name="UpdateSO_ValidProfile_UpdatesLayerCount" fullname="Hidano.FacialControl.Tests.EditMode.Adapters.FacialProfileMapperTests.UpdateSO_ValidProfile_UpdatesLayerCount" methodname="UpdateSO_ValidProfile_UpdatesLayerCount" classname="Hidano.FacialControl.Tests.EditMode.Adapters.FacialProfileMapperTests" runstate="Runnable" seed="704791086" result="Passed" start-time="2026-02-03 08:46:06Z" end-time="2026-02-03 08:46:06Z" duration="0.000220" asserts="0">
                    <properties>
                      <property name="retryIteration" value="0" />
                      <property name="repeatIteration" value="0" />
                    </properties>
                  </test-case>
                  <test-case id="1385" name="UpdateSO_ValidProfile_UpdatesSchemaVersion" fullname="Hidano.FacialControl.Tests.EditMode.Adapters.FacialProfileMapperTests.UpdateSO_ValidProfile_UpdatesSchemaVersion" methodname="UpdateSO_ValidProfile_UpdatesSchemaVersion" classname="Hidano.FacialControl.Tests.EditMode.Adapters.FacialProfileMapperTests" runstate="Runnable" seed="1635295924" result="Passed" start-time="2026-02-03 08:46:06Z" end-time="2026-02-03 08:46:06Z" duration="0.000208" asserts="0">
                    <properties>
                      <property name="retryIteration" value="0" />
                      <property name="repeatIteration" value="0" />
                    </properties>
                  </test-case>
                </test-suite>
                <test-suite type="TestFixture" id="1400" name="FileProfileRepositoryTests" fullname="Hidano.FacialControl.Tests.EditMode.Adapters.FileProfileRepositoryTests" classname="Hidano.FacialControl.Tests.EditMode.Adapters.FileProfileRepositoryTests" runstate="Runnable" testcasecount="21" result="Passed" start-time="2026-02-03 08:46:06Z" end-time="2026-02-03 08:46:06Z" duration="0.108976" total="21" passed="21" failed="0" inconclusive="0" skipped="0" asserts="0">
                  <properties />
                  <test-case id="1401" name="Constructor_NullParser_ThrowsArgumentNullException" fullname="Hidano.FacialControl.Tests.EditMode.Adapters.FileProfileRepositoryTests.Constructor_NullParser_ThrowsArgumentNullException" methodname="Constructor_NullParser_ThrowsArgumentNullException" classname="Hidano.FacialControl.Tests.EditMode.Adapters.FileProfileRepositoryTests" runstate="Runnable" seed="465009971" result="Passed" start-time="2026-02-03 08:46:06Z" end-time="2026-02-03 08:46:06Z" duration="0.004411" asserts="0">
                    <properties>
                      <property name="retryIteration" value="0" />
                      <property name="repeatIteration" value="0" />
                    </properties>
                  </test-case>
                  <test-case id="1402" name="Constructor_ValidParser_CreatesInstance" fullname="Hidano.FacialControl.Tests.EditMode.Adapters.FileProfileRepositoryTests.Constructor_ValidParser_CreatesInstance" methodname="Constructor_ValidParser_CreatesInstance" classname="Hidano.FacialControl.Tests.EditMode.Adapters.FileProfileRepositoryTests" runstate="Runnable" seed="1878552655" result="Passed" start-time="2026-02-03 08:46:06Z" end-time="2026-02-03 08:46:06Z" duration="0.000672" asserts="0">
                    <properties>
                      <property name="retryIteration" value="0" />
                      <property name="repeatIteration" value="0" />
                    </properties>
                  </test-case>
                  <test-case id="1405" name="LoadProfile_EmptyPath_ThrowsArgumentException" fullname="Hidano.FacialControl.Tests.EditMode.Adapters.FileProfileRepositoryTests.LoadProfile_EmptyPath_ThrowsArgumentException" methodname="LoadProfile_EmptyPath_ThrowsArgumentException" classname="Hidano.FacialControl.Tests.EditMode.Adapters.FileProfileRepositoryTests" runstate="Runnable" seed="775785224" result="Passed" start-time="2026-02-03 08:46:06Z" end-time="2026-02-03 08:46:06Z" duration="0.000827" asserts="0">
                    <properties>
                      <property name="retryIteration" value="0" />
                      <property name="repeatIteration" value="0" />
                    </properties>
                  </test-case>
                  <test-case id="1411" name="LoadProfile_JapaneseFilePath_ReadsCorrectly" fullname="Hidano.FacialControl.Tests.EditMode.Adapters.FileProfileRepositoryTests.LoadProfile_JapaneseFilePath_ReadsCorrectly" methodname="LoadProfile_JapaneseFilePath_ReadsCorrectly" classname="Hidano.FacialControl.Tests.EditMode.Adapters.FileProfileRepositoryTests" runstate="Runnable" seed="1502287131" result="Passed" start-time="2026-02-03 08:46:06Z" end-time="2026-02-03 08:46:06Z" duration="0.005530" asserts="0">
                    <properties>
                      <property name="retryIteration" value="0" />
                      <property name="repeatIteration" value="0" />
                    </properties>
                  </test-case>
                  <test-case id="1407" name="LoadProfile_NonExistentFile_ThrowsFileNotFoundException" fullname="Hidano.FacialControl.Tests.EditMode.Adapters.FileProfileRepositoryTests.LoadProfile_NonExistentFile_ThrowsFileNotFoundException" methodname="LoadProfile_NonExistentFile_ThrowsFileNotFoundException" classname="Hidano.FacialControl.Tests.EditMode.Adapters.FileProfileRepositoryTests" runstate="Runnable" seed="1807429033" result="Passed" start-time="2026-02-03 08:46:06Z" end-time="2026-02-03 08:46:06Z" duration="0.000769" asserts="0">
                    <properties>
                      <property name="retryIteration" value="0" />
                      <property name="repeatIteration" value="0" />
                    </properties>
                  </test-case>
                  <test-case id="1404" name="LoadProfile_NullPath_ThrowsArgumentNullException" fullname="Hidano.FacialControl.Tests.EditMode.Adapters.FileProfileRepositoryTests.LoadProfile_NullPath_ThrowsArgumentNullException" methodname="LoadProfile_NullPath_ThrowsArgumentNullException" classname="Hidano.FacialControl.Tests.EditMode.Adapters.FileProfileRepositoryTests" runstate="Runnable" seed="1081947733" result="Passed" start-time="2026-02-03 08:46:06Z" end-time="2026-02-03 08:46:06Z" duration="0.000675" asserts="0">
                    <properties>
                      <property name="retryIteration" value="0" />
                      <property name="repeatIteration" value="0" />
                    </properties>
                  </test-case>
                  <test-case id="1409" name="LoadProfile_ParserThrows_PropagatesException" fullname="Hidano.FacialControl.Tests.EditMode.Adapters.FileProfileRepositoryTests.LoadProfile_ParserThrows_PropagatesException" methodname="LoadProfile_ParserThrows_PropagatesException" classname="Hidano.FacialControl.Tests.EditMode.Adapters.FileProfileRepositoryTests" runstate="Runnable" seed="1425520875" result="Passed" start-time="2026-02-03 08:46:06Z" end-time="2026-02-03 08:46:06Z" duration="0.008544" asserts="0">
                    <properties>
                      <property name="retryIteration" value="0" />
                      <property name="repeatIteration" value="0" />
                    </properties>
                  </test-case>
                  <test-case id="1408" name="LoadProfile_PassesFileContentToParser" fullname="Hidano.FacialControl.Tests.EditMode.Adapters.FileProfileRepositoryTests.LoadProfile_PassesFileContentToParser" methodname="LoadProfile_PassesFileContentToParser" classname="Hidano.FacialControl.Tests.EditMode.Adapters.FileProfileRepositoryTests" runstate="Runnable" seed="597511060" result="Passed" start-time="2026-02-03 08:46:06Z" end-time="2026-02-03 08:46:06Z" duration="0.002259" asserts="0">
                    <properties>
                      <property name="retryIteration" value="0" />
                      <property name="repeatIteration" value="0" />
                    </properties>
                  </test-case>
                  <test-case id="1410" name="LoadProfile_Utf8Content_ReadsCorrectly" fullname="Hidano.FacialControl.Tests.EditMode.Adapters.FileProfileRepositoryTests.LoadProfile_Utf8Content_ReadsCorrectly" methodname="LoadProfile_Utf8Content_ReadsCorrectly" classname="Hidano.FacialControl.Tests.EditMode.Adapters.FileProfileRepositoryTests" runstate="Runnable" seed="768555241" result="Passed" start-time="2026-02-03 08:46:06Z" end-time="2026-02-03 08:46:06Z" duration="0.003104" asserts="0">
                    <properties>
                      <property name="retryIteration" value="0" />
                      <property name="repeatIteration" value="0" />
                    </properties>
                  </test-case>
                  <test-case id="1403" name="LoadProfile_ValidFile_ReturnsProfile" fullname="Hidano.FacialControl.Tests.EditMode.Adapters.FileProfileRepositoryTests.LoadProfile_ValidFile_ReturnsProfile" methodname="LoadProfile_ValidFile_ReturnsProfile" classname="Hidano.FacialControl.Tests.EditMode.Adapters.FileProfileRepositoryTests" runstate="Runnable" seed="658220756" result="Passed" start-time="2026-02-03 08:46:06Z" end-time="2026-02-03 08:46:06Z" duration="0.002148" asserts="0">
                    <properties>
                      <property name="retryIteration" value="0" />
                      <property name="repeatIteration" value="0" />
                    </properties>
                  </test-case>
                  <test-case id="1406" name="LoadProfile_WhitespacePath_ThrowsArgumentException" fullname="Hidano.FacialControl.Tests.EditMode.Adapters.FileProfileRepositoryTests.LoadProfile_WhitespacePath_ThrowsArgumentException" methodname="LoadProfile_WhitespacePath_ThrowsArgumentException" classname="Hidano.FacialControl.Tests.EditMode.Adapters.FileProfileRepositoryTests" runstate="Runnable" seed="1950221355" result="Passed" start-time="2026-02-03 08:46:06Z" end-time="2026-02-03 08:46:06Z" duration="0.000763" asserts="0">
                    <properties>
                      <property name="retryIteration" value="0" />
                      <property name="repeatIteration" value="0" />
                    </properties>
                  </test-case>
                  <test-case id="1421" name="RoundTrip_SaveThenLoad_PreservesProfile" fullname="Hidano.FacialControl.Tests.EditMode.Adapters.FileProfileRepositoryTests.RoundTrip_SaveThenLoad_PreservesProfile" methodname="RoundTrip_SaveThenLoad_PreservesProfile" classname="Hidano.FacialControl.Tests.EditMode.Adapters.FileProfileRepositoryTests" runstate="Runnable" seed="747458199" result="Passed" start-time="2026-02-03 08:46:06Z" end-time="2026-02-03 08:46:06Z" duration="0.011116" asserts="0">
                    <properties>
                      <property name="retryIteration" value="0" />
                      <property name="repeatIteration" value="0" />
                    </properties>
                  </test-case>
                  <test-case id="1416" name="SaveProfile_CreatesParentDirectories" fullname="Hidano.FacialControl.Tests.EditMode.Adapters.FileProfileRepositoryTests.SaveProfile_CreatesParentDirectories" methodname="SaveProfile_CreatesParentDirectories" classname="Hidano.FacialControl.Tests.EditMode.Adapters.FileProfileRepositoryTests" runstate="Runnable" seed="914340903" result="Passed" start-time="2026-02-03 08:46:06Z" end-time="2026-02-03 08:46:06Z" duration="0.005042" asserts="0">
                    <properties>
                      <property name="retryIteration" value="0" />
                      <property name="repeatIteration" value="0" />
                    </properties>
                  </test-case>
                  <test-case id="1414" name="SaveProfile_EmptyPath_ThrowsArgumentException" fullname="Hidano.FacialControl.Tests.EditMode.Adapters.FileProfileRepositoryTests.SaveProfile_EmptyPath_ThrowsArgumentException" methodname="SaveProfile_EmptyPath_ThrowsArgumentException" classname="Hidano.FacialControl.Tests.EditMode.Adapters.FileProfileRepositoryTests" runstate="Runnable" seed="1448273990" result="Passed" start-time="2026-02-03 08:46:06Z" end-time="2026-02-03 08:46:06Z" duration="0.003753" asserts="0">
                    <properties>
                      <property name="retryIteration" value="0" />
                      <property name="repeatIteration" value="0" />
                    </properties>
                  </test-case>
                  <test-case id="1420" name="SaveProfile_JapaneseFilePath_WritesCorrectly" fullname="Hidano.FacialControl.Tests.EditMode.Adapters.FileProfileRepositoryTests.SaveProfile_JapaneseFilePath_WritesCorrectly" methodname="SaveProfile_JapaneseFilePath_WritesCorrectly" classname="Hidano.FacialControl.Tests.EditMode.Adapters.FileProfileRepositoryTests" runstate="Runnable" seed="259365184" result="Passed" start-time="2026-02-03 08:46:06Z" end-time="2026-02-03 08:46:06Z" duration="0.003624" asserts="0">
                    <properties>
                      <property name="retryIteration" value="0" />
                      <property name="repeatIteration" value="0" />
                    </properties>
                  </test-case>
                  <test-case id="1413" name="SaveProfile_NullPath_ThrowsArgumentNullException" fullname="Hidano.FacialControl.Tests.EditMode.Adapters.FileProfileRepositoryTests.SaveProfile_NullPath_ThrowsArgumentNullException" methodname="SaveProfile_NullPath_ThrowsArgumentNullException" classname="Hidano.FacialControl.Tests.EditMode.Adapters.FileProfileRepositoryTests" runstate="Runnable" seed="942568017" result="Passed" start-time="2026-02-03 08:46:06Z" end-time="2026-02-03 08:46:06Z" duration="0.002075" asserts="0">
                    <properties>
                      <property name="retryIteration" value="0" />
                      <property name="repeatIteration" value="0" />
                    </properties>
                  </test-case>
                  <test-case id="1417" name="SaveProfile_OverwritesExistingFile" fullname="Hidano.FacialControl.Tests.EditMode.Adapters.FileProfileRepositoryTests.SaveProfile_OverwritesExistingFile" methodname="SaveProfile_OverwritesExistingFile" classname="Hidano.FacialControl.Tests.EditMode.Adapters.FileProfileRepositoryTests" runstate="Runnable" seed="939508082" result="Passed" start-time="2026-02-03 08:46:06Z" end-time="2026-02-03 08:46:06Z" duration="0.014743" asserts="0">
                    <properties>
                      <property name="retryIteration" value="0" />
                      <property name="repeatIteration" value="0" />
                    </properties>
                  </test-case>
                  <test-case id="1418" name="SaveProfile_SerializerThrows_PropagatesException" fullname="Hidano.FacialControl.Tests.EditMode.Adapters.FileProfileRepositoryTests.SaveProfile_SerializerThrows_PropagatesException" methodname="SaveProfile_SerializerThrows_PropagatesException" classname="Hidano.FacialControl.Tests.EditMode.Adapters.FileProfileRepositoryTests" runstate="Runnable" seed="1937903135" result="Passed" start-time="2026-02-03 08:46:06Z" end-time="2026-02-03 08:46:06Z" duration="0.002405" asserts="0">
                    <properties>
                      <property name="retryIteration" value="0" />
                      <property name="repeatIteration" value="0" />
                    </properties>
                  </test-case>
                  <test-case id="1419" name="SaveProfile_Utf8Encoding_WritesCorrectly" fullname="Hidano.FacialControl.Tests.EditMode.Adapters.FileProfileRepositoryTests.SaveProfile_Utf8Encoding_WritesCorrectly" methodname="SaveProfile_Utf8Encoding_WritesCorrectly" classname="Hidano.FacialControl.Tests.EditMode.Adapters.FileProfileRepositoryTests" runstate="Runnable" seed="342589449" result="Passed" start-time="2026-02-03 08:46:06Z" end-time="2026-02-03 08:46:06Z" duration="0.002573" asserts="0">
                    <properties>
                      <property name="retryIteration" value="0" />
                      <property name="repeatIteration" value="0" />
                    </properties>
                  </test-case>
                  <test-case id="1412" name="SaveProfile_ValidPathAndProfile_WritesFile" fullname="Hidano.FacialControl.Tests.EditMode.Adapters.FileProfileRepositoryTests.SaveProfile_ValidPathAndProfile_WritesFile" methodname="SaveProfile_ValidPathAndProfile_WritesFile" classname="Hidano.FacialControl.Tests.EditMode.Adapters.FileProfileRepositoryTests" runstate="Runnable" seed="807903866" result="Passed" start-time="2026-02-03 08:46:06Z" end-time="2026-02-03 08:46:06Z" duration="0.009128" asserts="0">
                    <properties>
                      <property name="retryIteration" value="0" />
                      <property name="repeatIteration" value="0" />
                    </properties>
                  </test-case>
                  <test-case id="1415" name="SaveProfile_WhitespacePath_ThrowsArgumentException" fullname="Hidano.FacialControl.Tests.EditMode.Adapters.FileProfileRepositoryTests.SaveProfile_WhitespacePath_ThrowsArgumentException" methodname="SaveProfile_WhitespacePath_ThrowsArgumentException" classname="Hidano.FacialControl.Tests.EditMode.Adapters.FileProfileRepositoryTests" runstate="Runnable" seed="1530030737" result="Passed" start-time="2026-02-03 08:46:06Z" end-time="2026-02-03 08:46:06Z" duration="0.001101" asserts="0">
                    <properties>
                      <property name="retryIteration" value="0" />
                      <property name="repeatIteration" value="0" />
                    </properties>
                  </test-case>
                </test-suite>
                <test-suite type="TestFixture" id="1422" name="NativeArrayPoolTests" fullname="Hidano.FacialControl.Tests.EditMode.Adapters.NativeArrayPoolTests" classname="Hidano.FacialControl.Tests.EditMode.Adapters.NativeArrayPoolTests" runstate="Runnable" testcasecount="18" result="Passed" start-time="2026-02-03 08:46:06Z" end-time="2026-02-03 08:46:06Z" duration="0.012560" total="18" passed="18" failed="0" inconclusive="0" skipped="0" asserts="0">
                  <properties />
                  <test-case id="1427" name="Allocate_AfterReturn_ReusesNativeArray" fullname="Hidano.FacialControl.Tests.EditMode.Adapters.NativeArrayPoolTests.Allocate_AfterReturn_ReusesNativeArray" methodname="Allocate_AfterReturn_ReusesNativeArray" classname="Hidano.FacialControl.Tests.EditMode.Adapters.NativeArrayPoolTests" runstate="Runnable" seed="1097857955" result="Passed" start-time="2026-02-03 08:46:06Z" end-time="2026-02-03 08:46:06Z" duration="0.003364" asserts="0">
                    <properties>
                      <property name="retryIteration" value="0" />
                      <property name="repeatIteration" value="0" />
                    </properties>
                  </test-case>
                  <test-case id="1425" name="Allocate_MultipleCalls_ReturnsDifferentInstances" fullname="Hidano.FacialControl.Tests.EditMode.Adapters.NativeArrayPoolTests.Allocate_MultipleCalls_ReturnsDifferentInstances" methodname="Allocate_MultipleCalls_ReturnsDifferentInstances" classname="Hidano.FacialControl.Tests.EditMode.Adapters.NativeArrayPoolTests" runstate="Runnable" seed="1429855225" result="Passed" start-time="2026-02-03 08:46:06Z" end-time="2026-02-03 08:46:06Z" duration="0.000577" asserts="0">
                    <properties>
                      <property name="retryIteration" value="0" />
                      <property name="repeatIteration" value="0" />
                    </properties>
                  </test-case>
                  <test-case id="1429" name="Allocate_MultipleReturnAndAllocate_ReusesCorrectly" fullname="Hidano.FacialControl.Tests.EditMode.Adapters.NativeArrayPoolTests.Allocate_MultipleReturnAndAllocate_ReusesCorrectly" methodname="Allocate_MultipleReturnAndAllocate_ReusesCorrectly" classname="Hidano.FacialControl.Tests.EditMode.Adapters.NativeArrayPoolTests" runstate="Runnable" seed="96492071" result="Passed" start-time="2026-02-03 08:46:06Z" end-time="2026-02-03 08:46:06Z" duration="0.000253" asserts="0">
                    <properties>
                      <property name="retryIteration" value="0" />
                      <property name="repeatIteration" value="0" />
                    </properties>
                  </test-case>
                  <test-case id="1426" name="Allocate_ReturnsZeroInitializedArray" fullname="Hidano.FacialControl.Tests.EditMode.Adapters.NativeArrayPoolTests.Allocate_ReturnsZeroInitializedArray" methodname="Allocate_ReturnsZeroInitializedArray" classname="Hidano.FacialControl.Tests.EditMode.Adapters.NativeArrayPoolTests" runstate="Runnable" seed="1241417608" result="Passed" start-time="2026-02-03 08:46:06Z" end-time="2026-02-03 08:46:06Z" duration="0.000211" asserts="0">
                    <properties>
                      <property name="retryIteration" value="0" />
                      <property name="repeatIteration" value="0" />
                    </properties>
                  </test-case>
                  <test-case id="1423" name="Allocate_ValidSize_ReturnsNativeArrayWithCorrectLength" fullname="Hidano.FacialControl.Tests.EditMode.Adapters.NativeArrayPoolTests.Allocate_ValidSize_ReturnsNativeArrayWithCorrectLength" methodname="Allocate_ValidSize_ReturnsNativeArrayWithCorrectLength" classname="Hidano.FacialControl.Tests.EditMode.Adapters.NativeArrayPoolTests" runstate="Runnable" seed="440590254" result="Passed" start-time="2026-02-03 08:46:06Z" end-time="2026-02-03 08:46:06Z" duration="0.000172" asserts="0">
                    <properties>
                      <property name="retryIteration" value="0" />
                      <property name="repeatIteration" value="0" />
                    </properties>
                  </test-case>
                  <test-case id="1424" name="Allocate_ZeroSize_ReturnsEmptyNativeArray" fullname="Hidano.FacialControl.Tests.EditMode.Adapters.NativeArrayPoolTests.Allocate_ZeroSize_ReturnsEmptyNativeArray" methodname="Allocate_ZeroSize_ReturnsEmptyNativeArray" classname="Hidano.FacialControl.Tests.EditMode.Adapters.NativeArrayPoolTests" runstate="Runnable" seed="619270436" result="Passed" start-time="2026-02-03 08:46:06Z" end-time="2026-02-03 08:46:06Z" duration="0.000164" asserts="0">
                    <properties>
                      <property name="retryIteration" value="0" />
                      <property name="repeatIteration" value="0" />
                    </properties>
                  </test-case>
                  <test-case id="1439" name="Constructor_NegativeSize_ThrowsArgumentOutOfRangeException" fullname="Hidano.FacialControl.Tests.EditMode.Adapters.NativeArrayPoolTests.Constructor_NegativeSize_ThrowsArgumentOutOfRangeException" methodname="Constructor_NegativeSize_ThrowsArgumentOutOfRangeException" classname="Hidano.FacialControl.Tests.EditMode.Adapters.NativeArrayPoolTests" runstate="Runnable" seed="2086762369" result="Passed" start-time="2026-02-03 08:46:06Z" end-time="2026-02-03 08:46:06Z" duration="0.000351" asserts="0">
                    <properties>
                      <property name="retryIteration" value="0" />
                      <property name="repeatIteration" value="0" />
                    </properties>
                  </test-case>
                  <test-case id="1435" name="Dispose_CalledTwice_DoesNotThrow" fullname="Hidano.FacialControl.Tests.EditMode.Adapters.NativeArrayPoolTests.Dispose_CalledTwice_DoesNotThrow" methodname="Dispose_CalledTwice_DoesNotThrow" classname="Hidano.FacialControl.Tests.EditMode.Adapters.NativeArrayPoolTests" runstate="Runnable" seed="1594968809" result="Passed" start-time="2026-02-03 08:46:06Z" end-time="2026-02-03 08:46:06Z" duration="0.000211" asserts="0">
                    <properties>
                      <property name="retryIteration" value="0" />
                      <property name="repeatIteration" value="0" />
                    </properties>
                  </test-case>
                  <test-case id="1434" name="Dispose_DoesNotThrow" fullname="Hidano.FacialControl.Tests.EditMode.Adapters.NativeArrayPoolTests.Dispose_DoesNotThrow" methodname="Dispose_DoesNotThrow" classname="Hidano.FacialControl.Tests.EditMode.Adapters.NativeArrayPoolTests" runstate="Runnable" seed="841612397" result="Passed" start-time="2026-02-03 08:46:06Z" end-time="2026-02-03 08:46:06Z" duration="0.000198" asserts="0">
                    <properties>
                      <property name="retryIteration" value="0" />
                      <property name="repeatIteration" value="0" />
                    </properties>
                  </test-case>
                  <test-case id="1436" name="Dispose_WithOutstandingAllocations_DoesNotThrow" fullname="Hidano.FacialControl.Tests.EditMode.Adapters.NativeArrayPoolTests.Dispose_WithOutstandingAllocations_DoesNotThrow" methodname="Dispose_WithOutstandingAllocations_DoesNotThrow" classname="Hidano.FacialControl.Tests.EditMode.Adapters.NativeArrayPoolTests" runstate="Runnable" seed="1351504261" result="Passed" start-time="2026-02-03 08:46:06Z" end-time="2026-02-03 08:46:06Z" duration="0.000175" asserts="0">
                    <properties>
                      <property name="retryIteration" value="0" />
                      <property name="repeatIteration" value="0" />
                    </properties>
                  </test-case>
                  <test-case id="1432" name="Resize_ClearsExistingPool" fullname="Hidano.FacialControl.Tests.EditMode.Adapters.NativeArrayPoolTests.Resize_ClearsExistingPool" methodname="Resize_ClearsExistingPool" classname="Hidano.FacialControl.Tests.EditMode.Adapters.NativeArrayPoolTests" runstate="Runnable" seed="2135994353" result="Passed" start-time="2026-02-03 08:46:06Z" end-time="2026-02-03 08:46:06Z" duration="0.000313" asserts="0">
                    <properties>
                      <property name="retryIteration" value="0" />
                      <property name="repeatIteration" value="0" />
                    </properties>
                  </test-case>
                  <test-case id="1430" name="Resize_LargerSize_AllocatesNewSize" fullname="Hidano.FacialControl.Tests.EditMode.Adapters.NativeArrayPoolTests.Resize_LargerSize_AllocatesNewSize" methodname="Resize_LargerSize_AllocatesNewSize" classname="Hidano.FacialControl.Tests.EditMode.Adapters.NativeArrayPoolTests" runstate="Runnable" seed="1188676358" result="Passed" start-time="2026-02-03 08:46:06Z" end-time="2026-02-03 08:46:06Z" duration="0.000174" asserts="0">
                    <properties>
                      <property name="retryIteration" value="0" />
                      <property name="repeatIteration" value="0" />
                    </properties>
                  </test-case>
                  <test-case id="1440" name="Resize_NegativeSize_ThrowsArgumentOutOfRangeException" fullname="Hidano.FacialControl.Tests.EditMode.Adapters.NativeArrayPoolTests.Resize_NegativeSize_ThrowsArgumentOutOfRangeException" methodname="Resize_NegativeSize_ThrowsArgumentOutOfRangeException" classname="Hidano.FacialControl.Tests.EditMode.Adapters.NativeArrayPoolTests" runstate="Runnable" seed="356037851" result="Passed" start-time="2026-02-03 08:46:06Z" end-time="2026-02-03 08:46:06Z" duration="0.000316" asserts="0">
                    <properties>
                      <property name="retryIteration" value="0" />
                      <property name="repeatIteration" value="0" />
                    </properties>
                  </test-case>
                  <test-case id="1433" name="Resize_SameSize_DoesNothing" fullname="Hidano.FacialControl.Tests.EditMode.Adapters.NativeArrayPoolTests.Resize_SameSize_DoesNothing" methodname="Resize_SameSize_DoesNothing" classname="Hidano.FacialControl.Tests.EditMode.Adapters.NativeArrayPoolTests" runstate="Runnable" seed="1522515140" result="Passed" start-time="2026-02-03 08:46:06Z" end-time="2026-02-03 08:46:06Z" duration="0.000246" asserts="0">
                    <properties>
                      <property name="retryIteration" value="0" />
                      <property name="repeatIteration" value="0" />
                    </properties>
                  </test-case>
                  <test-case id="1431" name="Resize_SmallerSize_AllocatesNewSize" fullname="Hidano.FacialControl.Tests.EditMode.Adapters.NativeArrayPoolTests.Resize_SmallerSize_AllocatesNewSize" methodname="Resize_SmallerSize_AllocatesNewSize" classname="Hidano.FacialControl.Tests.EditMode.Adapters.NativeArrayPoolTests" runstate="Runnable" seed="663987185" result="Passed" start-time="2026-02-03 08:46:06Z" end-time="2026-02-03 08:46:06Z" duration="0.000162" asserts="0">
                    <properties>
                      <property name="retryIteration" value="0" />
                      <property name="repeatIteration" value="0" />
                    </properties>
                  </test-case>
                  <test-case id="1428" name="Return_ClearsValues_BeforeReuse" fullname="Hidano.FacialControl.Tests.EditMode.Adapters.NativeArrayPoolTests.Return_ClearsValues_BeforeReuse" methodname="Return_ClearsValues_BeforeReuse" classname="Hidano.FacialControl.Tests.EditMode.Adapters.NativeArrayPoolTests" runstate="Runnable" seed="282382884" result="Passed" start-time="2026-02-03 08:46:06Z" end-time="2026-02-03 08:46:06Z" duration="0.000202" asserts="0">
                    <properties>
                      <property name="retryIteration" value="0" />
                      <property name="repeatIteration" value="0" />
                    </properties>
                  </test-case>
                  <test-case id="1438" name="Size_AfterResize_ReturnsNewSize" fullname="Hidano.FacialControl.Tests.EditMode.Adapters.NativeArrayPoolTests.Size_AfterResize_ReturnsNewSize" methodname="Size_AfterResize_ReturnsNewSize" classname="Hidano.FacialControl.Tests.EditMode.Adapters.NativeArrayPoolTests" runstate="Runnable" seed="829993882" result="Passed" start-time="2026-02-03 08:46:06Z" end-time="2026-02-03 08:46:06Z" duration="0.000182" asserts="0">
                    <properties>
                      <property name="retryIteration" value="0" />
                      <property name="repeatIteration" value="0" />
                    </properties>
                  </test-case>
                  <test-case id="1437" name="Size_ReturnsConfiguredSize" fullname="Hidano.FacialControl.Tests.EditMode.Adapters.NativeArrayPoolTests.Size_ReturnsConfiguredSize" methodname="Size_ReturnsConfiguredSize" classname="Hidano.FacialControl.Tests.EditMode.Adapters.NativeArrayPoolTests" runstate="Runnable" seed="906988856" result="Passed" start-time="2026-02-03 08:46:06Z" end-time="2026-02-03 08:46:06Z" duration="0.000151" asserts="0">
                    <properties>
                      <property name="retryIteration" value="0" />
                      <property name="repeatIteration" value="0" />
                    </properties>
                  </test-case>
                </test-suite>
                <test-suite type="TestFixture" id="1441" name="OscDoubleBufferTests" fullname="Hidano.FacialControl.Tests.EditMode.Adapters.OscDoubleBufferTests" classname="Hidano.FacialControl.Tests.EditMode.Adapters.OscDoubleBufferTests" runstate="Runnable" testcasecount="24" result="Passed" start-time="2026-02-03 08:46:06Z" end-time="2026-02-03 08:46:07Z" duration="0.140165" total="24" passed="24" failed="0" inconclusive="0" skipped="0" asserts="0">
                  <properties />
                  <test-case id="1457" name="ConcurrentWriteAndRead_DoesNotThrow" fullname="Hidano.FacialControl.Tests.EditMode.Adapters.OscDoubleBufferTests.ConcurrentWriteAndRead_DoesNotThrow" methodname="ConcurrentWriteAndRead_DoesNotThrow" classname="Hidano.FacialControl.Tests.EditMode.Adapters.OscDoubleBufferTests" runstate="Runnable" seed="903309141" result="Passed" start-time="2026-02-03 08:46:06Z" end-time="2026-02-03 08:46:07Z" duration="0.129003" asserts="0">
                    <properties>
                      <property name="retryIteration" value="0" />
                      <property name="repeatIteration" value="0" />
                    </properties>
                  </test-case>
                  <test-case id="1444" name="Constructor_NegativeSize_ThrowsArgumentOutOfRangeException" fullname="Hidano.FacialControl.Tests.EditMode.Adapters.OscDoubleBufferTests.Constructor_NegativeSize_ThrowsArgumentOutOfRangeException" methodname="Constructor_NegativeSize_ThrowsArgumentOutOfRangeException" classname="Hidano.FacialControl.Tests.EditMode.Adapters.OscDoubleBufferTests" runstate="Runnable" seed="1009323831" result="Passed" start-time="2026-02-03 08:46:07Z" end-time="2026-02-03 08:46:07Z" duration="0.000327" asserts="0">
                    <properties>
                      <property name="retryIteration" value="0" />
                      <property name="repeatIteration" value="0" />
                    </properties>
                  </test-case>
                  <test-case id="1442" name="Constructor_ValidSize_CreatesBuffer" fullname="Hidano.FacialControl.Tests.EditMode.Adapters.OscDoubleBufferTests.Constructor_ValidSize_CreatesBuffer" methodname="Constructor_ValidSize_CreatesBuffer" classname="Hidano.FacialControl.Tests.EditMode.Adapters.OscDoubleBufferTests" runstate="Runnable" seed="764846982" result="Passed" start-time="2026-02-03 08:46:07Z" end-time="2026-02-03 08:46:07Z" duration="0.000187" asserts="0">
                    <properties>
                      <property name="retryIteration" value="0" />
                      <property name="repeatIteration" value="0" />
                    </properties>
                  </test-case>
                  <test-case id="1443" name="Constructor_ZeroSize_CreatesEmptyBuffer" fullname="Hidano.FacialControl.Tests.EditMode.Adapters.OscDoubleBufferTests.Constructor_ZeroSize_CreatesEmptyBuffer" methodname="Constructor_ZeroSize_CreatesEmptyBuffer" classname="Hidano.FacialControl.Tests.EditMode.Adapters.OscDoubleBufferTests" runstate="Runnable" seed="1517460748" result="Passed" start-time="2026-02-03 08:46:07Z" end-time="2026-02-03 08:46:07Z" duration="0.000484" asserts="0">
                    <properties>
                      <property name="retryIteration" value="0" />
                      <property name="repeatIteration" value="0" />
                    </properties>
                  </test-case>
                  <test-case id="1459" name="Dispose_CalledTwice_DoesNotThrow" fullname="Hidano.FacialControl.Tests.EditMode.Adapters.OscDoubleBufferTests.Dispose_CalledTwice_DoesNotThrow" methodname="Dispose_CalledTwice_DoesNotThrow" classname="Hidano.FacialControl.Tests.EditMode.Adapters.OscDoubleBufferTests" runstate="Runnable" seed="537083020" result="Passed" start-time="2026-02-03 08:46:07Z" end-time="2026-02-03 08:46:07Z" duration="0.000226" asserts="0">
                    <properties>
                      <property name="retryIteration" value="0" />
                      <property name="repeatIteration" value="0" />
                    </properties>
                  </test-case>
                  <test-case id="1458" name="Dispose_DoesNotThrow" fullname="Hidano.FacialControl.Tests.EditMode.Adapters.OscDoubleBufferTests.Dispose_DoesNotThrow" methodname="Dispose_DoesNotThrow" classname="Hidano.FacialControl.Tests.EditMode.Adapters.OscDoubleBufferTests" runstate="Runnable" seed="290302694" result="Passed" start-time="2026-02-03 08:46:07Z" end-time="2026-02-03 08:46:07Z" duration="0.000195" asserts="0">
                    <properties>
                      <property name="retryIteration" value="0" />
                      <property name="repeatIteration" value="0" />
                    </properties>
                  </test-case>
                  <test-case id="1453" name="GetReadBuffer_InitialState_ReturnsZeroFilledBuffer" fullname="Hidano.FacialControl.Tests.EditMode.Adapters.OscDoubleBufferTests.GetReadBuffer_InitialState_ReturnsZeroFilledBuffer" methodname="GetReadBuffer_InitialState_ReturnsZeroFilledBuffer" classname="Hidano.FacialControl.Tests.EditMode.Adapters.OscDoubleBufferTests" runstate="Runnable" seed="549246197" result="Passed" start-time="2026-02-03 08:46:07Z" end-time="2026-02-03 08:46:07Z" duration="0.000180" asserts="0">
                    <properties>
                      <property name="retryIteration" value="0" />
                      <property name="repeatIteration" value="0" />
                    </properties>
                  </test-case>
                  <test-case id="1455" name="GetReadBuffer_IsReadOnly" fullname="Hidano.FacialControl.Tests.EditMode.Adapters.OscDoubleBufferTests.GetReadBuffer_IsReadOnly" methodname="GetReadBuffer_IsReadOnly" classname="Hidano.FacialControl.Tests.EditMode.Adapters.OscDoubleBufferTests" runstate="Runnable" seed="6594595" result="Passed" start-time="2026-02-03 08:46:07Z" end-time="2026-02-03 08:46:07Z" duration="0.000158" asserts="0">
                    <properties>
                      <property name="retryIteration" value="0" />
                      <property name="repeatIteration" value="0" />
                    </properties>
                  </test-case>
                  <test-case id="1454" name="GetReadBuffer_ReturnsCorrectLength" fullname="Hidano.FacialControl.Tests.EditMode.Adapters.OscDoubleBufferTests.GetReadBuffer_ReturnsCorrectLength" methodname="GetReadBuffer_ReturnsCorrectLength" classname="Hidano.FacialControl.Tests.EditMode.Adapters.OscDoubleBufferTests" runstate="Runnable" seed="1037205286" result="Passed" start-time="2026-02-03 08:46:07Z" end-time="2026-02-03 08:46:07Z" duration="0.000142" asserts="0">
                    <properties>
                      <property name="retryIteration" value="0" />
                      <property name="repeatIteration" value="0" />
                    </properties>
                  </test-case>
                  <test-case id="1463" name="Resize_ClearsExistingData" fullname="Hidano.FacialControl.Tests.EditMode.Adapters.OscDoubleBufferTests.Resize_ClearsExistingData" methodname="Resize_ClearsExistingData" classname="Hidano.FacialControl.Tests.EditMode.Adapters.OscDoubleBufferTests" runstate="Runnable" seed="1895219794" result="Passed" start-time="2026-02-03 08:46:07Z" end-time="2026-02-03 08:46:07Z" duration="0.000281" asserts="0">
                    <properties>
                      <property name="retryIteration" value="0" />
                      <property name="repeatIteration" value="0" />
                    </properties>
                  </test-case>
                  <test-case id="1460" name="Resize_LargerSize_AllocatesNewSize" fullname="Hidano.FacialControl.Tests.EditMode.Adapters.OscDoubleBufferTests.Resize_LargerSize_AllocatesNewSize" methodname="Resize_LargerSize_AllocatesNewSize" classname="Hidano.FacialControl.Tests.EditMode.Adapters.OscDoubleBufferTests" runstate="Runnable" seed="539070524" result="Passed" start-time="2026-02-03 08:46:07Z" end-time="2026-02-03 08:46:07Z" duration="0.000166" asserts="0">
                    <properties>
                      <property name="retryIteration" value="0" />
                      <property name="repeatIteration" value="0" />
                    </properties>
                  </test-case>
                  <test-case id="1464" name="Resize_NegativeSize_ThrowsArgumentOutOfRangeException" fullname="Hidano.FacialControl.Tests.EditMode.Adapters.OscDoubleBufferTests.Resize_NegativeSize_ThrowsArgumentOutOfRangeException" methodname="Resize_NegativeSize_ThrowsArgumentOutOfRangeException" classname="Hidano.FacialControl.Tests.EditMode.Adapters.OscDoubleBufferTests" runstate="Runnable" seed="2045692763" result="Passed" start-time="2026-02-03 08:46:07Z" end-time="2026-02-03 08:46:07Z" duration="0.000225" asserts="0">
                    <properties>
                      <property name="retryIteration" value="0" />
                      <property name="repeatIteration" value="0" />
                    </properties>
                  </test-case>
                  <test-case id="1462" name="Resize_SameSize_DoesNothing" fullname="Hidano.FacialControl.Tests.EditMode.Adapters.OscDoubleBufferTests.Resize_SameSize_DoesNothing" methodname="Resize_SameSize_DoesNothing" classname="Hidano.FacialControl.Tests.EditMode.Adapters.OscDoubleBufferTests" runstate="Runnable" seed="1377574538" result="Passed" start-time="2026-02-03 08:46:07Z" end-time="2026-02-03 08:46:07Z" duration="0.000597" asserts="0">
                    <properties>
                      <property name="retryIteration" value="0" />
                      <property name="repeatIteration" value="0" />
                    </properties>
                  </test-case>
                  <test-case id="1461" name="Resize_SmallerSize_AllocatesNewSize" fullname="Hidano.FacialControl.Tests.EditMode.Adapters.OscDoubleBufferTests.Resize_SmallerSize_AllocatesNewSize" methodname="Resize_SmallerSize_AllocatesNewSize" classname="Hidano.FacialControl.Tests.EditMode.Adapters.OscDoubleBufferTests" runstate="Runnable" seed="206633114" result="Passed" start-time="2026-02-03 08:46:07Z" end-time="2026-02-03 08:46:07Z" duration="0.000146" asserts="0">
                    <properties>
                      <property name="retryIteration" value="0" />
                      <property name="repeatIteration" value="0" />
                    </properties>
                  </test-case>
                  <test-case id="1465" name="Resize_WritesWorkAfterResize" fullname="Hidano.FacialControl.Tests.EditMode.Adapters.OscDoubleBufferTests.Resize_WritesWorkAfterResize" methodname="Resize_WritesWorkAfterResize" classname="Hidano.FacialControl.Tests.EditMode.Adapters.OscDoubleBufferTests" runstate="Runnable" seed="301619174" result="Passed" start-time="2026-02-03 08:46:07Z" end-time="2026-02-03 08:46:07Z" duration="0.000164" asserts="0">
                    <properties>
                      <property name="retryIteration" value="0" />
                      <property name="repeatIteration" value="0" />
                    </properties>
                  </test-case>
[...]
                      <property name="repeatIteration" value="0" />
                    </properties>
                  </test-case>
                  <test-case id="1221" name="Evaluate_Custom_TZero_ReturnsFirstKeyValue" fullname="Hidano.FacialControl.Tests.EditMode.Domain.TransitionCalculatorTests.Evaluate_Custom_TZero_ReturnsFirstKeyValue" methodname="Evaluate_Custom_TZero_ReturnsFirstKeyValue" classname="Hidano.FacialControl.Tests.EditMode.Domain.TransitionCalculatorTests" runstate="Runnable" seed="871104674" result="Passed" start-time="2026-02-03 08:46:07Z" end-time="2026-02-03 08:46:07Z" duration="0.000168" asserts="0">
                    <properties>
                      <property name="retryIteration" value="0" />
                      <property name="repeatIteration" value="0" />
                    </properties>
                  </test-case>
                  <test-case id="1240" name="Evaluate_EaseIn_And_EaseOut_Symmetric" fullname="Hidano.FacialControl.Tests.EditMode.Domain.TransitionCalculatorTests.Evaluate_EaseIn_And_EaseOut_Symmetric" methodname="Evaluate_EaseIn_And_EaseOut_Symmetric" classname="Hidano.FacialControl.Tests.EditMode.Domain.TransitionCalculatorTests" runstate="Runnable" seed="783665009" result="Passed" start-time="2026-02-03 08:46:07Z" end-time="2026-02-03 08:46:07Z" duration="0.000165" asserts="0">
                    <properties>
                      <property name="retryIteration" value="0" />
                      <property name="repeatIteration" value="0" />
                    </properties>
                  </test-case>
                  <test-case id="1242" name="Evaluate_EaseIn_IsMonotonicallyIncreasing" fullname="Hidano.FacialControl.Tests.EditMode.Domain.TransitionCalculatorTests.Evaluate_EaseIn_IsMonotonicallyIncreasing" methodname="Evaluate_EaseIn_IsMonotonicallyIncreasing" classname="Hidano.FacialControl.Tests.EditMode.Domain.TransitionCalculatorTests" runstate="Runnable" seed="2025294837" result="Passed" start-time="2026-02-03 08:46:07Z" end-time="2026-02-03 08:46:07Z" duration="0.000163" asserts="0">
                    <properties>
                      <property name="retryIteration" value="0" />
                      <property name="repeatIteration" value="0" />
                    </properties>
                  </test-case>
                  <test-case id="1209" name="Evaluate_EaseIn_THalf_LessThanHalf" fullname="Hidano.FacialControl.Tests.EditMode.Domain.TransitionCalculatorTests.Evaluate_EaseIn_THalf_LessThanHalf" methodname="Evaluate_EaseIn_THalf_LessThanHalf" classname="Hidano.FacialControl.Tests.EditMode.Domain.TransitionCalculatorTests" runstate="Runnable" seed="1591736925" result="Passed" start-time="2026-02-03 08:46:07Z" end-time="2026-02-03 08:46:07Z" duration="0.000126" asserts="0">
                    <properties>
                      <property name="retryIteration" value="0" />
                      <property name="repeatIteration" value="0" />
                    </properties>
                  </test-case>
                  <test-case id="1210" name="Evaluate_EaseIn_TNearOne_GreaterThanLinear" fullname="Hidano.FacialControl.Tests.EditMode.Domain.TransitionCalculatorTests.Evaluate_EaseIn_TNearOne_GreaterThanLinear" methodname="Evaluate_EaseIn_TNearOne_GreaterThanLinear" classname="Hidano.FacialControl.Tests.EditMode.Domain.TransitionCalculatorTests" runstate="Runnable" seed="448083478" result="Passed" start-time="2026-02-03 08:46:07Z" end-time="2026-02-03 08:46:07Z" duration="0.000118" asserts="0">
                    <properties>
                      <property name="retryIteration" value="0" />
                      <property name="repeatIteration" value="0" />
                    </properties>
                  </test-case>
                  <test-case id="1228" name="Evaluate_EaseIn_TNegative_ClampedToZero" fullname="Hidano.FacialControl.Tests.EditMode.Domain.TransitionCalculatorTests.Evaluate_EaseIn_TNegative_ClampedToZero" methodname="Evaluate_EaseIn_TNegative_ClampedToZero" classname="Hidano.FacialControl.Tests.EditMode.Domain.TransitionCalculatorTests" runstate="Runnable" seed="1458301252" result="Passed" start-time="2026-02-03 08:46:07Z" end-time="2026-02-03 08:46:07Z" duration="0.000122" asserts="0">
                    <properties>
                      <property name="retryIteration" value="0" />
                      <property name="repeatIteration" value="0" />
                    </properties>
                  </test-case>
                  <test-case id="1208" name="Evaluate_EaseIn_TOne_ReturnsOne" fullname="Hidano.FacialControl.Tests.EditMode.Domain.TransitionCalculatorTests.Evaluate_EaseIn_TOne_ReturnsOne" methodname="Evaluate_EaseIn_TOne_ReturnsOne" classname="Hidano.FacialControl.Tests.EditMode.Domain.TransitionCalculatorTests" runstate="Runnable" seed="1164648539" result="Passed" start-time="2026-02-03 08:46:07Z" end-time="2026-02-03 08:46:07Z" duration="0.000133" asserts="0">
                    <properties>
                      <property name="retryIteration" value="0" />
                      <property name="repeatIteration" value="0" />
                    </properties>
                  </test-case>
                  <test-case id="1207" name="Evaluate_EaseIn_TZero_ReturnsZero" fullname="Hidano.FacialControl.Tests.EditMode.Domain.TransitionCalculatorTests.Evaluate_EaseIn_TZero_ReturnsZero" methodname="Evaluate_EaseIn_TZero_ReturnsZero" classname="Hidano.FacialControl.Tests.EditMode.Domain.TransitionCalculatorTests" runstate="Runnable" seed="1280030931" result="Passed" start-time="2026-02-03 08:46:07Z" end-time="2026-02-03 08:46:07Z" duration="0.000161" asserts="0">
                    <properties>
                      <property name="retryIteration" value="0" />
                      <property name="repeatIteration" value="0" />
                    </properties>
                  </test-case>
                  <test-case id="1244" name="Evaluate_EaseInOut_IsMonotonicallyIncreasing" fullname="Hidano.FacialControl.Tests.EditMode.Domain.TransitionCalculatorTests.Evaluate_EaseInOut_IsMonotonicallyIncreasing" methodname="Evaluate_EaseInOut_IsMonotonicallyIncreasing" classname="Hidano.FacialControl.Tests.EditMode.Domain.TransitionCalculatorTests" runstate="Runnable" seed="781048069" result="Passed" start-time="2026-02-03 08:46:07Z" end-time="2026-02-03 08:46:07Z" duration="0.000202" asserts="0">
                    <properties>
                      <property name="retryIteration" value="0" />
                      <property name="repeatIteration" value="0" />
                    </properties>
                  </test-case>
                  <test-case id="1217" name="Evaluate_EaseInOut_THalf_ReturnsHalf" fullname="Hidano.FacialControl.Tests.EditMode.Domain.TransitionCalculatorTests.Evaluate_EaseInOut_THalf_ReturnsHalf" methodname="Evaluate_EaseInOut_THalf_ReturnsHalf" classname="Hidano.FacialControl.Tests.EditMode.Domain.TransitionCalculatorTests" runstate="Runnable" seed="1927150056" result="Passed" start-time="2026-02-03 08:46:07Z" end-time="2026-02-03 08:46:07Z" duration="0.000139" asserts="0">
                    <properties>
                      <property name="retryIteration" value="0" />
                      <property name="repeatIteration" value="0" />
                    </properties>
                  </test-case>
                  <test-case id="1216" name="Evaluate_EaseInOut_TOne_ReturnsOne" fullname="Hidano.FacialControl.Tests.EditMode.Domain.TransitionCalculatorTests.Evaluate_EaseInOut_TOne_ReturnsOne" methodname="Evaluate_EaseInOut_TOne_ReturnsOne" classname="Hidano.FacialControl.Tests.EditMode.Domain.TransitionCalculatorTests" runstate="Runnable" seed="806923467" result="Passed" start-time="2026-02-03 08:46:07Z" end-time="2026-02-03 08:46:07Z" duration="0.000159" asserts="0">
                    <properties>
                      <property name="retryIteration" value="0" />
                      <property name="repeatIteration" value="0" />
                    </properties>
                  </test-case>
                  <test-case id="1218" name="Evaluate_EaseInOut_TQuarter_LessThanQuarter" fullname="Hidano.FacialControl.Tests.EditMode.Domain.TransitionCalculatorTests.Evaluate_EaseInOut_TQuarter_LessThanQuarter" methodname="Evaluate_EaseInOut_TQuarter_LessThanQuarter" classname="Hidano.FacialControl.Tests.EditMode.Domain.TransitionCalculatorTests" runstate="Runnable" seed="1448576310" result="Passed" start-time="2026-02-03 08:46:07Z" end-time="2026-02-03 08:46:07Z" duration="0.000155" asserts="0">
                    <properties>
                      <property name="retryIteration" value="0" />
                      <property name="repeatIteration" value="0" />
                    </properties>
                  </test-case>
                  <test-case id="1219" name="Evaluate_EaseInOut_TThreeQuarter_GreaterThanThreeQuarter" fullname="Hidano.FacialControl.Tests.EditMode.Domain.TransitionCalculatorTests.Evaluate_EaseInOut_TThreeQuarter_GreaterThanThreeQuarter" methodname="Evaluate_EaseInOut_TThreeQuarter_GreaterThanThreeQuarter" classname="Hidano.FacialControl.Tests.EditMode.Domain.TransitionCalculatorTests" runstate="Runnable" seed="927342049" result="Passed" start-time="2026-02-03 08:46:07Z" end-time="2026-02-03 08:46:07Z" duration="0.000142" asserts="0">
                    <properties>
                      <property name="retryIteration" value="0" />
                      <property name="repeatIteration" value="0" />
                    </properties>
                  </test-case>
                  <test-case id="1215" name="Evaluate_EaseInOut_TZero_ReturnsZero" fullname="Hidano.FacialControl.Tests.EditMode.Domain.TransitionCalculatorTests.Evaluate_EaseInOut_TZero_ReturnsZero" methodname="Evaluate_EaseInOut_TZero_ReturnsZero" classname="Hidano.FacialControl.Tests.EditMode.Domain.TransitionCalculatorTests" runstate="Runnable" seed="335933756" result="Passed" start-time="2026-02-03 08:46:07Z" end-time="2026-02-03 08:46:07Z" duration="0.000122" asserts="0">
                    <properties>
                      <property name="retryIteration" value="0" />
                      <property name="repeatIteration" value="0" />
                    </properties>
                  </test-case>
                  <test-case id="1243" name="Evaluate_EaseOut_IsMonotonicallyIncreasing" fullname="Hidano.FacialControl.Tests.EditMode.Domain.TransitionCalculatorTests.Evaluate_EaseOut_IsMonotonicallyIncreasing" methodname="Evaluate_EaseOut_IsMonotonicallyIncreasing" classname="Hidano.FacialControl.Tests.EditMode.Domain.TransitionCalculatorTests" runstate="Runnable" seed="1450586380" result="Passed" start-time="2026-02-03 08:46:07Z" end-time="2026-02-03 08:46:07Z" duration="0.000185" asserts="0">
                    <properties>
                      <property name="retryIteration" value="0" />
                      <property name="repeatIteration" value="0" />
                    </properties>
                  </test-case>
                  <test-case id="1229" name="Evaluate_EaseOut_TAboveOne_ClampedToOne" fullname="Hidano.FacialControl.Tests.EditMode.Domain.TransitionCalculatorTests.Evaluate_EaseOut_TAboveOne_ClampedToOne" methodname="Evaluate_EaseOut_TAboveOne_ClampedToOne" classname="Hidano.FacialControl.Tests.EditMode.Domain.TransitionCalculatorTests" runstate="Runnable" seed="2038384182" result="Passed" start-time="2026-02-03 08:46:07Z" end-time="2026-02-03 08:46:07Z" duration="0.000148" asserts="0">
                    <properties>
                      <property name="retryIteration" value="0" />
                      <property name="repeatIteration" value="0" />
                    </properties>
                  </test-case>
                  <test-case id="1213" name="Evaluate_EaseOut_THalf_GreaterThanHalf" fullname="Hidano.FacialControl.Tests.EditMode.Domain.TransitionCalculatorTests.Evaluate_EaseOut_THalf_GreaterThanHalf" methodname="Evaluate_EaseOut_THalf_GreaterThanHalf" classname="Hidano.FacialControl.Tests.EditMode.Domain.TransitionCalculatorTests" runstate="Runnable" seed="1440183511" result="Passed" start-time="2026-02-03 08:46:07Z" end-time="2026-02-03 08:46:07Z" duration="0.000138" asserts="0">
                    <properties>
                      <property name="retryIteration" value="0" />
                      <property name="repeatIteration" value="0" />
                    </properties>
                  </test-case>
                  <test-case id="1214" name="Evaluate_EaseOut_TNearZero_GreaterThanLinear" fullname="Hidano.FacialControl.Tests.EditMode.Domain.TransitionCalculatorTests.Evaluate_EaseOut_TNearZero_GreaterThanLinear" methodname="Evaluate_EaseOut_TNearZero_GreaterThanLinear" classname="Hidano.FacialControl.Tests.EditMode.Domain.TransitionCalculatorTests" runstate="Runnable" seed="23994839" result="Passed" start-time="2026-02-03 08:46:07Z" end-time="2026-02-03 08:46:07Z" duration="0.000199" asserts="0">
                    <properties>
                      <property name="retryIteration" value="0" />
                      <property name="repeatIteration" value="0" />
                    </properties>
                  </test-case>
                  <test-case id="1212" name="Evaluate_EaseOut_TOne_ReturnsOne" fullname="Hidano.FacialControl.Tests.EditMode.Domain.TransitionCalculatorTests.Evaluate_EaseOut_TOne_ReturnsOne" methodname="Evaluate_EaseOut_TOne_ReturnsOne" classname="Hidano.FacialControl.Tests.EditMode.Domain.TransitionCalculatorTests" runstate="Runnable" seed="1507182482" result="Passed" start-time="2026-02-03 08:46:07Z" end-time="2026-02-03 08:46:07Z" duration="0.000137" asserts="0">
                    <properties>
                      <property name="retryIteration" value="0" />
                      <property name="repeatIteration" value="0" />
                    </properties>
                  </test-case>
                  <test-case id="1211" name="Evaluate_EaseOut_TZero_ReturnsZero" fullname="Hidano.FacialControl.Tests.EditMode.Domain.TransitionCalculatorTests.Evaluate_EaseOut_TZero_ReturnsZero" methodname="Evaluate_EaseOut_TZero_ReturnsZero" classname="Hidano.FacialControl.Tests.EditMode.Domain.TransitionCalculatorTests" runstate="Runnable" seed="500369875" result="Passed" start-time="2026-02-03 08:46:07Z" end-time="2026-02-03 08:46:07Z" duration="0.000120" asserts="0">
                    <properties>
                      <property name="retryIteration" value="0" />
                      <property name="repeatIteration" value="0" />
                    </properties>
                  </test-case>
                  <test-case id="1241" name="Evaluate_Linear_IsMonotonicallyIncreasing" fullname="Hidano.FacialControl.Tests.EditMode.Domain.TransitionCalculatorTests.Evaluate_Linear_IsMonotonicallyIncreasing" methodname="Evaluate_Linear_IsMonotonicallyIncreasing" classname="Hidano.FacialControl.Tests.EditMode.Domain.TransitionCalculatorTests" runstate="Runnable" seed="169529105" result="Passed" start-time="2026-02-03 08:46:07Z" end-time="2026-02-03 08:46:07Z" duration="0.000158" asserts="0">
                    <properties>
                      <property name="retryIteration" value="0" />
                      <property name="repeatIteration" value="0" />
                    </properties>
                  </test-case>
                  <test-case id="1205" name="Evaluate_Linear_THalf_ReturnsHalf" fullname="Hidano.FacialControl.Tests.EditMode.Domain.TransitionCalculatorTests.Evaluate_Linear_THalf_ReturnsHalf" methodname="Evaluate_Linear_THalf_ReturnsHalf" classname="Hidano.FacialControl.Tests.EditMode.Domain.TransitionCalculatorTests" runstate="Runnable" seed="1016261744" result="Passed" start-time="2026-02-03 08:46:07Z" end-time="2026-02-03 08:46:07Z" duration="0.000123" asserts="0">
                    <properties>
                      <property name="retryIteration" value="0" />
                      <property name="repeatIteration" value="0" />
                    </properties>
                  </test-case>
                  <test-case id="1204" name="Evaluate_Linear_TOne_ReturnsOne" fullname="Hidano.FacialControl.Tests.EditMode.Domain.TransitionCalculatorTests.Evaluate_Linear_TOne_ReturnsOne" methodname="Evaluate_Linear_TOne_ReturnsOne" classname="Hidano.FacialControl.Tests.EditMode.Domain.TransitionCalculatorTests" runstate="Runnable" seed="1316665180" result="Passed" start-time="2026-02-03 08:46:07Z" end-time="2026-02-03 08:46:07Z" duration="0.000119" asserts="0">
                    <properties>
                      <property name="retryIteration" value="0" />
                      <property name="repeatIteration" value="0" />
                    </properties>
                  </test-case>
                  <test-case id="1206" name="Evaluate_Linear_TQuarter_ReturnsQuarter" fullname="Hidano.FacialControl.Tests.EditMode.Domain.TransitionCalculatorTests.Evaluate_Linear_TQuarter_ReturnsQuarter" methodname="Evaluate_Linear_TQuarter_ReturnsQuarter" classname="Hidano.FacialControl.Tests.EditMode.Domain.TransitionCalculatorTests" runstate="Runnable" seed="254230059" result="Passed" start-time="2026-02-03 08:46:07Z" end-time="2026-02-03 08:46:07Z" duration="0.000130" asserts="0">
                    <properties>
                      <property name="retryIteration" value="0" />
                      <property name="repeatIteration" value="0" />
                    </properties>
                  </test-case>
                  <test-case id="1203" name="Evaluate_Linear_TZero_ReturnsZero" fullname="Hidano.FacialControl.Tests.EditMode.Domain.TransitionCalculatorTests.Evaluate_Linear_TZero_ReturnsZero" methodname="Evaluate_Linear_TZero_ReturnsZero" classname="Hidano.FacialControl.Tests.EditMode.Domain.TransitionCalculatorTests" runstate="Runnable" seed="702251760" result="Passed" start-time="2026-02-03 08:46:07Z" end-time="2026-02-03 08:46:07Z" duration="0.000126" asserts="0">
                    <properties>
                      <property name="retryIteration" value="0" />
                      <property name="repeatIteration" value="0" />
                    </properties>
                  </test-case>
                  <test-case id="1227" name="Evaluate_TAboveOne_ClampedToOne" fullname="Hidano.FacialControl.Tests.EditMode.Domain.TransitionCalculatorTests.Evaluate_TAboveOne_ClampedToOne" methodname="Evaluate_TAboveOne_ClampedToOne" classname="Hidano.FacialControl.Tests.EditMode.Domain.TransitionCalculatorTests" runstate="Runnable" seed="990942688" result="Passed" start-time="2026-02-03 08:46:07Z" end-time="2026-02-03 08:46:07Z" duration="0.000220" asserts="0">
                    <properties>
                      <property name="retryIteration" value="0" />
                      <property name="repeatIteration" value="0" />
                    </properties>
                  </test-case>
                  <test-case id="1226" name="Evaluate_TNegative_ClampedToZero" fullname="Hidano.FacialControl.Tests.EditMode.Domain.TransitionCalculatorTests.Evaluate_TNegative_ClampedToZero" methodname="Evaluate_TNegative_ClampedToZero" classname="Hidano.FacialControl.Tests.EditMode.Domain.TransitionCalculatorTests" runstate="Runnable" seed="1784928575" result="Passed" start-time="2026-02-03 08:46:07Z" end-time="2026-02-03 08:46:07Z" duration="0.000156" asserts="0">
                    <properties>
                      <property name="retryIteration" value="0" />
                      <property name="repeatIteration" value="0" />
                    </properties>
                    <output><![CDATA[Saving results to: C:/Users/Hidano/AppData/LocalLow/DefaultCompany/FacialControl\TestResults.xml
]]></output>
                  </test-case>
                </test-suite>
              </test-suite>
            </test-suite>
          </test-suite>
        </test-suite>
      </test-suite>
    </test-suite>
  </test-suite>
</test-run>