<?xml version="1.0" encoding="utf-8"?>
<test-run id="2" testcasecount="93" result="Passed" total="93" passed="93" failed="0" inconclusive="0" skipped="0" asserts="0" engine-version="3.5.0.0" clr-version="4.0.30319.42000" start-time="2026-02-02 17:07:50Z" end-time="2026-02-02 17:07:50Z" duration="0.065765">
  <test-suite type="TestSuite" id="1000" name="FacialControl" fullname="FacialControl" runstate="Runnable" testcasecount="93" result="Passed" start-time="2026-02-02 17:07:50Z" end-time="2026-02-02 17:07:50Z" duration="0.065765" total="93" passed="93" failed="0" inconclusive="0" skipped="0" asserts="0">
    <properties>
      <property name="platform" value="EditMode" />
    </properties>
    <test-suite type="Assembly" id="1099" name="Hidano.FacialControl.Tests.EditMode.dll" fullname="D:/Personal/Repositries/FacialControl/FacialControl/Library/ScriptAssemblies/Hidano.FacialControl.Tests.EditMode.dll" runstate="Runnable" testcasecount="93" result="Passed" start-time="2026-02-02 17:07:50Z" end-time="2026-02-02 17:07:50Z" duration="0.061180" total="93" passed="93" failed="0" inconclusive="0" skipped="0" asserts="0">
      <properties>
        <property name="_PID" value="685436" />
        <property name="_APPDOMAIN" value="Unity Child Domain" />
        <property name="platform" value="EditMode" />
        <property name="EditorOnly" value="True" />
      </properties>
      <test-suite type="TestSuite" id="1100" name="Hidano" fullname="Hidano" runstate="Runnable" testcasecount="93" result="Passed" start-time="2026-02-02 17:07:50Z" end-time="2026-02-02 17:07:50Z" duration="0.060758" total="93" passed="93" failed="0" inconclusive="0" skipped="0" asserts="0">
        <properties />
        <test-suite type="TestSuite" id="1101" name="FacialControl" fullname="Hidano.FacialControl" runstate="Runnable" testcasecount="93" result="Passed" start-time="2026-02-02 17:07:50Z" end-time="2026-02-02 17:07:50Z" duration="0.060525" total="93" passed="93" failed="0" inconclusive="0" skipped="0" asserts="0">
          <properties />
          <test-suite type="TestSuite" id="1102" name="Tests" fullname="Hidano.FacialControl.Tests" runstate="Runnable" testcasecount="93" result="Passed" start-time="2026-02-02 17:07:50Z" end-time="2026-02-02 17:07:50Z" duration="0.060302" total="93" passed="93" failed="0" inconclusive="0" skipped="0" asserts="0">
            <properties />
            <test-suite type="TestSuite" id="1103" name="EditMode" fullname="Hidano.FacialControl.Tests.EditMode" runstate="Runnable" testcasecount="93" result="Passed" start-time="2026-02-02 17:07:50Z" end-time="2026-02-02 17:07:50Z" duration="0.060074" total="93" passed="93" failed="0" inconclusive="0" skipped="0" asserts="0">
              <properties />
              <test-suite type="TestSuite" id="1104" name="Domain" fullname="Hidano.FacialControl.Tests.EditMode.Domain" runstate="Runnable" testcasecount="93" result="Passed" start-time="2026-02-02 17:07:50Z" end-time="2026-02-02 17:07:50Z" duration="0.059764" total="93" passed="93" failed="0" inconclusive="0" skipped="0" asserts="0">
                <properties />
                <test-suite type="TestFixture" id="1001" name="BlendShapeMappingTests" fullname="Hidano.FacialControl.Tests.EditMode.Domain.BlendShapeMappingTests" classname="Hidano.FacialControl.Tests.EditMode.Domain.BlendShapeMappingTests" runstate="Runnable" testcasecount="16" result="Passed" start-time="2026-02-02 17:07:50Z" end-time="2026-02-02 17:07:50Z" duration="0.022112" total="16" passed="16" failed="0" inconclusive="0" skipped="0" asserts="0">
                  <properties />
                  <test-case id="1014" name="Constructor_JapaneseName_CreatesInstance" fullname="Hidano.FacialControl.Tests.EditMode.Domain.BlendShapeMappingTests.Constructor_JapaneseName_CreatesInstance" methodname="Constructor_JapaneseName_CreatesInstance" classname="Hidano.FacialControl.Tests.EditMode.Domain.BlendShapeMappingTests" runstate="Runnable" seed="975623421" result="Passed" start-time="2026-02-02 17:07:50Z" end-time="2026-02-02 17:07:50Z" duration="0.007576" asserts="0">
                    <properties>
                      <property name="retryIteration" value="0" />
                      <property name="repeatIteration" value="0" />
                    </properties>
                  </test-case>
                  <test-case id="1013" name="Constructor_NullName_ThrowsArgumentNullException" fullname="Hidano.FacialControl.Tests.EditMode.Domain.BlendShapeMappingTests.Constructor_NullName_ThrowsArgumentNullException" methodname="Constructor_NullName_ThrowsArgumentNullException" classname="Hidano.FacialControl.Tests.EditMode.Domain.BlendShapeMappingTests" runstate="Runnable" seed="430773847" result="Passed" start-time="2026-02-02 17:07:50Z" end-time="2026-02-02 17:07:50Z" duration="0.001678" asserts="0">
                    <properties>
                      <property name="retryIteration" value="0" />
                      <property name="repeatIteration" value="0" />
                    </properties>
                  </test-case>
                  <test-case id="1017" name="Constructor_NullRendererExplicit_IsNull" fullname="Hidano.FacialControl.Tests.EditMode.Domain.BlendShapeMappingTests.Constructor_NullRendererExplicit_IsNull" methodname="Constructor_NullRendererExplicit_IsNull" classname="Hidano.FacialControl.Tests.EditMode.Domain.BlendShapeMappingTests" runstate="Runnable" seed="1054047851" result="Passed" start-time="2026-02-02 17:07:50Z" end-time="2026-02-02 17:07:50Z" duration="0.000268" asserts="0">
                    <properties>
                      <property name="retryIteration" value="0" />
                      <property name="repeatIteration" value="0" />
                    </properties>
                  </test-case>
                  <test-case id="1003" name="Constructor_RendererNull_CreatesInstance" fullname="Hidano.FacialControl.Tests.EditMode.Domain.BlendShapeMappingTests.Constructor_RendererNull_CreatesInstance" methodname="Constructor_RendererNull_CreatesInstance" classname="Hidano.FacialControl.Tests.EditMode.Domain.BlendShapeMappingTests" runstate="Runnable" seed="218912610" result="Passed" start-time="2026-02-02 17:07:50Z" end-time="2026-02-02 17:07:50Z" duration="0.000767" asserts="0">
                    <properties>
                      <property name="retryIteration" value="0" />
                      <property name="repeatIteration" value="0" />
                    </properties>
                  </test-case>
                  <test-case id="1004" name="Constructor_RendererOmitted_DefaultsToNull" fullname="Hidano.FacialControl.Tests.EditMode.Domain.BlendShapeMappingTests.Constructor_RendererOmitted_DefaultsToNull" methodname="Constructor_RendererOmitted_DefaultsToNull" classname="Hidano.FacialControl.Tests.EditMode.Domain.BlendShapeMappingTests" runstate="Runnable" seed="1202048632" result="Passed" start-time="2026-02-02 17:07:50Z" end-time="2026-02-02 17:07:50Z" duration="0.000119" asserts="0">
                    <properties>
                      <property name="retryIteration" value="0" />
                      <property name="repeatIteration" value="0" />
                    </properties>
                  </test-case>
                  <test-case id="1015" name="Constructor_SpecialCharacterName_CreatesInstance" fullname="Hidano.FacialControl.Tests.EditMode.Domain.BlendShapeMappingTests.Constructor_SpecialCharacterName_CreatesInstance" methodname="Constructor_SpecialCharacterName_CreatesInstance" classname="Hidano.FacialControl.Tests.EditMode.Domain.BlendShapeMappingTests" runstate="Runnable" seed="1502973446" result="Passed" start-time="2026-02-02 17:07:50Z" end-time="2026-02-02 17:07:50Z" duration="0.000115" asserts="0">
                    <properties>
                      <property name="retryIteration" value="0" />
                      <property name="repeatIteration" value="0" />
                    </properties>
                  </test-case>
                  <test-case id="1002" name="Constructor_ValidParameters_CreatesInstance" fullname="Hidano.FacialControl.Tests.EditMode.Domain.BlendShapeMappingTests.Constructor_ValidParameters_CreatesInstance" methodname="Constructor_ValidParameters_CreatesInstance" classname="Hidano.FacialControl.Tests.EditMode.Domain.BlendShapeMappingTests" runstate="Runnable" seed="473745286" result="Passed" start-time="2026-02-02 17:07:50Z" end-time="2026-02-02 17:07:50Z" duration="0.000144" asserts="0">
                    <properties>
                      <property name="retryIteration" value="0" />
                      <property name="repeatIteration" value="0" />
                    </properties>
                  </test-case>
                  <test-case id="1007" name="Constructor_ValueAboveOne_ClampedToOne" fullname="Hidano.FacialControl.Tests.EditMode.Domain.BlendShapeMappingTests.Constructor_ValueAboveOne_ClampedToOne" methodname="Constructor_ValueAboveOne_ClampedToOne" classname="Hidano.FacialControl.Tests.EditMode.Domain.BlendShapeMappingTests" runstate="Runnable" seed="292784221" result="Passed" start-time="2026-02-02 17:07:50Z" end-time="2026-02-02 17:07:50Z" duration="0.000113" asserts="0">
                    <properties>
                      <property name="retryIteration" value="0" />
                      <property name="repeatIteration" value="0" />
                    </properties>
                  </test-case>
                  <test-case id="1008" name="Constructor_ValueBelowZero_ClampedToZero" fullname="Hidano.FacialControl.Tests.EditMode.Domain.BlendShapeMappingTests.Constructor_ValueBelowZero_ClampedToZero" methodname="Constructor_ValueBelowZero_ClampedToZero" classname="Hidano.FacialControl.Tests.EditMode.Domain.BlendShapeMappingTests" runstate="Runnable" seed="1832240302" result="Passed" start-time="2026-02-02 17:07:50Z" end-time="2026-02-02 17:07:50Z" duration="0.000112" asserts="0">
                    <properties>
                      <property name="retryIteration" value="0" />
                      <property name="repeatIteration" value="0" />
                    </properties>
                  </test-case>
                  <test-case id="1010" name="Constructor_ValueLargeNegative_ClampedToZero" fullname="Hidano.FacialControl.Tests.EditMode.Domain.BlendShapeMappingTests.Constructor_ValueLargeNegative_ClampedToZero" methodname="Constructor_ValueLargeNegative_ClampedToZero" classname="Hidano.FacialControl.Tests.EditMode.Domain.BlendShapeMappingTests" runstate="Runnable" seed="221790770" result="Passed" start-time="2026-02-02 17:07:50Z" end-time="2026-02-02 17:07:50Z" duration="0.000111" asserts="0">
                    <properties>
                      <property name="retryIteration" value="0" />
                      <property name="repeatIteration" value="0" />
                    </properties>
                  </test-case>
                  <test-case id="1009" name="Constructor_ValueLargePositive_ClampedToOne" fullname="Hidano.FacialControl.Tests.EditMode.Domain.BlendShapeMappingTests.Constructor_ValueLargePositive_ClampedToOne" methodname="Constructor_ValueLargePositive_ClampedToOne" classname="Hidano.FacialControl.Tests.EditMode.Domain.BlendShapeMappingTests" runstate="Runnable" seed="1921150777" result="Passed" start-time="2026-02-02 17:07:50Z" end-time="2026-02-02 17:07:50Z" duration="0.000108" asserts="0">
                    <properties>
                      <property name="retryIteration" value="0" />
                      <property name="repeatIteration" value="0" />
                    </properties>
                  </test-case>
                  <test-case id="1006" name="Constructor_ValueOne_ReturnsOne" fullname="Hidano.FacialControl.Tests.EditMode.Domain.BlendShapeMappingTests.Constructor_ValueOne_ReturnsOne" methodname="Constructor_ValueOne_ReturnsOne" classname="Hidano.FacialControl.Tests.EditMode.Domain.BlendShapeMappingTests" runstate="Runnable" seed="1795840163" result="Passed" start-time="2026-02-02 17:07:50Z" end-time="2026-02-02 17:07:50Z" duration="0.000109" asserts="0">
                    <properties>
                      <property name="retryIteration" value="0" />
                      <property name="repeatIteration" value="0" />
                    </properties>
                  </test-case>
                  <test-case id="1011" name="Constructor_ValueSlightlyAboveOne_ClampedToOne" fullname="Hidano.FacialControl.Tests.EditMode.Domain.BlendShapeMappingTests.Constructor_ValueSlightlyAboveOne_ClampedToOne" methodname="Constructor_ValueSlightlyAboveOne_ClampedToOne" classname="Hidano.FacialControl.Tests.EditMode.Domain.BlendShapeMappingTests" runstate="Runnable" seed="685136450" result="Passed" start-time="2026-02-02 17:07:50Z" end-time="2026-02-02 17:07:50Z" duration="0.000120" asserts="0">
                    <properties>
                      <property name="retryIteration" value="0" />
                      <property name="repeatIteration" value="0" />
                    </properties>
                  </test-case>
                  <test-case id="1012" name="Constructor_ValueSlightlyBelowZero_ClampedToZero" fullname="Hidano.FacialControl.Tests.EditMode.Domain.BlendShapeMappingTests.Constructor_ValueSlightlyBelowZero_ClampedToZero" methodname="Constructor_ValueSlightlyBelowZero_ClampedToZero" classname="Hidano.FacialControl.Tests.EditMode.Domain.BlendShapeMappingTests" runstate="Runnable" seed="794896027" result="Passed" start-time="2026-02-02 17:07:50Z" end-time="2026-02-02 17:07:50Z" duration="0.000108" asserts="0">
                    <properties>
                      <property name="retryIteration" value="0" />
                      <property name="repeatIteration" value="0" />
                    </properties>
                  </test-case>
                  <test-case id="1005" name="Constructor_ValueZero_ReturnsZero" fullname="Hidano.FacialControl.Tests.EditMode.Domain.BlendShapeMappingTests.Constructor_ValueZero_ReturnsZero" methodname="Constructor_ValueZero_ReturnsZero" classname="Hidano.FacialControl.Tests.EditMode.Domain.BlendShapeMappingTests" runstate="Runnable" seed="1039492511" result="Passed" start-time="2026-02-02 17:07:50Z" end-time="2026-02-02 17:07:50Z" duration="0.000115" asserts="0">
                    <properties>
                      <property name="retryIteration" value="0" />
                      <property name="repeatIteration" value="0" />
                    </properties>
                  </test-case>
                  <test-case id="1016" name="Constructor_WithRenderer_StoresRendererName" fullname="Hidano.FacialControl.Tests.EditMode.Domain.BlendShapeMappingTests.Constructor_WithRenderer_StoresRendererName" methodname="Constructor_WithRenderer_StoresRendererName" classname="Hidano.FacialControl.Tests.EditMode.Domain.BlendShapeMappingTests" runstate="Runnable" seed="1060579534" result="Passed" start-time="2026-02-02 17:07:50Z" end-time="2026-02-02 17:07:50Z" duration="0.000117" asserts="0">
                    <properties>
                      <property name="retryIteration" value="0" />
                      <property name="repeatIteration" value="0" />
                    </properties>
                  </test-case>
                </test-suite>
                <test-suite type="TestFixture" id="1018" name="ExpressionTests" fullname="Hidano.FacialControl.Tests.EditMode.Domain.ExpressionTests" classname="Hidano.FacialControl.Tests.EditMode.Domain.ExpressionTests" runstate="Runnable" testcasecount="25" result="Passed" start-time="2026-02-02 17:07:50Z" end-time="2026-02-02 17:07:50Z" duration="0.011424" total="25" passed="25" failed="0" inconclusive="0" skipped="0" asserts="0">
                  <properties />
                  <test-case id="1042" name="BlendShapeValues_IsDefensiveCopy_OriginalArrayModificationDoesNotAffect" fullname="Hidano.FacialControl.Tests.EditMode.Domain.ExpressionTests.BlendShapeValues_IsDefensiveCopy_OriginalArrayModificationDoesNotAffect" methodname="BlendShapeValues_IsDefensiveCopy_OriginalArrayModificationDoesNotAffect" classname="Hidano.FacialControl.Tests.EditMode.Domain.ExpressionTests" runstate="Runnable" seed="1552293680" result="Passed" start-time="2026-02-02 17:07:50Z" end-time="2026-02-02 17:07:50Z" duration="0.001050" asserts="0">
                    <properties>
                      <property name="retryIteration" value="0" />
                      <property name="repeatIteration" value="0" />
                    </properties>
                  </test-case>
                  <test-case id="1028" name="Constructor_CustomCurve_CreatesInstance" fullname="Hidano.FacialControl.Tests.EditMode.Domain.ExpressionTests.Constructor_CustomCurve_CreatesInstance" methodname="Constructor_CustomCurve_CreatesInstance" classname="Hidano.FacialControl.Tests.EditMode.Domain.ExpressionTests" runstate="Runnable" seed="1991859167" result="Passed" start-time="2026-02-02 17:07:50Z" end-time="2026-02-02 17:07:50Z" duration="0.001094" asserts="0">
                    <properties>
                      <property name="retryIteration" value="0" />
                      <property name="repeatIteration" value="0" />
                    </properties>
                  </test-case>
                  <test-case id="1022" name="Constructor_DefaultBlendShapeValues_IsEmpty" fullname="Hidano.FacialControl.Tests.EditMode.Domain.ExpressionTests.Constructor_DefaultBlendShapeValues_IsEmpty" methodname="Constructor_DefaultBlendShapeValues_IsEmpty" classname="Hidano.FacialControl.Tests.EditMode.Domain.ExpressionTests" runstate="Runnable" seed="2000326433" result="Passed" start-time="2026-02-02 17:07:50Z" end-time="2026-02-02 17:07:50Z" duration="0.000194" asserts="0">
                    <properties>
                      <property name="retryIteration" value="0" />
                      <property name="repeatIteration" value="0" />
                    </properties>
                  </test-case>
                  <test-case id="1023" name="Constructor_DefaultLayerSlots_IsEmpty" fullname="Hidano.FacialControl.Tests.EditMode.Domain.ExpressionTests.Constructor_DefaultLayerSlots_IsEmpty" methodname="Constructor_DefaultLayerSlots_IsEmpty" classname="Hidano.FacialControl.Tests.EditMode.Domain.ExpressionTests" runstate="Runnable" seed="1970899705" result="Passed" start-time="2026-02-02 17:07:50Z" end-time="2026-02-02 17:07:50Z" duration="0.000201" asserts="0">
                    <properties>
                      <property name="retryIteration" value="0" />
                      <property name="repeatIteration" value="0" />
                    </properties>
                  </test-case>
                  <test-case id="1021" name="Constructor_DefaultTransitionCurve_IsLinear" fullname="Hidano.FacialControl.Tests.EditMode.Domain.ExpressionTests.Constructor_DefaultTransitionCurve_IsLinear" methodname="Constructor_DefaultTransitionCurve_IsLinear" classname="Hidano.FacialControl.Tests.EditMode.Domain.ExpressionTests" runstate="Runnable" seed="133447956" result="Passed" start-time="2026-02-02 17:07:50Z" end-time="2026-02-02 17:07:50Z" duration="0.000140" asserts="0">
                    <properties>
                      <property name="retryIteration" value="0" />
                      <property name="repeatIteration" value="0" />
                    </properties>
                  </test-case>
                  <test-case id="1020" name="Constructor_DefaultTransitionDuration_Is025" fullname="Hidano.FacialControl.Tests.EditMode.Domain.ExpressionTests.Constructor_DefaultTransitionDuration_Is025" methodname="Constructor_DefaultTransitionDuration_Is025" classname="Hidano.FacialControl.Tests.EditMode.Domain.ExpressionTests" runstate="Runnable" seed="21406551" result="Passed" start-time="2026-02-02 17:07:50Z" end-time="2026-02-02 17:07:50Z" duration="0.000158" asserts="0">
                    <properties>
                      <property name="retryIteration" value="0" />
                      <property name="repeatIteration" value="0" />
                    </properties>
                  </test-case>
                  <test-case id="1034" name="Constructor_EmptyId_ThrowsArgumentException" fullname="Hidano.FacialControl.Tests.EditMode.Domain.ExpressionTests.Constructor_EmptyId_ThrowsArgumentException" methodname="Constructor_EmptyId_ThrowsArgumentException" classname="Hidano.FacialControl.Tests.EditMode.Domain.ExpressionTests" runstate="Runnable" seed="1076203005" result="Passed" start-time="2026-02-02 17:07:50Z" end-time="2026-02-02 17:07:50Z" duration="0.000257" asserts="0">
                    <properties>
                      <property name="retryIteration" value="0" />
                      <property name="repeatIteration" value="0" />
                    </properties>
                  </test-case>
                  <test-case id="1040" name="Constructor_EmptyLayer_ThrowsArgumentException" fullname="Hidano.FacialControl.Tests.EditMode.Domain.ExpressionTests.Constructor_EmptyLayer_ThrowsArgumentException" methodname="Constructor_EmptyLayer_ThrowsArgumentException" classname="Hidano.FacialControl.Tests.EditMode.Domain.ExpressionTests" runstate="Runnable" seed="1173183775" result="Passed" start-time="2026-02-02 17:07:50Z" end-time="2026-02-02 17:07:50Z" duration="0.000181" asserts="0">
                    <properties>
                      <property name="retryIteration" value="0" />
                      <property name="repeatIteration" value="0" />
                    </properties>
                  </test-case>
                  <test-case id="1037" name="Constructor_EmptyName_ThrowsArgumentException" fullname="Hidano.FacialControl.Tests.EditMode.Domain.ExpressionTests.Constructor_EmptyName_ThrowsArgumentException" methodname="Constructor_EmptyName_ThrowsArgumentException" classname="Hidano.FacialControl.Tests.EditMode.Domain.ExpressionTests" runstate="Runnable" seed="422965864" result="Passed" start-time="2026-02-02 17:07:50Z" end-time="2026-02-02 17:07:50Z" duration="0.000189" asserts="0">
                    <properties>
                      <property name="retryIteration" value="0" />
                      <property name="repeatIteration" value="0" />
                    </properties>
                  </test-case>
                  <test-case id="1029" name="Constructor_JapaneseName_CreatesInstance" fullname="Hidano.FacialControl.Tests.EditMode.Domain.ExpressionTests.Constructor_JapaneseName_CreatesInstance" methodname="Constructor_JapaneseName_CreatesInstance" classname="Hidano.FacialControl.Tests.EditMode.Domain.ExpressionTests" runstate="Runnable" seed="669165007" result="Passed" start-time="2026-02-02 17:07:50Z" end-time="2026-02-02 17:07:50Z" duration="0.000180" asserts="0">
                    <properties>
                      <property name="retryIteration" value="0" />
                      <property name="repeatIteration" value="0" />
                    </properties>
                  </test-case>
                  <test-case id="1026" name="Constructor_MultipleBlendShapeValues_CreatesInstance" fullname="Hidano.FacialControl.Tests.EditMode.Domain.ExpressionTests.Constructor_MultipleBlendShapeValues_CreatesInstance" methodname="Constructor_MultipleBlendShapeValues_CreatesInstance" classname="Hidano.FacialControl.Tests.EditMode.Domain.ExpressionTests" runstate="Runnable" seed="734061923" result="Passed" start-time="2026-02-02 17:07:50Z" end-time="2026-02-02 17:07:50Z" duration="0.000227" asserts="0">
                    <properties>
                      <property name="retryIteration" value="0" />
                      <property name="repeatIteration" value="0" />
                    </properties>
                  </test-case>
                  <test-case id="1027" name="Constructor_MultipleLayerSlots_CreatesInstance" fullname="Hidano.FacialControl.Tests.EditMode.Domain.ExpressionTests.Constructor_MultipleLayerSlots_CreatesInstance" methodname="Constructor_MultipleLayerSlots_CreatesInstance" classname="Hidano.FacialControl.Tests.EditMode.Domain.ExpressionTests" runstate="Runnable" seed="2092731365" result="Passed" start-time="2026-02-02 17:07:50Z" end-time="2026-02-02 17:07:50Z" duration="0.000522" asserts="0">
                    <properties>
                      <property name="retryIteration" value="0" />
                      <property name="repeatIteration" value="0" />
                    </properties>
                  </test-case>
                  <test-case id="1033" name="Constructor_NullId_ThrowsArgumentNullException" fullname="Hidano.FacialControl.Tests.EditMode.Domain.ExpressionTests.Constructor_NullId_ThrowsArgumentNullException" methodname="Constructor_NullId_ThrowsArgumentNullException" classname="Hidano.FacialControl.Tests.EditMode.Domain.ExpressionTests" runstate="Runnable" seed="1261916763" result="Passed" start-time="2026-02-02 17:07:50Z" end-time="2026-02-02 17:07:50Z" duration="0.000186" asserts="0">
                    <properties>
                      <property name="retryIteration" value="0" />
                      <property name="repeatIteration" value="0" />
                    </properties>
                  </test-case>
                  <test-case id="1039" name="Constructor_NullLayer_ThrowsArgumentNullException" fullname="Hidano.FacialControl.Tests.EditMode.Domain.ExpressionTests.Constructor_NullLayer_ThrowsArgumentNullException" methodname="Constructor_NullLayer_ThrowsArgumentNullException" classname="Hidano.FacialControl.Tests.EditMode.Domain.ExpressionTests" runstate="Runnable" seed="1986823765" result="Passed" start-time="2026-02-02 17:07:50Z" end-time="2026-02-02 17:07:50Z" duration="0.000194" asserts="0">
                    <properties>
                      <property name="retryIteration" value="0" />
                      <property name="repeatIteration" value="0" />
                    </properties>
                  </test-case>
                  <test-case id="1036" name="Constructor_NullName_ThrowsArgumentNullException" fullname="Hidano.FacialControl.Tests.EditMode.Domain.ExpressionTests.Constructor_NullName_ThrowsArgumentNullException" methodname="Constructor_NullName_ThrowsArgumentNullException" classname="Hidano.FacialControl.Tests.EditMode.Domain.ExpressionTests" runstate="Runnable" seed="713352008" result="Passed" start-time="2026-02-02 17:07:50Z" end-time="2026-02-02 17:07:50Z" duration="0.000177" asserts="0">
                    <properties>
                      <property name="retryIteration" value="0" />
                      <property name="repeatIteration" value="0" />
                    </properties>
                  </test-case>
                  <test-case id="1030" name="Constructor_SpecialCharacterName_CreatesInstance" fullname="Hidano.FacialControl.Tests.EditMode.Domain.ExpressionTests.Constructor_SpecialCharacterName_CreatesInstance" methodname="Constructor_SpecialCharacterName_CreatesInstance" classname="Hidano.FacialControl.Tests.EditMode.Domain.ExpressionTests" runstate="Runnable" seed="1018053883" result="Passed" start-time="2026-02-02 17:07:50Z" end-time="2026-02-02 17:07:50Z" duration="0.000131" asserts="0">
                    <properties>
                      <property name="retryIteration" value="0" />
                      <property name="repeatIteration" value="0" />
                    </properties>
                  </test-case>
                  <test-case id="1031" name="Constructor_TransitionDurationNegative_ClampsToZero" fullname="Hidano.FacialControl.Tests.EditMode.Domain.ExpressionTests.Constructor_TransitionDurationNegative_ClampsToZero" methodname="Constructor_TransitionDurationNegative_ClampsToZero" classname="Hidano.FacialControl.Tests.EditMode.Domain.ExpressionTests" runstate="Runnable" seed="211226663" result="Passed" start-time="2026-02-02 17:07:50Z" end-time="2026-02-02 17:07:50Z" duration="0.000128" asserts="0">
                    <properties>
                      <property name="retryIteration" value="0" />
                      <property name="repeatIteration" value="0" />
                    </properties>
                  </test-case>
                  <test-case id="1025" name="Constructor_TransitionDurationOne_IsValid" fullname="Hidano.FacialControl.Tests.EditMode.Domain.ExpressionTests.Constructor_TransitionDurationOne_IsValid" methodname="Constructor_TransitionDurationOne_IsValid" classname="Hidano.FacialControl.Tests.EditMode.Domain.ExpressionTests" runstate="Runnable" seed="1284075883" result="Passed" start-time="2026-02-02 17:07:50Z" end-time="2026-02-02 17:07:50Z" duration="0.000127" asserts="0">
                    <properties>
                      <property name="retryIteration" value="0" />
                      <property name="repeatIteration" value="0" />
                    </properties>
                  </test-case>
                  <test-case id="1032" name="Constructor_TransitionDurationOverOne_ClampsToOne" fullname="Hidano.FacialControl.Tests.EditMode.Domain.ExpressionTests.Constructor_TransitionDurationOverOne_ClampsToOne" methodname="Constructor_TransitionDurationOverOne_ClampsToOne" classname="Hidano.FacialControl.Tests.EditMode.Domain.ExpressionTests" runstate="Runnable" seed="2109399466" result="Passed" start-time="2026-02-02 17:07:50Z" end-time="2026-02-02 17:07:50Z" duration="0.000121" asserts="0">
                    <properties>
                      <property name="retryIteration" value="0" />
                      <property name="repeatIteration" value="0" />
                    </properties>
                  </test-case>
                  <test-case id="1024" name="Constructor_TransitionDurationZero_IsValid" fullname="Hidano.FacialControl.Tests.EditMode.Domain.ExpressionTests.Constructor_TransitionDurationZero_IsValid" methodname="Constructor_TransitionDurationZero_IsValid" classname="Hidano.FacialControl.Tests.EditMode.Domain.ExpressionTests" runstate="Runnable" seed="1539974587" result="Passed" start-time="2026-02-02 17:07:50Z" end-time="2026-02-02 17:07:50Z" duration="0.000120" asserts="0">
                    <properties>
                      <property name="retryIteration" value="0" />
                      <property name="repeatIteration" value="0" />
                    </properties>
                  </test-case>
                  <test-case id="1019" name="Constructor_ValidParameters_CreatesInstance" fullname="Hidano.FacialControl.Tests.EditMode.Domain.ExpressionTests.Constructor_ValidParameters_CreatesInstance" methodname="Constructor_ValidParameters_CreatesInstance" classname="Hidano.FacialControl.Tests.EditMode.Domain.ExpressionTests" runstate="Runnable" seed="1748248055" result="Passed" start-time="2026-02-02 17:07:50Z" end-time="2026-02-02 17:07:50Z" duration="0.000320" asserts="0">
                    <properties>
                      <property name="retryIteration" value="0" />
                      <property name="repeatIteration" value="0" />
                    </properties>
                  </test-case>
                  <test-case id="1035" name="Constructor_WhitespaceId_ThrowsArgumentException" fullname="Hidano.FacialControl.Tests.EditMode.Domain.ExpressionTests.Constructor_WhitespaceId_ThrowsArgumentException" methodname="Constructor_WhitespaceId_ThrowsArgumentException" classname="Hidano.FacialControl.Tests.EditMode.Domain.ExpressionTests" runstate="Runnable" seed="1069796752" result="Passed" start-time="2026-02-02 17:07:50Z" end-time="2026-02-02 17:07:50Z" duration="0.000190" asserts="0">
                    <properties>
                      <property name="retryIteration" value="0" />
                      <property name="repeatIteration" value="0" />
                    </properties>
                  </test-case>
                  <test-case id="1041" name="Constructor_WhitespaceLayer_ThrowsArgumentException" fullname="Hidano.FacialControl.Tests.EditMode.Domain.ExpressionTests.Constructor_WhitespaceLayer_ThrowsArgumentException" methodname="Constructor_WhitespaceLayer_ThrowsArgumentException" classname="Hidano.FacialControl.Tests.EditMode.Domain.ExpressionTests" runstate="Runnable" seed="1729404441" result="Passed" start-time="2026-02-02 17:07:50Z" end-time="2026-02-02 17:07:50Z" duration="0.000183" asserts="0">
                    <properties>
                      <property name="retryIteration" value="0" />
                      <property name="repeatIteration" value="0" />
                    </properties>
                  </test-case>
                  <test-case id="1038" name="Constructor_WhitespaceName_ThrowsArgumentException" fullname="Hidano.FacialControl.Tests.EditMode.Domain.ExpressionTests.Constructor_WhitespaceName_ThrowsArgumentException" methodname="Constructor_WhitespaceName_ThrowsArgumentException" classname="Hidano.FacialControl.Tests.EditMode.Domain.ExpressionTests" runstate="Runnable" seed="1187313946" result="Passed" start-time="2026-02-02 17:07:50Z" end-time="2026-02-02 17:07:50Z" duration="0.000191" asserts="0">
                    <properties>
                      <property name="retryIteration" value="0" />
                      <property name="repeatIteration" value="0" />
                    </properties>
                  </test-case>
                  <test-case id="1043" name="LayerSlots_IsDefensiveCopy_OriginalArrayModificationDoesNotAffect" fullname="Hidano.FacialControl.Tests.EditMode.Domain.ExpressionTests.LayerSlots_IsDefensiveCopy_OriginalArrayModificationDoesNotAffect" methodname="LayerSlots_IsDefensiveCopy_OriginalArrayModificationDoesNotAffect" classname="Hidano.FacialControl.Tests.EditMode.Domain.ExpressionTests" runstate="Runnable" seed="620883442" result="Passed" start-time="2026-02-02 17:07:50Z" end-time="2026-02-02 17:07:50Z" duration="0.000265" asserts="0">
                    <properties>
                      <property name="retryIteration" value="0" />
                      <property name="repeatIteration" value="0" />
                    </properties>
                  </test-case>
                </test-suite>
                <test-suite type="TestFixture" id="1044" name="FacialProfileTests" fullname="Hidano.FacialControl.Tests.EditMode.Domain.FacialProfileTests" classname="Hidano.FacialControl.Tests.EditMode.Domain.FacialProfileTests" runstate="Runnable" testcasecount="31" result="Passed" start-time="2026-02-02 17:07:50Z" end-time="2026-02-02 17:07:50Z" duration="0.014480" total="31" passed="31" failed="0" inconclusive="0" skipped="0" asserts="0">
                  <properties />
                  <test-case id="1048" name="Constructor_DefaultExpressions_IsEmpty" fullname="Hidano.FacialControl.Tests.EditMode.Domain.FacialProfileTests.Constructor_DefaultExpressions_IsEmpty" methodname="Constructor_DefaultExpressions_IsEmpty" classname="Hidano.FacialControl.Tests.EditMode.Domain.FacialProfileTests" runstate="Runnable" seed="486005736" result="Passed" start-time="2026-02-02 17:07:50Z" end-time="2026-02-02 17:07:50Z" duration="0.000757" asserts="0">
                    <properties>
                      <property name="retryIteration" value="0" />
                      <property name="repeatIteration" value="0" />
                    </properties>
                  </test-case>
                  <test-case id="1049" name="Constructor_DefaultLayers_IsEmpty" fullname="Hidano.FacialControl.Tests.EditMode.Domain.FacialProfileTests.Constructor_DefaultLayers_IsEmpty" methodname="Constructor_DefaultLayers_IsEmpty" classname="Hidano.FacialControl.Tests.EditMode.Domain.FacialProfileTests" runstate="Runnable" seed="1419042183" result="Passed" start-time="2026-02-02 17:07:50Z" end-time="2026-02-02 17:07:50Z" duration="0.000256" asserts="0">
                    <properties>
                      <property name="retryIteration" value="0" />
                      <property name="repeatIteration" value="0" />
                    </properties>
                  </test-case>
                  <test-case id="1046" name="Constructor_EmptyExpressions_CreatesInstance" fullname="Hidano.FacialControl.Tests.EditMode.Domain.FacialProfileTests.Constructor_EmptyExpressions_CreatesInstance" methodname="Constructor_EmptyExpressions_CreatesInstance" classname="Hidano.FacialControl.Tests.EditMode.Domain.FacialProfileTests" runstate="Runnable" seed="2006137151" result="Passed" start-time="2026-02-02 17:07:50Z" end-time="2026-02-02 17:07:50Z" duration="0.000155" asserts="0">
                    <properties>
                      <property name="retryIteration" value="0" />
                      <property name="repeatIteration" value="0" />
                    </properties>
                  </test-case>
                  <test-case id="1047" name="Constructor_EmptyLayers_CreatesInstance" fullname="Hidano.FacialControl.Tests.EditMode.Domain.FacialProfileTests.Constructor_EmptyLayers_CreatesInstance" methodname="Constructor_EmptyLayers_CreatesInstance" classname="Hidano.FacialControl.Tests.EditMode.Domain.FacialProfileTests" runstate="Runnable" seed="126125936" result="Passed" start-time="2026-02-02 17:07:50Z" end-time="2026-02-02 17:07:50Z" duration="0.000131" asserts="0">
                    <properties>
                      <property name="retryIteration" value="0" />
                      <property name="repeatIteration" value="0" />
                    </properties>
                  </test-case>
                  <test-case id="1052" name="Constructor_EmptySchemaVersion_ThrowsArgumentException" fullname="Hidano.FacialControl.Tests.EditMode.Domain.FacialProfileTests.Constructor_EmptySchemaVersion_ThrowsArgumentException" methodname="Constructor_EmptySchemaVersion_ThrowsArgumentException" classname="Hidano.FacialControl.Tests.EditMode.Domain.FacialProfileTests" runstate="Runnable" seed="544966808" result="Passed" start-time="2026-02-02 17:07:50Z" end-time="2026-02-02 17:07:50Z" duration="0.000243" asserts="0">
                    <properties>
                      <property name="retryIteration" value="0" />
                      <property name="repeatIteration" value="0" />
                    </properties>
                  </test-case>
                  <test-case id="1071" name="Constructor_JapaneseSchemaVersion_CreatesInstance" fullname="Hidano.FacialControl.Tests.EditMode.Domain.FacialProfileTests.Constructor_JapaneseSchemaVersion_CreatesInstance" methodname="Constructor_JapaneseSchemaVersion_CreatesInstance" classname="Hidano.FacialControl.Tests.EditMode.Domain.FacialProfileTests" runstate="Runnable" seed="147963176" result="Passed" start-time="2026-02-02 17:07:50Z" end-time="2026-02-02 17:07:50Z" duration="0.000126" asserts="0">
                    <properties>
                      <property name="retryIteration" value="0" />
                      <property name="repeatIteration" value="0" />
                    </properties>
                  </test-case>
                  <test-case id="1050" name="Constructor_MultipleExpressions_CreatesInstance" fullname="Hidano.FacialControl.Tests.EditMode.Domain.FacialProfileTests.Constructor_MultipleExpressions_CreatesInstance" methodname="Constructor_MultipleExpressions_CreatesInstance" classname="Hidano.FacialControl.Tests.EditMode.Domain.FacialProfileTests" runstate="Runnable" seed="2045101887" result="Passed" start-time="2026-02-02 17:07:50Z" end-time="2026-02-02 17:07:50Z" duration="0.000224" asserts="0">
                    <properties>
                      <property name="retryIteration" value="0" />
                      <property name="repeatIteration" value="0" />
                    </properties>
                  </test-case>
                  <test-case id="1055" name="Constructor_NullExpressions_TreatedAsEmpty" fullname="Hidano.FacialControl.Tests.EditMode.Domain.FacialProfileTests.Constructor_NullExpressions_TreatedAsEmpty" methodname="Constructor_NullExpressions_TreatedAsEmpty" classname="Hidano.FacialControl.Tests.EditMode.Domain.FacialProfileTests" runstate="Runnable" seed="1205157024" result="Passed" start-time="2026-02-02 17:07:50Z" end-time="2026-02-02 17:07:50Z" duration="0.000133" asserts="0">
                    <properties>
                      <property name="retryIteration" value="0" />
                      <property name="repeatIteration" value="0" />
                    </properties>
                  </test-case>
                  <test-case id="1054" name="Constructor_NullLayers_TreatedAsEmpty" fullname="Hidano.FacialControl.Tests.EditMode.Domain.FacialProfileTests.Constructor_NullLayers_TreatedAsEmpty" methodname="Constructor_NullLayers_TreatedAsEmpty" classname="Hidano.FacialControl.Tests.EditMode.Domain.FacialProfileTests" runstate="Runnable" seed="429444986" result="Passed" start-time="2026-02-02 17:07:50Z" end-time="2026-02-02 17:07:50Z" duration="0.000134" asserts="0">
                    <properties>
                      <property name="retryIteration" value="0" />
                      <property name="repeatIteration" value="0" />
                    </properties>
                  </test-case>
                  <test-case id="1051" name="Constructor_NullSchemaVersion_ThrowsArgumentNullException" fullname="Hidano.FacialControl.Tests.EditMode.Domain.FacialProfileTests.Constructor_NullSchemaVersion_ThrowsArgumentNullException" methodname="Constructor_NullSchemaVersion_ThrowsArgumentNullException" classname="Hidano.FacialControl.Tests.EditMode.Domain.FacialProfileTests" runstate="Runnable" seed="80016963" result="Passed" start-time="2026-02-02 17:07:50Z" end-time="2026-02-02 17:07:50Z" duration="0.000176" asserts="0">
                    <properties>
                      <property name="retryIteration" value="0" />
                      <property name="repeatIteration" value="0" />
                    </properties>
                  </test-case>
                  <test-case id="1045" name="Constructor_ValidParameters_CreatesInstance" fullname="Hidano.FacialControl.Tests.EditMode.Domain.FacialProfileTests.Constructor_ValidParameters_CreatesInstance" methodname="Constructor_ValidParameters_CreatesInstance" classname="Hidano.FacialControl.Tests.EditMode.Domain.FacialProfileTests" runstate="Runnable" seed="732409798" result="Passed" start-time="2026-02-02 17:07:50Z" end-time="2026-02-02 17:07:50Z" duration="0.000188" asserts="0">
                    <properties>
                      <property name="retryIteration" value="0" />
                      <property name="repeatIteration" value="0" />
                    </properties>
                  </test-case>
                  <test-case id="1053" name="Constructor_WhitespaceSchemaVersion_ThrowsArgumentException" fullname="Hidano.FacialControl.Tests.EditMode.Domain.FacialProfileTests.Constructor_WhitespaceSchemaVersion_ThrowsArgumentException" methodname="Constructor_WhitespaceSchemaVersion_ThrowsArgumentException" classname="Hidano.FacialControl.Tests.EditMode.Domain.FacialProfileTests" runstate="Runnable" seed="473137924" result="Passed" start-time="2026-02-02 17:07:50Z" end-time="2026-02-02 17:07:50Z" duration="0.000169" asserts="0">
                    <properties>
                      <property name="retryIteration" value="0" />
                      <property name="repeatIteration" value="0" />
                    </properties>
                  </test-case>
                  <test-case id="1057" name="Expressions_IsDefensiveCopy_OriginalArrayModificationDoesNotAffect" fullname="Hidano.FacialControl.Tests.EditMode.Domain.FacialProfileTests.Expressions_IsDefensiveCopy_OriginalArrayModificationDoesNotAffect" methodname="Expressions_IsDefensiveCopy_OriginalArrayModificationDoesNotAffect" classname="Hidano.FacialControl.Tests.EditMode.Domain.FacialProfileTests" runstate="Runnable" seed="1962739623" result="Passed" start-time="2026-02-02 17:07:50Z" end-time="2026-02-02 17:07:50Z" duration="0.000380" asserts="0">
                    <properties>
                      <property name="retryIteration" value="0" />
                      <property name="repeatIteration" value="0" />
                    </properties>
                  </test-case>
                  <test-case id="1065" name="FindExpressionById_ExistingId_ReturnsExpression" fullname="Hidano.FacialControl.Tests.EditMode.Domain.FacialProfileTests.FindExpressionById_ExistingId_ReturnsExpression" methodname="FindExpressionById_ExistingId_ReturnsExpression" classname="Hidano.FacialControl.Tests.EditMode.Domain.FacialProfileTests" runstate="Runnable" seed="1284699656" result="Passed" start-time="2026-02-02 17:07:50Z" end-time="2026-02-02 17:07:50Z" duration="0.000523" asserts="0">
                    <properties>
                      <property name="retryIteration" value="0" />
                      <property name="repeatIteration" value="0" />
                    </properties>
                  </test-case>
                  <test-case id="1072" name="FindExpressionById_JapaneseId_ReturnsExpression" fullname="Hidano.FacialControl.Tests.EditMode.Domain.FacialProfileTests.FindExpressionById_JapaneseId_ReturnsExpression" methodname="FindExpressionById_JapaneseId_ReturnsExpression" classname="Hidano.FacialControl.Tests.EditMode.Domain.FacialProfileTests" runstate="Runnable" seed="700800661" result="Passed" start-time="2026-02-02 17:07:50Z" end-time="2026-02-02 17:07:50Z" duration="0.000167" asserts="0">
                    <properties>
                      <property name="retryIteration" value="0" />
                      <property name="repeatIteration" value="0" />
                    </properties>
                  </test-case>
                  <test-case id="1066" name="FindExpressionById_NonExistingId_ReturnsNull" fullname="Hidano.FacialControl.Tests.EditMode.Domain.FacialProfileTests.FindExpressionById_NonExistingId_ReturnsNull" methodname="FindExpressionById_NonExistingId_ReturnsNull" classname="Hidano.FacialControl.Tests.EditMode.Domain.FacialProfileTests" runstate="Runnable" seed="818451850" result="Passed" start-time="2026-02-02 17:07:50Z" end-time="2026-02-02 17:07:50Z" duration="0.000255" asserts="0">
                    <properties>
                      <property name="retryIteration" value="0" />
                      <property name="repeatIteration" value="0" />
                    </properties>
                  </test-case>
                  <test-case id="1067" name="FindExpressionById_NullId_ThrowsArgumentNullException" fullname="Hidano.FacialControl.Tests.EditMode.Domain.FacialProfileTests.FindExpressionById_NullId_ThrowsArgumentNullException" methodname="FindExpressionById_NullId_ThrowsArgumentNullException" classname="Hidano.FacialControl.Tests.EditMode.Domain.FacialProfileTests" runstate="Runnable" seed="1448401664" result="Passed" start-time="2026-02-02 17:07:50Z" end-time="2026-02-02 17:07:50Z" duration="0.000204" asserts="0">
                    <properties>
                      <property name="retryIteration" value="0" />
                      <property name="repeatIteration" value="0" />
                    </properties>
                  </test-case>
                  <test-case id="1073" name="FindLayerByName_ExistingLayer_ReturnsLayerDefinition" fullname="Hidano.FacialControl.Tests.EditMode.Domain.FacialProfileTests.FindLayerByName_ExistingLayer_ReturnsLayerDefinition" methodname="FindLayerByName_ExistingLayer_ReturnsLayerDefinition" classname="Hidano.FacialControl.Tests.EditMode.Domain.FacialProfileTests" runstate="Runnable" seed="97848828" result="Passed" start-time="2026-02-02 17:07:50Z" end-time="2026-02-02 17:07:50Z" duration="0.000574" asserts="0">
                    <properties>
                      <property name="retryIteration" value="0" />
                      <property name="repeatIteration" value="0" />
                    </properties>
                  </test-case>
                  <test-case id="1074" name="FindLayerByName_NonExistingLayer_ReturnsNull" fullname="Hidano.FacialControl.Tests.EditMode.Domain.FacialProfileTests.FindLayerByName_NonExistingLayer_ReturnsNull" methodname="FindLayerByName_NonExistingLayer_ReturnsNull" classname="Hidano.FacialControl.Tests.EditMode.Domain.FacialProfileTests" runstate="Runnable" seed="28210873" result="Passed" start-time="2026-02-02 17:07:50Z" end-time="2026-02-02 17:07:50Z" duration="0.000145" asserts="0">
                    <properties>
                      <property name="retryIteration" value="0" />
                      <property name="repeatIteration" value="0" />
                    </properties>
                  </test-case>
                  <test-case id="1075" name="FindLayerByName_NullName_ThrowsArgumentNullException" fullname="Hidano.FacialControl.Tests.EditMode.Domain.FacialProfileTests.FindLayerByName_NullName_ThrowsArgumentNullException" methodname="FindLayerByName_NullName_ThrowsArgumentNullException" classname="Hidano.FacialControl.Tests.EditMode.Domain.FacialProfileTests" runstate="Runnable" seed="1559872301" result="Passed" start-time="2026-02-02 17:07:50Z" end-time="2026-02-02 17:07:50Z" duration="0.000222" asserts="0">
                    <properties>
                      <property name="retryIteration" value="0" />
                      <property name="repeatIteration" value="0" />
                    </properties>
                  </test-case>
                  <test-case id="1061" name="GetEffectiveLayer_ExpressionWithDefinedLayer_ReturnsOriginalLayer" fullname="Hidano.FacialControl.Tests.EditMode.Domain.FacialProfileTests.GetEffectiveLayer_ExpressionWithDefinedLayer_ReturnsOriginalLayer" methodname="GetEffectiveLayer_ExpressionWithDefinedLayer_ReturnsOriginalLayer" classname="Hidano.FacialControl.Tests.EditMode.Domain.FacialProfileTests" runstate="Runnable" seed="840493173" result="Passed" start-time="2026-02-02 17:07:50Z" end-time="2026-02-02 17:07:50Z" duration="0.000272" asserts="0">
                    <properties>
                      <property name="retryIteration" value="0" />
                      <property name="repeatIteration" value="0" />
                    </properties>
                  </test-case>
                  <test-case id="1062" name="GetEffectiveLayer_ExpressionWithUndefinedLayer_FallsBackToEmotion" fullname="Hidano.FacialControl.Tests.EditMode.Domain.FacialProfileTests.GetEffectiveLayer_ExpressionWithUndefinedLayer_FallsBackToEmotion" methodname="GetEffectiveLayer_ExpressionWithUndefinedLayer_FallsBackToEmotion" classname="Hidano.FacialControl.Tests.EditMode.Domain.FacialProfileTests" runstate="Runnable" seed="999766692" result="Passed" start-time="2026-02-02 17:07:50Z" end-time="2026-02-02 17:07:50Z" duration="0.000173" asserts="0">
                    <properties>
                      <property name="retryIteration" value="0" />
                      <property name="repeatIteration" value="0" />
                    </properties>
                  </test-case>
                  <test-case id="1063" name="GetEffectiveLayer_NoEmotionLayerDefined_ReturnsFirstLayer" fullname="Hidano.FacialControl.Tests.EditMode.Domain.FacialProfileTests.GetEffectiveLayer_NoEmotionLayerDefined_ReturnsFirstLayer" methodname="GetEffectiveLayer_NoEmotionLayerDefined_ReturnsFirstLayer" classname="Hidano.FacialControl.Tests.EditMode.Domain.FacialProfileTests" runstate="Runnable" seed="508593081" result="Passed" start-time="2026-02-02 17:07:50Z" end-time="2026-02-02 17:07:50Z" duration="0.000208" asserts="0">
                    <properties>
                      <property name="retryIteration" value="0" />
                      <property name="repeatIteration" value="0" />
                    </properties>
                  </test-case>
                  <test-case id="1064" name="GetEffectiveLayer_NoLayersDefined_ReturnsExpressionOriginalLayer" fullname="Hidano.FacialControl.Tests.EditMode.Domain.FacialProfileTests.GetEffectiveLayer_NoLayersDefined_ReturnsExpressionOriginalLayer" methodname="GetEffectiveLayer_NoLayersDefined_ReturnsExpressionOriginalLayer" classname="Hidano.FacialControl.Tests.EditMode.Domain.FacialProfileTests" runstate="Runnable" seed="1821430642" result="Passed" start-time="2026-02-02 17:07:50Z" end-time="2026-02-02 17:07:50Z" duration="0.000165" asserts="0">
                    <properties>
                      <property name="retryIteration" value="0" />
                      <property name="repeatIteration" value="0" />
                    </properties>
                  </test-case>
                  <test-case id="1068" name="GetExpressionsByLayer_ExistingLayer_ReturnsMatchingExpressions" fullname="Hidano.FacialControl.Tests.EditMode.Domain.FacialProfileTests.GetExpressionsByLayer_ExistingLayer_ReturnsMatchingExpressions" methodname="GetExpressionsByLayer_ExistingLayer_ReturnsMatchingExpressions" classname="Hidano.FacialControl.Tests.EditMode.Domain.FacialProfileTests" runstate="Runnable" seed="281025302" result="Passed" start-time="2026-02-02 17:07:50Z" end-time="2026-02-02 17:07:50Z" duration="0.000588" asserts="0">
                    <properties>
                      <property name="retryIteration" value="0" />
                      <property name="repeatIteration" value="0" />
                    </properties>
                  </test-case>
                  <test-case id="1069" name="GetExpressionsByLayer_NoMatchingExpressions_ReturnsEmpty" fullname="Hidano.FacialControl.Tests.EditMode.Domain.FacialProfileTests.GetExpressionsByLayer_NoMatchingExpressions_ReturnsEmpty" methodname="GetExpressionsByLayer_NoMatchingExpressions_ReturnsEmpty" classname="Hidano.FacialControl.Tests.EditMode.Domain.FacialProfileTests" runstate="Runnable" seed="1316394434" result="Passed" start-time="2026-02-02 17:07:50Z" end-time="2026-02-02 17:07:50Z" duration="0.000226" asserts="0">
                    <properties>
                      <property name="retryIteration" value="0" />
                      <property name="repeatIteration" value="0" />
                    </properties>
                  </test-case>
                  <test-case id="1070" name="GetExpressionsByLayer_NullLayer_ThrowsArgumentNullException" fullname="Hidano.FacialControl.Tests.EditMode.Domain.FacialProfileTests.GetExpressionsByLayer_NullLayer_ThrowsArgumentNullException" methodname="GetExpressionsByLayer_NullLayer_ThrowsArgumentNullException" classname="Hidano.FacialControl.Tests.EditMode.Domain.FacialProfileTests" runstate="Runnable" seed="350012106" result="Passed" start-time="2026-02-02 17:07:50Z" end-time="2026-02-02 17:07:50Z" duration="0.000246" asserts="0">
                    <properties>
                      <property name="retryIteration" value="0" />
                      <property name="repeatIteration" value="0" />
                    </properties>
                  </test-case>
                  <test-case id="1056" name="Layers_IsDefensiveCopy_OriginalArrayModificationDoesNotAffect" fullname="Hidano.FacialControl.Tests.EditMode.Domain.FacialProfileTests.Layers_IsDefensiveCopy_OriginalArrayModificationDoesNotAffect" methodname="Layers_IsDefensiveCopy_OriginalArrayModificationDoesNotAffect" classname="Hidano.FacialControl.Tests.EditMode.Domain.FacialProfileTests" runstate="Runnable" seed="1284042580" result="Passed" start-time="2026-02-02 17:07:50Z" end-time="2026-02-02 17:07:50Z" duration="0.000193" asserts="0">
                    <properties>
                      <property name="retryIteration" value="0" />
                      <property name="repeatIteration" value="0" />
                    </properties>
                  </test-case>
                  <test-case id="1058" name="ValidateLayerReferences_AllExpressionsReferenceDefinedLayers_ReturnsEmptyList" fullname="Hidano.FacialControl.Tests.EditMode.Domain.FacialProfileTests.ValidateLayerReferences_AllExpressionsReferenceDefinedLayers_ReturnsEmptyList" methodname="ValidateLayerReferences_AllExpressionsReferenceDefinedLayers_ReturnsEmptyList" classname="Hidano.FacialControl.Tests.EditMode.Domain.FacialProfileTests" runstate="Runnable" seed="323118898" result="Passed" start-time="2026-02-02 17:07:50Z" end-time="2026-02-02 17:07:50Z" duration="0.000417" asserts="0">
                    <properties>
                      <property name="retryIteration" value="0" />
                      <property name="repeatIteration" value="0" />
                    </properties>
                  </test-case>
                  <test-case id="1059" name="ValidateLayerReferences_ExpressionReferencesUndefinedLayer_ReturnsInvalidReference" fullname="Hidano.FacialControl.Tests.EditMode.Domain.FacialProfileTests.ValidateLayerReferences_ExpressionReferencesUndefinedLayer_ReturnsInvalidReference" methodname="ValidateLayerReferences_ExpressionReferencesUndefinedLayer_ReturnsInvalidReference" classname="Hidano.FacialControl.Tests.EditMode.Domain.FacialProfileTests" runstate="Runnable" seed="1863531363" result="Passed" start-time="2026-02-02 17:07:50Z" end-time="2026-02-02 17:07:50Z" duration="0.000467" asserts="0">
                    <properties>
                      <property name="retryIteration" value="0" />
                      <property name="repeatIteration" value="0" />
                    </properties>
                  </test-case>
                  <test-case id="1060" name="ValidateLayerReferences_MultipleInvalidReferences_ReturnsAll" fullname="Hidano.FacialControl.Tests.EditMode.Domain.FacialProfileTests.ValidateLayerReferences_MultipleInvalidReferences_ReturnsAll" methodname="ValidateLayerReferences_MultipleInvalidReferences_ReturnsAll" classname="Hidano.FacialControl.Tests.EditMode.Domain.FacialProfileTests" runstate="Runnable" seed="1017822815" result="Passed" start-time="2026-02-02 17:07:50Z" end-time="2026-02-02 17:07:50Z" duration="0.000226" asserts="0">
                    <properties>
                      <property name="retryIteration" value="0" />
                      <property name="repeatIteration" value="0" />
                    </properties>
                  </test-case>
                </test-suite>
                <test-suite type="TestFixture" id="1076" name="LayerDefinitionTests" fullname="Hidano.FacialControl.Tests.EditMode.Domain.LayerDefinitionTests" classname="Hidano.FacialControl.Tests.EditMode.Domain.LayerDefinitionTests" runstate="Runnable" testcasecount="11" result="Passed" start-time="2026-02-02 17:07:50Z" end-time="2026-02-02 17:07:50Z" duration="0.004472" total="11" passed="11" failed="0" inconclusive="0" skipped="0" asserts="0">
                  <properties />
                  <test-case id="1078" name="Constructor_BlendMode_CreatesInstance" fullname="Hidano.FacialControl.Tests.EditMode.Domain.LayerDefinitionTests.Constructor_BlendMode_CreatesInstance" methodname="Constructor_BlendMode_CreatesInstance" classname="Hidano.FacialControl.Tests.EditMode.Domain.LayerDefinitionTests" runstate="Runnable" seed="1946833419" result="Passed" start-time="2026-02-02 17:07:50Z" end-time="2026-02-02 17:07:50Z" duration="0.000188" asserts="0">
                    <properties>
                      <property name="retryIteration" value="0" />
                      <property name="repeatIteration" value="0" />
                    </properties>
                  </test-case>
                  <test-case id="1081" name="Constructor_EmptyName_ThrowsArgumentException" fullname="Hidano.FacialControl.Tests.EditMode.Domain.LayerDefinitionTests.Constructor_EmptyName_ThrowsArgumentException" methodname="Constructor_EmptyName_ThrowsArgumentException" classname="Hidano.FacialControl.Tests.EditMode.Domain.LayerDefinitionTests" runstate="Runnable" seed="1399863074" result="Passed" start-time="2026-02-02 17:07:50Z" end-time="2026-02-02 17:07:50Z" duration="0.000236" asserts="0">
                    <properties>
                      <property name="retryIteration" value="0" />
                      <property name="repeatIteration" value="0" />
                    </properties>
                  </test-case>
                  <test-case id="1079" name="Constructor_HighPriority_CreatesInstance" fullname="Hidano.FacialControl.Tests.EditMode.Domain.LayerDefinitionTests.Constructor_HighPriority_CreatesInstance" methodname="Constructor_HighPriority_CreatesInstance" classname="Hidano.FacialControl.Tests.EditMode.Domain.LayerDefinitionTests" runstate="Runnable" seed="893230547" result="Passed" start-time="2026-02-02 17:07:50Z" end-time="2026-02-02 17:07:50Z" duration="0.000121" asserts="0">
                    <properties>
                      <property name="retryIteration" value="0" />
                      <property name="repeatIteration" value="0" />
                    </properties>
                  </test-case>
                  <test-case id="1086" name="Constructor_JapaneseName_CreatesInstance" fullname="Hidano.FacialControl.Tests.EditMode.Domain.LayerDefinitionTests.Constructor_JapaneseName_CreatesInstance" methodname="Constructor_JapaneseName_CreatesInstance" classname="Hidano.FacialControl.Tests.EditMode.Domain.LayerDefinitionTests" runstate="Runnable" seed="107411904" result="Passed" start-time="2026-02-02 17:07:50Z" end-time="2026-02-02 17:07:50Z" duration="0.000112" asserts="0">
                    <properties>
                      <property name="retryIteration" value="0" />
                      <property name="repeatIteration" value="0" />
                    </properties>
                  </test-case>
                  <test-case id="1083" name="Constructor_NegativePriority_ThrowsArgumentOutOfRangeException" fullname="Hidano.FacialControl.Tests.EditMode.Domain.LayerDefinitionTests.Constructor_NegativePriority_ThrowsArgumentOutOfRangeException" methodname="Constructor_NegativePriority_ThrowsArgumentOutOfRangeException" classname="Hidano.FacialControl.Tests.EditMode.Domain.LayerDefinitionTests" runstate="Runnable" seed="169745285" result="Passed" start-time="2026-02-02 17:07:50Z" end-time="2026-02-02 17:07:50Z" duration="0.000209" asserts="0">
                    <properties>
                      <property name="retryIteration" value="0" />
                      <property name="repeatIteration" value="0" />
                    </properties>
                  </test-case>
                  <test-case id="1084" name="Constructor_NegativePriorityLarge_ThrowsArgumentOutOfRangeException" fullname="Hidano.FacialControl.Tests.EditMode.Domain.LayerDefinitionTests.Constructor_NegativePriorityLarge_ThrowsArgumentOutOfRangeException" methodname="Constructor_NegativePriorityLarge_ThrowsArgumentOutOfRangeException" classname="Hidano.FacialControl.Tests.EditMode.Domain.LayerDefinitionTests" runstate="Runnable" seed="1979138189" result="Passed" start-time="2026-02-02 17:07:50Z" end-time="2026-02-02 17:07:50Z" duration="0.000161" asserts="0">
                    <properties>
                      <property name="retryIteration" value="0" />
                      <property name="repeatIteration" value="0" />
                    </properties>
                  </test-case>
                  <test-case id="1080" name="Constructor_NullName_ThrowsArgumentNullException" fullname="Hidano.FacialControl.Tests.EditMode.Domain.LayerDefinitionTests.Constructor_NullName_ThrowsArgumentNullException" methodname="Constructor_NullName_ThrowsArgumentNullException" classname="Hidano.FacialControl.Tests.EditMode.Domain.LayerDefinitionTests" runstate="Runnable" seed="1021152988" result="Passed" start-time="2026-02-02 17:07:50Z" end-time="2026-02-02 17:07:50Z" duration="0.000181" asserts="0">
                    <properties>
                      <property name="retryIteration" value="0" />
                      <property name="repeatIteration" value="0" />
                    </properties>
                  </test-case>
                  <test-case id="1085" name="Constructor_PriorityZero_IsValid" fullname="Hidano.FacialControl.Tests.EditMode.Domain.LayerDefinitionTests.Constructor_PriorityZero_IsValid" methodname="Constructor_PriorityZero_IsValid" classname="Hidano.FacialControl.Tests.EditMode.Domain.LayerDefinitionTests" runstate="Runnable" seed="1468817701" result="Passed" start-time="2026-02-02 17:07:50Z" end-time="2026-02-02 17:07:50Z" duration="0.000124" asserts="0">
                    <properties>
                      <property name="retryIteration" value="0" />
                      <property name="repeatIteration" value="0" />
                    </properties>
                  </test-case>
                  <test-case id="1087" name="Constructor_SpecialCharacterName_CreatesInstance" fullname="Hidano.FacialControl.Tests.EditMode.Domain.LayerDefinitionTests.Constructor_SpecialCharacterName_CreatesInstance" methodname="Constructor_SpecialCharacterName_CreatesInstance" classname="Hidano.FacialControl.Tests.EditMode.Domain.LayerDefinitionTests" runstate="Runnable" seed="1988555330" result="Passed" start-time="2026-02-02 17:07:50Z" end-time="2026-02-02 17:07:50Z" duration="0.000118" asserts="0">
                    <properties>
                      <property name="retryIteration" value="0" />
                      <property name="repeatIteration" value="0" />
                    </properties>
                  </test-case>
                  <test-case id="1077" name="Constructor_ValidParameters_CreatesInstance" fullname="Hidano.FacialControl.Tests.EditMode.Domain.LayerDefinitionTests.Constructor_ValidParameters_CreatesInstance" methodname="Constructor_ValidParameters_CreatesInstance" classname="Hidano.FacialControl.Tests.EditMode.Domain.LayerDefinitionTests" runstate="Runnable" seed="1601214279" result="Passed" start-time="2026-02-02 17:07:50Z" end-time="2026-02-02 17:07:50Z" duration="0.000145" asserts="0">
                    <properties>
                      <property name="retryIteration" value="0" />
                      <property name="repeatIteration" value="0" />
                    </properties>
                  </test-case>
                  <test-case id="1082" name="Constructor_WhitespaceName_ThrowsArgumentException" fullname="Hidano.FacialControl.Tests.EditMode.Domain.LayerDefinitionTests.Constructor_WhitespaceName_ThrowsArgumentException" methodname="Constructor_WhitespaceName_ThrowsArgumentException" classname="Hidano.FacialControl.Tests.EditMode.Domain.LayerDefinitionTests" runstate="Runnable" seed="1621473008" result="Passed" start-time="2026-02-02 17:07:50Z" end-time="2026-02-02 17:07:50Z" duration="0.000173" asserts="0">
                    <properties>
                      <property name="retryIteration" value="0" />
                      <property name="repeatIteration" value="0" />
                    </properties>
                  </test-case>
                </test-suite>
                <test-suite type="TestFixture" id="1088" name="LayerSlotTests" fullname="Hidano.FacialControl.Tests.EditMode.Domain.LayerSlotTests" classname="Hidano.FacialControl.Tests.EditMode.Domain.LayerSlotTests" runstate="Runnable" testcasecount="10" result="Passed" start-time="2026-02-02 17:07:50Z" end-time="2026-02-02 17:07:50Z" duration="0.004307" total="10" passed="10" failed="0" inconclusive="0" skipped="0" asserts="0">
                  <properties />
                  <test-case id="1098" name="BlendShapeValues_IsDefensiveCopy_OriginalArrayModificationDoesNotAffect" fullname="Hidano.FacialControl.Tests.EditMode.Domain.LayerSlotTests.BlendShapeValues_IsDefensiveCopy_OriginalArrayModificationDoesNotAffect" methodname="BlendShapeValues_IsDefensiveCopy_OriginalArrayModificationDoesNotAffect" classname="Hidano.FacialControl.Tests.EditMode.Domain.LayerSlotTests" runstate="Runnable" seed="812590432" result="Passed" start-time="2026-02-02 17:07:50Z" end-time="2026-02-02 17:07:50Z" duration="0.000257" asserts="0">
                    <properties>
                      <property name="retryIteration" value="0" />
                      <property name="repeatIteration" value="0" />
                    </properties>
                  </test-case>
                  <test-case id="1091" name="Constructor_EmptyBlendShapeValues_CreatesInstance" fullname="Hidano.FacialControl.Tests.EditMode.Domain.LayerSlotTests.Constructor_EmptyBlendShapeValues_CreatesInstance" methodname="Constructor_EmptyBlendShapeValues_CreatesInstance" classname="Hidano.FacialControl.Tests.EditMode.Domain.LayerSlotTests" runstate="Runnable" seed="889623850" result="Passed" start-time="2026-02-02 17:07:50Z" end-time="2026-02-02 17:07:50Z" duration="0.000159" asserts="0">
                    <properties>
                      <property name="retryIteration" value="0" />
                      <property name="repeatIteration" value="0" />
                    </properties>
                  </test-case>
                  <test-case id="1093" name="Constructor_EmptyLayer_ThrowsArgumentException" fullname="Hidano.FacialControl.Tests.EditMode.Domain.LayerSlotTests.Constructor_EmptyLayer_ThrowsArgumentException" methodname="Constructor_EmptyLayer_ThrowsArgumentException" classname="Hidano.FacialControl.Tests.EditMode.Domain.LayerSlotTests" runstate="Runnable" seed="1820999456" result="Passed" start-time="2026-02-02 17:07:50Z" end-time="2026-02-02 17:07:50Z" duration="0.000208" asserts="0">
                    <properties>
                      <property name="retryIteration" value="0" />
                      <property name="repeatIteration" value="0" />
                    </properties>
                  </test-case>
                  <test-case id="1096" name="Constructor_JapaneseLayerName_CreatesInstance" fullname="Hidano.FacialControl.Tests.EditMode.Domain.LayerSlotTests.Constructor_JapaneseLayerName_CreatesInstance" methodname="Constructor_JapaneseLayerName_CreatesInstance" classname="Hidano.FacialControl.Tests.EditMode.Domain.LayerSlotTests" runstate="Runnable" seed="544521757" result="Passed" start-time="2026-02-02 17:07:50Z" end-time="2026-02-02 17:07:50Z" duration="0.000141" asserts="0">
                    <properties>
                      <property name="retryIteration" value="0" />
                      <property name="repeatIteration" value="0" />
                    </properties>
                  </test-case>
                  <test-case id="1090" name="Constructor_MultipleBlendShapeValues_CreatesInstance" fullname="Hidano.FacialControl.Tests.EditMode.Domain.LayerSlotTests.Constructor_MultipleBlendShapeValues_CreatesInstance" methodname="Constructor_MultipleBlendShapeValues_CreatesInstance" classname="Hidano.FacialControl.Tests.EditMode.Domain.LayerSlotTests" runstate="Runnable" seed="717588107" result="Passed" start-time="2026-02-02 17:07:50Z" end-time="2026-02-02 17:07:50Z" duration="0.000270" asserts="0">
                    <properties>
                      <property name="retryIteration" value="0" />
                      <property name="repeatIteration" value="0" />
                    </properties>
                  </test-case>
                  <test-case id="1095" name="Constructor_NullBlendShapeValues_ThrowsArgumentNullException" fullname="Hidano.FacialControl.Tests.EditMode.Domain.LayerSlotTests.Constructor_NullBlendShapeValues_ThrowsArgumentNullException" methodname="Constructor_NullBlendShapeValues_ThrowsArgumentNullException" classname="Hidano.FacialControl.Tests.EditMode.Domain.LayerSlotTests" runstate="Runnable" seed="1958645699" result="Passed" start-time="2026-02-02 17:07:50Z" end-time="2026-02-02 17:07:50Z" duration="0.000243" asserts="0">
                    <properties>
                      <property name="retryIteration" value="0" />
                      <property name="repeatIteration" value="0" />
                    </properties>
                  </test-case>
                  <test-case id="1092" name="Constructor_NullLayer_ThrowsArgumentNullException" fullname="Hidano.FacialControl.Tests.EditMode.Domain.LayerSlotTests.Constructor_NullLayer_ThrowsArgumentNullException" methodname="Constructor_NullLayer_ThrowsArgumentNullException" classname="Hidano.FacialControl.Tests.EditMode.Domain.LayerSlotTests" runstate="Runnable" seed="1414844376" result="Passed" start-time="2026-02-02 17:07:50Z" end-time="2026-02-02 17:07:50Z" duration="0.000220" asserts="0">
                    <properties>
                      <property name="retryIteration" value="0" />
                      <property name="repeatIteration" value="0" />
                    </properties>
                  </test-case>
                  <test-case id="1097" name="Constructor_SpecialCharacterLayerName_CreatesInstance" fullname="Hidano.FacialControl.Tests.EditMode.Domain.LayerSlotTests.Constructor_SpecialCharacterLayerName_CreatesInstance" methodname="Constructor_SpecialCharacterLayerName_CreatesInstance" classname="Hidano.FacialControl.Tests.EditMode.Domain.LayerSlotTests" runstate="Runnable" seed="2063630304" result="Passed" start-time="2026-02-02 17:07:50Z" end-time="2026-02-02 17:07:50Z" duration="0.000127" asserts="0">
                    <properties>
                      <property name="retryIteration" value="0" />
                      <property name="repeatIteration" value="0" />
                    </properties>
                  </test-case>
                  <test-case id="1089" name="Constructor_ValidParameters_CreatesInstance" fullname="Hidano.FacialControl.Tests.EditMode.Domain.LayerSlotTests.Constructor_ValidParameters_CreatesInstance" methodname="Constructor_ValidParameters_CreatesInstance" classname="Hidano.FacialControl.Tests.EditMode.Domain.LayerSlotTests" runstate="Runnable" seed="929173384" result="Passed" start-time="2026-02-02 17:07:50Z" end-time="2026-02-02 17:07:50Z" duration="0.000199" asserts="0">
                    <properties>
                      <property name="retryIteration" value="0" />
                      <property name="repeatIteration" value="0" />
                    </properties>
                  </test-case>
                  <test-case id="1094" name="Constructor_WhitespaceLayer_ThrowsArgumentException" fullname="Hidano.FacialControl.Tests.EditMode.Domain.LayerSlotTests.Constructor_WhitespaceLayer_ThrowsArgumentException" methodname="Constructor_WhitespaceLayer_ThrowsArgumentException" classname="Hidano.FacialControl.Tests.EditMode.Domain.LayerSlotTests" runstate="Runnable" seed="170407378" result="Passed" start-time="2026-02-02 17:07:50Z" end-time="2026-02-02 17:07:50Z" duration="0.000213" asserts="0">
                    <properties>
                      <property name="retryIteration" value="0" />
                      <property name="repeatIteration" value="0" />
                    </properties>
                    <output><![CDATA[Saving results to: C:/Users/Hidano/AppData/LocalLow/DefaultCompany/FacialControl\TestResults.xml
]]></output>
                  </test-case>
                </test-suite>
              </test-suite>
            </test-suite>
          </test-suite>
        </test-suite>
      </test-suite>
    </test-suite>
  </test-suite>
</test-run>