<?xml version="1.0" encoding="utf-8"?>
<test-run id="2" testcasecount="499" result="Passed" total="499" passed="499" failed="0" inconclusive="0" skipped="0" asserts="0" engine-version="3.5.0.0" clr-version="4.0.30319.42000" start-time="2026-02-03 05:58:03Z" end-time="2026-02-03 05:58:04Z" duration="0.3558208">
  <test-suite type="TestSuite" id="1000" name="FacialControl" fullname="FacialControl" runstate="Runnable" testcasecount="499" result="Passed" start-time="2026-02-03 05:58:03Z" end-time="2026-02-03 05:58:04Z" duration="0.355821" total="499" passed="499" failed="0" inconclusive="0" skipped="0" asserts="0">
    <properties>
      <property name="platform" value="EditMode" />
    </properties>
    <test-suite type="Assembly" id="1519" name="Hidano.FacialControl.Tests.EditMode.dll" fullname="D:/Personal/Repositries/FacialControl/FacialControl/Library/ScriptAssemblies/Hidano.FacialControl.Tests.EditMode.dll" runstate="Runnable" testcasecount="499" result="Passed" start-time="2026-02-03 05:58:03Z" end-time="2026-02-03 05:58:04Z" duration="0.351219" total="499" passed="499" failed="0" inconclusive="0" skipped="0" asserts="0">
      <properties>
        <property name="_PID" value="346116" />
        <property name="_APPDOMAIN" value="Unity Child Domain" />
        <property name="platform" value="EditMode" />
        <property name="EditorOnly" value="True" />
      </properties>
      <test-suite type="TestSuite" id="1520" name="Hidano" fullname="Hidano" runstate="Runnable" testcasecount="499" result="Passed" start-time="2026-02-03 05:58:03Z" end-time="2026-02-03 05:58:04Z" duration="0.350812" total="499" passed="499" failed="0" inconclusive="0" skipped="0" asserts="0">
        <properties />
        <test-suite type="TestSuite" id="1521" name="FacialControl" fullname="Hidano.FacialControl" runstate="Runnable" testcasecount="499" result="Passed" start-time="2026-02-03 05:58:03Z" end-time="2026-02-03 05:58:04Z" duration="0.350581" total="499" passed="499" failed="0" inconclusive="0" skipped="0" asserts="0">
          <properties />
          <test-suite type="TestSuite" id="1522" name="Tests" fullname="Hidano.FacialControl.Tests" runstate="Runnable" testcasecount="499" result="Passed" start-time="2026-02-03 05:58:03Z" end-time="2026-02-03 05:58:04Z" duration="0.350010" total="499" passed="499" failed="0" inconclusive="0" skipped="0" asserts="0">
            <properties />
            <test-suite type="TestSuite" id="1523" name="EditMode" fullname="Hidano.FacialControl.Tests.EditMode" runstate="Runnable" testcasecount="499" result="Passed" start-time="2026-02-03 05:58:03Z" end-time="2026-02-03 05:58:04Z" duration="0.349772" total="499" passed="499" failed="0" inconclusive="0" skipped="0" asserts="0">
              <properties />
              <test-suite type="TestSuite" id="1526" name="Adapters" fullname="Hidano.FacialControl.Tests.EditMode.Adapters" runstate="Runnable" testcasecount="162" result="Passed" start-time="2026-02-03 05:58:03Z" end-time="2026-02-03 05:58:04Z" duration="0.190126" total="162" passed="162" failed="0" inconclusive="0" skipped="0" asserts="0">
                <properties />
                <test-suite type="TestFixture" id="1351" name="AnimationClipCacheTests" fullname="Hidano.FacialControl.Tests.EditMode.Adapters.AnimationClipCacheTests" classname="Hidano.FacialControl.Tests.EditMode.Adapters.AnimationClipCacheTests" runstate="Runnable" testcasecount="23" result="Passed" start-time="2026-02-03 05:58:03Z" end-time="2026-02-03 05:58:03Z" duration="0.036105" total="23" passed="23" failed="0" inconclusive="0" skipped="0" asserts="0">
                  <properties />
                  <test-case id="1367" name="Clear_AfterClear_ReturnsNewClip" fullname="Hidano.FacialControl.Tests.EditMode.Adapters.AnimationClipCacheTests.Clear_AfterClear_ReturnsNewClip" methodname="Clear_AfterClear_ReturnsNewClip" classname="Hidano.FacialControl.Tests.EditMode.Adapters.AnimationClipCacheTests" runstate="Runnable" seed="1050616625" result="Passed" start-time="2026-02-03 05:58:03Z" end-time="2026-02-03 05:58:03Z" duration="0.009953" asserts="0">
                    <properties>
                      <property name="retryIteration" value="0" />
                      <property name="repeatIteration" value="0" />
                    </properties>
                  </test-case>
                  <test-case id="1365" name="Clear_EmptyCache_DoesNotThrow" fullname="Hidano.FacialControl.Tests.EditMode.Adapters.AnimationClipCacheTests.Clear_EmptyCache_DoesNotThrow" methodname="Clear_EmptyCache_DoesNotThrow" classname="Hidano.FacialControl.Tests.EditMode.Adapters.AnimationClipCacheTests" runstate="Runnable" seed="141275401" result="Passed" start-time="2026-02-03 05:58:03Z" end-time="2026-02-03 05:58:03Z" duration="0.000643" asserts="0">
                    <properties>
                      <property name="retryIteration" value="0" />
                      <property name="repeatIteration" value="0" />
                    </properties>
                  </test-case>
                  <test-case id="1366" name="Clear_WithEntries_ResetsCountToZero" fullname="Hidano.FacialControl.Tests.EditMode.Adapters.AnimationClipCacheTests.Clear_WithEntries_ResetsCountToZero" methodname="Clear_WithEntries_ResetsCountToZero" classname="Hidano.FacialControl.Tests.EditMode.Adapters.AnimationClipCacheTests" runstate="Runnable" seed="213278819" result="Passed" start-time="2026-02-03 05:58:03Z" end-time="2026-02-03 05:58:03Z" duration="0.002746" asserts="0">
                    <properties>
                      <property name="retryIteration" value="0" />
                      <property name="repeatIteration" value="0" />
                    </properties>
                  </test-case>
                  <test-case id="1353" name="Constructor_CustomCapacity_CreatesWithSpecifiedSize" fullname="Hidano.FacialControl.Tests.EditMode.Adapters.AnimationClipCacheTests.Constructor_CustomCapacity_CreatesWithSpecifiedSize" methodname="Constructor_CustomCapacity_CreatesWithSpecifiedSize" classname="Hidano.FacialControl.Tests.EditMode.Adapters.AnimationClipCacheTests" runstate="Runnable" seed="1237248998" result="Passed" start-time="2026-02-03 05:58:03Z" end-time="2026-02-03 05:58:03Z" duration="0.000204" asserts="0">
                    <properties>
                      <property name="retryIteration" value="0" />
                      <property name="repeatIteration" value="0" />
                    </properties>
                  </test-case>
                  <test-case id="1352" name="Constructor_DefaultCapacity_Creates16EntryCache" fullname="Hidano.FacialControl.Tests.EditMode.Adapters.AnimationClipCacheTests.Constructor_DefaultCapacity_Creates16EntryCache" methodname="Constructor_DefaultCapacity_Creates16EntryCache" classname="Hidano.FacialControl.Tests.EditMode.Adapters.AnimationClipCacheTests" runstate="Runnable" seed="1327751376" result="Passed" start-time="2026-02-03 05:58:03Z" end-time="2026-02-03 05:58:03Z" duration="0.000159" asserts="0">
                    <properties>
                      <property name="retryIteration" value="0" />
                      <property name="repeatIteration" value="0" />
                    </properties>
                  </test-case>
                  <test-case id="1355" name="Constructor_NegativeCapacity_ThrowsArgumentOutOfRangeException" fullname="Hidano.FacialControl.Tests.EditMode.Adapters.AnimationClipCacheTests.Constructor_NegativeCapacity_ThrowsArgumentOutOfRangeException" methodname="Constructor_NegativeCapacity_ThrowsArgumentOutOfRangeException" classname="Hidano.FacialControl.Tests.EditMode.Adapters.AnimationClipCacheTests" runstate="Runnable" seed="1672603641" result="Passed" start-time="2026-02-03 05:58:03Z" end-time="2026-02-03 05:58:03Z" duration="0.001506" asserts="0">
                    <properties>
                      <property name="retryIteration" value="0" />
                      <property name="repeatIteration" value="0" />
                    </properties>
                  </test-case>
                  <test-case id="1354" name="Constructor_ZeroCapacity_ThrowsArgumentOutOfRangeException" fullname="Hidano.FacialControl.Tests.EditMode.Adapters.AnimationClipCacheTests.Constructor_ZeroCapacity_ThrowsArgumentOutOfRangeException" methodname="Constructor_ZeroCapacity_ThrowsArgumentOutOfRangeException" classname="Hidano.FacialControl.Tests.EditMode.Adapters.AnimationClipCacheTests" runstate="Runnable" seed="1620030432" result="Passed" start-time="2026-02-03 05:58:03Z" end-time="2026-02-03 05:58:03Z" duration="0.000219" asserts="0">
                    <properties>
                      <property name="retryIteration" value="0" />
                      <property name="repeatIteration" value="0" />
                    </properties>
                  </test-case>
                  <test-case id="1374" name="ContainsKey_AfterEviction_ReturnsFalse" fullname="Hidano.FacialControl.Tests.EditMode.Adapters.AnimationClipCacheTests.ContainsKey_AfterEviction_ReturnsFalse" methodname="ContainsKey_AfterEviction_ReturnsFalse" classname="Hidano.FacialControl.Tests.EditMode.Adapters.AnimationClipCacheTests" runstate="Runnable" seed="645943910" result="Passed" start-time="2026-02-03 05:58:03Z" end-time="2026-02-03 05:58:03Z" duration="0.000803" asserts="0">
                    <properties>
                      <property name="retryIteration" value="0" />
                      <property name="repeatIteration" value="0" />
                    </properties>
                  </test-case>
                  <test-case id="1372" name="ContainsKey_ExistingEntry_ReturnsTrue" fullname="Hidano.FacialControl.Tests.EditMode.Adapters.AnimationClipCacheTests.ContainsKey_ExistingEntry_ReturnsTrue" methodname="ContainsKey_ExistingEntry_ReturnsTrue" classname="Hidano.FacialControl.Tests.EditMode.Adapters.AnimationClipCacheTests" runstate="Runnable" seed="1706046365" result="Passed" start-time="2026-02-03 05:58:03Z" end-time="2026-02-03 05:58:03Z" duration="0.000226" asserts="0">
                    <properties>
                      <property name="retryIteration" value="0" />
                      <property name="repeatIteration" value="0" />
                    </properties>
                  </test-case>
                  <test-case id="1373" name="ContainsKey_NonExistingEntry_ReturnsFalse" fullname="Hidano.FacialControl.Tests.EditMode.Adapters.AnimationClipCacheTests.ContainsKey_NonExistingEntry_ReturnsFalse" methodname="ContainsKey_NonExistingEntry_ReturnsFalse" classname="Hidano.FacialControl.Tests.EditMode.Adapters.AnimationClipCacheTests" runstate="Runnable" seed="83016662" result="Passed" start-time="2026-02-03 05:58:03Z" end-time="2026-02-03 05:58:03Z" duration="0.000145" asserts="0">
                    <properties>
                      <property name="retryIteration" value="0" />
                      <property name="repeatIteration" value="0" />
                    </properties>
                  </test-case>
                  <test-case id="1369" name="Dispose_CalledTwice_DoesNotThrow" fullname="Hidano.FacialControl.Tests.EditMode.Adapters.AnimationClipCacheTests.Dispose_CalledTwice_DoesNotThrow" methodname="Dispose_CalledTwice_DoesNotThrow" classname="Hidano.FacialControl.Tests.EditMode.Adapters.AnimationClipCacheTests" runstate="Runnable" seed="1174629118" result="Passed" start-time="2026-02-03 05:58:03Z" end-time="2026-02-03 05:58:03Z" duration="0.000206" asserts="0">
                    <properties>
                      <property name="retryIteration" value="0" />
                      <property name="repeatIteration" value="0" />
                    </properties>
                  </test-case>
                  <test-case id="1368" name="Dispose_DoesNotThrow" fullname="Hidano.FacialControl.Tests.EditMode.Adapters.AnimationClipCacheTests.Dispose_DoesNotThrow" methodname="Dispose_DoesNotThrow" classname="Hidano.FacialControl.Tests.EditMode.Adapters.AnimationClipCacheTests" runstate="Runnable" seed="281548740" result="Passed" start-time="2026-02-03 05:58:03Z" end-time="2026-02-03 05:58:03Z" duration="0.000299" asserts="0">
                    <properties>
                      <property name="retryIteration" value="0" />
                      <property name="repeatIteration" value="0" />
                    </properties>
                  </test-case>
                  <test-case id="1362" name="GetOrCreate_AccessRefreshesLru_EvictsCorrectEntry" fullname="Hidano.FacialControl.Tests.EditMode.Adapters.AnimationClipCacheTests.GetOrCreate_AccessRefreshesLru_EvictsCorrectEntry" methodname="GetOrCreate_AccessRefreshesLru_EvictsCorrectEntry" classname="Hidano.FacialControl.Tests.EditMode.Adapters.AnimationClipCacheTests" runstate="Runnable" seed="1562941090" result="Passed" start-time="2026-02-03 05:58:03Z" end-time="2026-02-03 05:58:03Z" duration="0.000361" asserts="0">
                    <properties>
                      <property name="retryIteration" value="0" />
                      <property name="repeatIteration" value="0" />
                    </properties>
                  </test-case>
                  <test-case id="1360" name="GetOrCreate_CacheHit_DoesNotIncrementCount" fullname="Hidano.FacialControl.Tests.EditMode.Adapters.AnimationClipCacheTests.GetOrCreate_CacheHit_DoesNotIncrementCount" methodname="GetOrCreate_CacheHit_DoesNotIncrementCount" classname="Hidano.FacialControl.Tests.EditMode.Adapters.AnimationClipCacheTests" runstate="Runnable" seed="232423593" result="Passed" start-time="2026-02-03 05:58:03Z" end-time="2026-02-03 05:58:03Z" duration="0.000212" asserts="0">
                    <properties>
                      <property name="retryIteration" value="0" />
                      <property name="repeatIteration" value="0" />
                    </properties>
                  </test-case>
                  <test-case id="1357" name="GetOrCreate_CacheMiss_IncrementsCount" fullname="Hidano.FacialControl.Tests.EditMode.Adapters.AnimationClipCacheTests.GetOrCreate_CacheMiss_IncrementsCount" methodname="GetOrCreate_CacheMiss_IncrementsCount" classname="Hidano.FacialControl.Tests.EditMode.Adapters.AnimationClipCacheTests" runstate="Runnable" seed="736213477" result="Passed" start-time="2026-02-03 05:58:03Z" end-time="2026-02-03 05:58:03Z" duration="0.003289" asserts="0">
                    <properties>
                      <property name="retryIteration" value="0" />
                      <property name="repeatIteration" value="0" />
                    </properties>
                  </test-case>
                  <test-case id="1363" name="GetOrCreate_CapacityOne_AlwaysReplacesEntry" fullname="Hidano.FacialControl.Tests.EditMode.Adapters.AnimationClipCacheTests.GetOrCreate_CapacityOne_AlwaysReplacesEntry" methodname="GetOrCreate_CapacityOne_AlwaysReplacesEntry" classname="Hidano.FacialControl.Tests.EditMode.Adapters.AnimationClipCacheTests" runstate="Runnable" seed="420851256" result="Passed" start-time="2026-02-03 05:58:03Z" end-time="2026-02-03 05:58:03Z" duration="0.000296" asserts="0">
                    <properties>
                      <property name="retryIteration" value="0" />
                      <property name="repeatIteration" value="0" />
                    </properties>
                  </test-case>
                  <test-case id="1358" name="GetOrCreate_DifferentIds_CreatesSeparateEntries" fullname="Hidano.FacialControl.Tests.EditMode.Adapters.AnimationClipCacheTests.GetOrCreate_DifferentIds_CreatesSeparateEntries" methodname="GetOrCreate_DifferentIds_CreatesSeparateEntries" classname="Hidano.FacialControl.Tests.EditMode.Adapters.AnimationClipCacheTests" runstate="Runnable" seed="794641471" result="Passed" start-time="2026-02-03 05:58:03Z" end-time="2026-02-03 05:58:03Z" duration="0.000650" asserts="0">
                    <properties>
                      <property name="retryIteration" value="0" />
                      <property name="repeatIteration" value="0" />
                    </properties>
                  </test-case>
                  <test-case id="1364" name="GetOrCreate_EmptyBlendShapeValues_ReturnsClip" fullname="Hidano.FacialControl.Tests.EditMode.Adapters.AnimationClipCacheTests.GetOrCreate_EmptyBlendShapeValues_ReturnsClip" methodname="GetOrCreate_EmptyBlendShapeValues_ReturnsClip" classname="Hidano.FacialControl.Tests.EditMode.Adapters.AnimationClipCacheTests" runstate="Runnable" seed="956301358" result="Passed" start-time="2026-02-03 05:58:03Z" end-time="2026-02-03 05:58:03Z" duration="0.000590" asserts="0">
                    <properties>
                      <property name="retryIteration" value="0" />
                      <property name="repeatIteration" value="0" />
                    </properties>
                  </test-case>
                  <test-case id="1361" name="GetOrCreate_ExceedsCapacity_EvictsLeastRecentlyUsed" fullname="Hidano.FacialControl.Tests.EditMode.Adapters.AnimationClipCacheTests.GetOrCreate_ExceedsCapacity_EvictsLeastRecentlyUsed" methodname="GetOrCreate_ExceedsCapacity_EvictsLeastRecentlyUsed" classname="Hidano.FacialControl.Tests.EditMode.Adapters.AnimationClipCacheTests" runstate="Runnable" seed="255413669" result="Passed" start-time="2026-02-03 05:58:03Z" end-time="2026-02-03 05:58:03Z" duration="0.000252" asserts="0">
                    <properties>
                      <property name="retryIteration" value="0" />
                      <property name="repeatIteration" value="0" />
                    </properties>
                  </test-case>
                  <test-case id="1356" name="GetOrCreate_FirstCall_ReturnsNonNullAnimationClip" fullname="Hidano.FacialControl.Tests.EditMode.Adapters.AnimationClipCacheTests.GetOrCreate_FirstCall_ReturnsNonNullAnimationClip" methodname="GetOrCreate_FirstCall_ReturnsNonNullAnimationClip" classname="Hidano.FacialControl.Tests.EditMode.Adapters.AnimationClipCacheTests" runstate="Runnable" seed="1251622400" result="Passed" start-time="2026-02-03 05:58:03Z" end-time="2026-02-03 05:58:03Z" duration="0.000410" asserts="0">
                    <properties>
                      <property name="retryIteration" value="0" />
                      <property name="repeatIteration" value="0" />
                    </properties>
                  </test-case>
                  <test-case id="1371" name="GetOrCreate_NullBlendShapeValues_ThrowsArgumentNullException" fullname="Hidano.FacialControl.Tests.EditMode.Adapters.AnimationClipCacheTests.GetOrCreate_NullBlendShapeValues_ThrowsArgumentNullException" methodname="GetOrCreate_NullBlendShapeValues_ThrowsArgumentNullException" classname="Hidano.FacialControl.Tests.EditMode.Adapters.AnimationClipCacheTests" runstate="Runnable" seed="1343827888" result="Passed" start-time="2026-02-03 05:58:03Z" end-time="2026-02-03 05:58:03Z" duration="0.000266" asserts="0">
                    <properties>
                      <property name="retryIteration" value="0" />
                      <property name="repeatIteration" value="0" />
                    </properties>
                  </test-case>
                  <test-case id="1370" name="GetOrCreate_NullExpressionId_ThrowsArgumentNullException" fullname="Hidano.FacialControl.Tests.EditMode.Adapters.AnimationClipCacheTests.GetOrCreate_NullExpressionId_ThrowsArgumentNullException" methodname="GetOrCreate_NullExpressionId_ThrowsArgumentNullException" classname="Hidano.FacialControl.Tests.EditMode.Adapters.AnimationClipCacheTests" runstate="Runnable" seed="910576639" result="Passed" start-time="2026-02-03 05:58:03Z" end-time="2026-02-03 05:58:03Z" duration="0.000253" asserts="0">
                    <properties>
                      <property name="retryIteration" value="0" />
                      <property name="repeatIteration" value="0" />
                    </properties>
                  </test-case>
                  <test-case id="1359" name="GetOrCreate_SameId_ReturnsCachedClip" fullname="Hidano.FacialControl.Tests.EditMode.Adapters.AnimationClipCacheTests.GetOrCreate_SameId_ReturnsCachedClip" methodname="GetOrCreate_SameId_ReturnsCachedClip" classname="Hidano.FacialControl.Tests.EditMode.Adapters.AnimationClipCacheTests" runstate="Runnable" seed="1734415749" result="Passed" start-time="2026-02-03 05:58:03Z" end-time="2026-02-03 05:58:03Z" duration="0.000264" asserts="0">
                    <properties>
                      <property name="retryIteration" value="0" />
                      <property name="repeatIteration" value="0" />
                    </properties>
                  </test-case>
                </test-suite>
                <test-suite type="TestFixture" id="1375" name="FileProfileRepositoryTests" fullname="Hidano.FacialControl.Tests.EditMode.Adapters.FileProfileRepositoryTests" classname="Hidano.FacialControl.Tests.EditMode.Adapters.FileProfileRepositoryTests" runstate="Runnable" testcasecount="21" result="Passed" start-time="2026-02-03 05:58:03Z" end-time="2026-02-03 05:58:04Z" duration="0.081583" total="21" passed="21" failed="0" inconclusive="0" skipped="0" asserts="0">
                  <properties />
                  <test-case id="1376" name="Constructor_NullParser_ThrowsArgumentNullException" fullname="Hidano.FacialControl.Tests.EditMode.Adapters.FileProfileRepositoryTests.Constructor_NullParser_ThrowsArgumentNullException" methodname="Constructor_NullParser_ThrowsArgumentNullException" classname="Hidano.FacialControl.Tests.EditMode.Adapters.FileProfileRepositoryTests" runstate="Runnable" seed="1473442868" result="Passed" start-time="2026-02-03 05:58:03Z" end-time="2026-02-03 05:58:03Z" duration="0.004533" asserts="0">
                    <properties>
                      <property name="retryIteration" value="0" />
                      <property name="repeatIteration" value="0" />
                    </properties>
                  </test-case>
                  <test-case id="1377" name="Constructor_ValidParser_CreatesInstance" fullname="Hidano.FacialControl.Tests.EditMode.Adapters.FileProfileRepositoryTests.Constructor_ValidParser_CreatesInstance" methodname="Constructor_ValidParser_CreatesInstance" classname="Hidano.FacialControl.Tests.EditMode.Adapters.FileProfileRepositoryTests" runstate="Runnable" seed="1896027287" result="Passed" start-time="2026-02-03 05:58:03Z" end-time="2026-02-03 05:58:03Z" duration="0.000664" asserts="0">
                    <properties>
                      <property name="retryIteration" value="0" />
                      <property name="repeatIteration" value="0" />
                    </properties>
                  </test-case>
                  <test-case id="1380" name="LoadProfile_EmptyPath_ThrowsArgumentException" fullname="Hidano.FacialControl.Tests.EditMode.Adapters.FileProfileRepositoryTests.LoadProfile_EmptyPath_ThrowsArgumentException" methodname="LoadProfile_EmptyPath_ThrowsArgumentException" classname="Hidano.FacialControl.Tests.EditMode.Adapters.FileProfileRepositoryTests" runstate="Runnable" seed="696660634" result="Passed" start-time="2026-02-03 05:58:03Z" end-time="2026-02-03 05:58:03Z" duration="0.000850" asserts="0">
                    <properties>
                      <property name="retryIteration" value="0" />
                      <property name="repeatIteration" value="0" />
                    </properties>
                  </test-case>
                  <test-case id="1386" name="LoadProfile_JapaneseFilePath_ReadsCorrectly" fullname="Hidano.FacialControl.Tests.EditMode.Adapters.FileProfileRepositoryTests.LoadProfile_JapaneseFilePath_ReadsCorrectly" methodname="LoadProfile_JapaneseFilePath_ReadsCorrectly" classname="Hidano.FacialControl.Tests.EditMode.Adapters.FileProfileRepositoryTests" runstate="Runnable" seed="161396134" result="Passed" start-time="2026-02-03 05:58:03Z" end-time="2026-02-03 05:58:03Z" duration="0.004535" asserts="0">
                    <properties>
                      <property name="retryIteration" value="0" />
                      <property name="repeatIteration" value="0" />
                    </properties>
                  </test-case>
                  <test-case id="1382" name="LoadProfile_NonExistentFile_ThrowsFileNotFoundException" fullname="Hidano.FacialControl.Tests.EditMode.Adapters.FileProfileRepositoryTests.LoadProfile_NonExistentFile_ThrowsFileNotFoundException" methodname="LoadProfile_NonExistentFile_ThrowsFileNotFoundException" classname="Hidano.FacialControl.Tests.EditMode.Adapters.FileProfileRepositoryTests" runstate="Runnable" seed="1437792561" result="Passed" start-time="2026-02-03 05:58:03Z" end-time="2026-02-03 05:58:03Z" duration="0.001209" asserts="0">
                    <properties>
                      <property name="retryIteration" value="0" />
                      <property name="repeatIteration" value="0" />
                    </properties>
                  </test-case>
                  <test-case id="1379" name="LoadProfile_NullPath_ThrowsArgumentNullException" fullname="Hidano.FacialControl.Tests.EditMode.Adapters.FileProfileRepositoryTests.LoadProfile_NullPath_ThrowsArgumentNullException" methodname="LoadProfile_NullPath_ThrowsArgumentNullException" classname="Hidano.FacialControl.Tests.EditMode.Adapters.FileProfileRepositoryTests" runstate="Runnable" seed="283213136" result="Passed" start-time="2026-02-03 05:58:03Z" end-time="2026-02-03 05:58:03Z" duration="0.001089" asserts="0">
                    <properties>
                      <property name="retryIteration" value="0" />
                      <property name="repeatIteration" value="0" />
                    </properties>
                  </test-case>
                  <test-case id="1384" name="LoadProfile_ParserThrows_PropagatesException" fullname="Hidano.FacialControl.Tests.EditMode.Adapters.FileProfileRepositoryTests.LoadProfile_ParserThrows_PropagatesException" methodname="LoadProfile_ParserThrows_PropagatesException" classname="Hidano.FacialControl.Tests.EditMode.Adapters.FileProfileRepositoryTests" runstate="Runnable" seed="1363847800" result="Passed" start-time="2026-02-03 05:58:03Z" end-time="2026-02-03 05:58:04Z" duration="0.007937" asserts="0">
                    <properties>
                      <property name="retryIteration" value="0" />
                      <property name="repeatIteration" value="0" />
                    </properties>
                  </test-case>
                  <test-case id="1383" name="LoadProfile_PassesFileContentToParser" fullname="Hidano.FacialControl.Tests.EditMode.Adapters.FileProfileRepositoryTests.LoadProfile_PassesFileContentToParser" methodname="LoadProfile_PassesFileContentToParser" classname="Hidano.FacialControl.Tests.EditMode.Adapters.FileProfileRepositoryTests" runstate="Runnable" seed="8922417" result="Passed" start-time="2026-02-03 05:58:04Z" end-time="2026-02-03 05:58:04Z" duration="0.002193" asserts="0">
                    <properties>
                      <property name="retryIteration" value="0" />
                      <property name="repeatIteration" value="0" />
                    </properties>
                  </test-case>
                  <test-case id="1385" name="LoadProfile_Utf8Content_ReadsCorrectly" fullname="Hidano.FacialControl.Tests.EditMode.Adapters.FileProfileRepositoryTests.LoadProfile_Utf8Content_ReadsCorrectly" methodname="LoadProfile_Utf8Content_ReadsCorrectly" classname="Hidano.FacialControl.Tests.EditMode.Adapters.FileProfileRepositoryTests" runstate="Runnable" seed="1636270266" result="Passed" start-time="2026-02-03 05:58:04Z" end-time="2026-02-03 05:58:04Z" duration="0.002093" asserts="0">
                    <properties>
                      <property name="retryIteration" value="0" />
                      <property name="repeatIteration" value="0" />
                    </properties>
                  </test-case>
                  <test-case id="1378" name="LoadProfile_ValidFile_ReturnsProfile" fullname="Hidano.FacialControl.Tests.EditMode.Adapters.FileProfileRepositoryTests.LoadProfile_ValidFile_ReturnsProfile" methodname="LoadProfile_ValidFile_ReturnsProfile" classname="Hidano.FacialControl.Tests.EditMode.Adapters.FileProfileRepositoryTests" runstate="Runnable" seed="1927576827" result="Passed" start-time="2026-02-03 05:58:04Z" end-time="2026-02-03 05:58:04Z" duration="0.002306" asserts="0">
                    <properties>
                      <property name="retryIteration" value="0" />
                      <property name="repeatIteration" value="0" />
                    </properties>
                  </test-case>
                  <test-case id="1381" name="LoadProfile_WhitespacePath_ThrowsArgumentException" fullname="Hidano.FacialControl.Tests.EditMode.Adapters.FileProfileRepositoryTests.LoadProfile_WhitespacePath_ThrowsArgumentException" methodname="LoadProfile_WhitespacePath_ThrowsArgumentException" classname="Hidano.FacialControl.Tests.EditMode.Adapters.FileProfileRepositoryTests" runstate="Runnable" seed="1136166349" result="Passed" start-time="2026-02-03 05:58:04Z" end-time="2026-02-03 05:58:04Z" duration="0.000735" asserts="0">
                    <properties>
                      <property name="retryIteration" value="0" />
                      <property name="repeatIteration" value="0" />
                    </properties>
                  </test-case>
                  <test-case id="1396" name="RoundTrip_SaveThenLoad_PreservesProfile" fullname="Hidano.FacialControl.Tests.EditMode.Adapters.FileProfileRepositoryTests.RoundTrip_SaveThenLoad_PreservesProfile" methodname="RoundTrip_SaveThenLoad_PreservesProfile" classname="Hidano.FacialControl.Tests.EditMode.Adapters.FileProfileRepositoryTests" runstate="Runnable" seed="1512943632" result="Passed" start-time="2026-02-03 05:58:04Z" end-time="2026-02-03 05:58:04Z" duration="0.012881" asserts="0">
                    <properties>
                      <property name="retryIteration" value="0" />
                      <property name="repeatIteration" value="0" />
                    </properties>
                  </test-case>
                  <test-case id="1391" name="SaveProfile_CreatesParentDirectories" fullname="Hidano.FacialControl.Tests.EditMode.Adapters.FileProfileRepositoryTests.SaveProfile_CreatesParentDirectories" methodname="SaveProfile_CreatesParentDirectories" classname="Hidano.FacialControl.Tests.EditMode.Adapters.FileProfileRepositoryTests" runstate="Runnable" seed="1268544768" result="Passed" start-time="2026-02-03 05:58:04Z" end-time="2026-02-03 05:58:04Z" duration="0.004923" asserts="0">
                    <properties>
                      <property name="retryIteration" value="0" />
                      <property name="repeatIteration" value="0" />
                    </properties>
                  </test-case>
                  <test-case id="1389" name="SaveProfile_EmptyPath_ThrowsArgumentException" fullname="Hidano.FacialControl.Tests.EditMode.Adapters.FileProfileRepositoryTests.SaveProfile_EmptyPath_ThrowsArgumentException" methodname="SaveProfile_EmptyPath_ThrowsArgumentException" classname="Hidano.FacialControl.Tests.EditMode.Adapters.FileProfileRepositoryTests" runstate="Runnable" seed="2026349007" result="Passed" start-time="2026-02-03 05:58:04Z" end-time="2026-02-03 05:58:04Z" duration="0.002116" asserts="0">
                    <properties>
                      <property name="retryIteration" value="0" />
                      <property name="repeatIteration" value="0" />
                    </properties>
                  </test-case>
                  <test-case id="1395" name="SaveProfile_JapaneseFilePath_WritesCorrectly" fullname="Hidano.FacialControl.Tests.EditMode.Adapters.FileProfileRepositoryTests.SaveProfile_JapaneseFilePath_WritesCorrectly" methodname="SaveProfile_JapaneseFilePath_WritesCorrectly" classname="Hidano.FacialControl.Tests.EditMode.Adapters.FileProfileRepositoryTests" runstate="Runnable" seed="1095125492" result="Passed" start-time="2026-02-03 05:58:04Z" end-time="2026-02-03 05:58:04Z" duration="0.002655" asserts="0">
                    <properties>
                      <property name="retryIteration" value="0" />
                      <property name="repeatIteration" value="0" />
                    </properties>
                  </test-case>
                  <test-case id="1388" name="SaveProfile_NullPath_ThrowsArgumentNullException" fullname="Hidano.FacialControl.Tests.EditMode.Adapters.FileProfileRepositoryTests.SaveProfile_NullPath_ThrowsArgumentNullException" methodname="SaveProfile_NullPath_ThrowsArgumentNullException" classname="Hidano.FacialControl.Tests.EditMode.Adapters.FileProfileRepositoryTests" runstate="Runnable" seed="1915588773" result="Passed" start-time="2026-02-03 05:58:04Z" end-time="2026-02-03 05:58:04Z" duration="0.001519" asserts="0">
                    <properties>
                      <property name="retryIteration" value="0" />
                      <property name="repeatIteration" value="0" />
                    </properties>
                  </test-case>
                  <test-case id="1392" name="SaveProfile_OverwritesExistingFile" fullname="Hidano.FacialControl.Tests.EditMode.Adapters.FileProfileRepositoryTests.SaveProfile_OverwritesExistingFile" methodname="SaveProfile_OverwritesExistingFile" classname="Hidano.FacialControl.Tests.EditMode.Adapters.FileProfileRepositoryTests" runstate="Runnable" seed="1012051703" result="Passed" start-time="2026-02-03 05:58:04Z" end-time="2026-02-03 05:58:04Z" duration="0.003769" asserts="0">
                    <properties>
                      <property name="retryIteration" value="0" />
                      <property name="repeatIteration" value="0" />
                    </properties>
                  </test-case>
                  <test-case id="1393" name="SaveProfile_SerializerThrows_PropagatesException" fullname="Hidano.FacialControl.Tests.EditMode.Adapters.FileProfileRepositoryTests.SaveProfile_SerializerThrows_PropagatesException" methodname="SaveProfile_SerializerThrows_PropagatesException" classname="Hidano.FacialControl.Tests.EditMode.Adapters.FileProfileRepositoryTests" runstate="Runnable" seed="154041838" result="Passed" start-time="2026-02-03 05:58:04Z" end-time="2026-02-03 05:58:04Z" duration="0.001170" asserts="0">
                    <properties>
                      <property name="retryIteration" value="0" />
                      <property name="repeatIteration" value="0" />
                    </properties>
                  </test-case>
                  <test-case id="1394" name="SaveProfile_Utf8Encoding_WritesCorrectly" fullname="Hidano.FacialControl.Tests.EditMode.Adapters.FileProfileRepositoryTests.SaveProfile_Utf8Encoding_WritesCorrectly" methodname="SaveProfile_Utf8Encoding_WritesCorrectly" classname="Hidano.FacialControl.Tests.EditMode.Adapters.FileProfileRepositoryTests" runstate="Runnable" seed="1550997975" result="Passed" start-time="2026-02-03 05:58:04Z" end-time="2026-02-03 05:58:04Z" duration="0.002970" asserts="0">
                    <properties>
                      <property name="retryIteration" value="0" />
                      <property name="repeatIteration" value="0" />
                    </properties>
                  </test-case>
                  <test-case id="1387" name="SaveProfile_ValidPathAndProfile_WritesFile" fullname="Hidano.FacialControl.Tests.EditMode.Adapters.FileProfileRepositoryTests.SaveProfile_ValidPathAndProfile_WritesFile" methodname="SaveProfile_ValidPathAndProfile_WritesFile" classname="Hidano.FacialControl.Tests.EditMode.Adapters.FileProfileRepositoryTests" runstate="Runnable" seed="399503734" result="Passed" start-time="2026-02-03 05:58:04Z" end-time="2026-02-03 05:58:04Z" duration="0.010250" asserts="0">
                    <properties>
                      <property name="retryIteration" value="0" />
                      <property name="repeatIteration" value="0" />
                    </properties>
                  </test-case>
                  <test-case id="1390" name="SaveProfile_WhitespacePath_ThrowsArgumentException" fullname="Hidano.FacialControl.Tests.EditMode.Adapters.FileProfileRepositoryTests.SaveProfile_WhitespacePath_ThrowsArgumentException" methodname="SaveProfile_WhitespacePath_ThrowsArgumentException" classname="Hidano.FacialControl.Tests.EditMode.Adapters.FileProfileRepositoryTests" runstate="Runnable" seed="2017671876" result="Passed" start-time="2026-02-03 05:58:04Z" end-time="2026-02-03 05:58:04Z" duration="0.000907" asserts="0">
                    <properties>
                      <property name="retryIteration" value="0" />
                      <property name="repeatIteration" value="0" />
                    </properties>
                  </test-case>
                </test-suite>
                <test-suite type="TestFixture" id="1397" name="NativeArrayPoolTests" fullname="Hidano.FacialControl.Tests.EditMode.Adapters.NativeArrayPoolTests" classname="Hidano.FacialControl.Tests.EditMode.Adapters.NativeArrayPoolTests" runstate="Runnable" testcasecount="18" result="Passed" start-time="2026-02-03 05:58:04Z" end-time="2026-02-03 05:58:04Z" duration="0.010825" total="18" passed="18" failed="0" inconclusive="0" skipped="0" asserts="0">
                  <properties />
                  <test-case id="1402" name="Allocate_AfterReturn_ReusesNativeArray" fullname="Hidano.FacialControl.Tests.EditMode.Adapters.NativeArrayPoolTests.Allocate_AfterReturn_ReusesNativeArray" methodname="Allocate_AfterReturn_ReusesNativeArray" classname="Hidano.FacialControl.Tests.EditMode.Adapters.NativeArrayPoolTests" runstate="Runnable" seed="1460493976" result="Passed" start-time="2026-02-03 05:58:04Z" end-time="2026-02-03 05:58:04Z" duration="0.003349" asserts="0">
                    <properties>
                      <property name="retryIteration" value="0" />
                      <property name="repeatIteration" value="0" />
                    </properties>
                  </test-case>
                  <test-case id="1400" name="Allocate_MultipleCalls_ReturnsDifferentInstances" fullname="Hidano.FacialControl.Tests.EditMode.Adapters.NativeArrayPoolTests.Allocate_MultipleCalls_ReturnsDifferentInstances" methodname="Allocate_MultipleCalls_ReturnsDifferentInstances" classname="Hidano.FacialControl.Tests.EditMode.Adapters.NativeArrayPoolTests" runstate="Runnable" seed="424116018" result="Passed" start-time="2026-02-03 05:58:04Z" end-time="2026-02-03 05:58:04Z" duration="0.000577" asserts="0">
                    <properties>
                      <property name="retryIteration" value="0" />
                      <property name="repeatIteration" value="0" />
                    </properties>
                  </test-case>
                  <test-case id="1404" name="Allocate_MultipleReturnAndAllocate_ReusesCorrectly" fullname="Hidano.FacialControl.Tests.EditMode.Adapters.NativeArrayPoolTests.Allocate_MultipleReturnAndAllocate_ReusesCorrectly" methodname="Allocate_MultipleReturnAndAllocate_ReusesCorrectly" classname="Hidano.FacialControl.Tests.EditMode.Adapters.NativeArrayPoolTests" runstate="Runnable" seed="1235581883" result="Passed" start-time="2026-02-03 05:58:04Z" end-time="2026-02-03 05:58:04Z" duration="0.000228" asserts="0">
                    <properties>
                      <property name="retryIteration" value="0" />
                      <property name="repeatIteration" value="0" />
                    </properties>
                  </test-case>
                  <test-case id="1401" name="Allocate_ReturnsZeroInitializedArray" fullname="Hidano.FacialControl.Tests.EditMode.Adapters.NativeArrayPoolTests.Allocate_ReturnsZeroInitializedArray" methodname="Allocate_ReturnsZeroInitializedArray" classname="Hidano.FacialControl.Tests.EditMode.Adapters.NativeArrayPoolTests" runstate="Runnable" seed="1586506488" result="Passed" start-time="2026-02-03 05:58:04Z" end-time="2026-02-03 05:58:04Z" duration="0.000181" asserts="0">
                    <properties>
                      <property name="retryIteration" value="0" />
                      <property name="repeatIteration" value="0" />
                    </properties>
                  </test-case>
                  <test-case id="1398" name="Allocate_ValidSize_ReturnsNativeArrayWithCorrectLength" fullname="Hidano.FacialControl.Tests.EditMode.Adapters.NativeArrayPoolTests.Allocate_ValidSize_ReturnsNativeArrayWithCorrectLength" methodname="Allocate_ValidSize_ReturnsNativeArrayWithCorrectLength" classname="Hidano.FacialControl.Tests.EditMode.Adapters.NativeArrayPoolTests" runstate="Runnable" seed="1569628583" result="Passed" start-time="2026-02-03 05:58:04Z" end-time="2026-02-03 05:58:04Z" duration="0.000164" asserts="0">
                    <properties>
                      <property name="retryIteration" value="0" />
                      <property name="repeatIteration" value="0" />
                    </properties>
                  </test-case>
                  <test-case id="1399" name="Allocate_ZeroSize_ReturnsEmptyNativeArray" fullname="Hidano.FacialControl.Tests.EditMode.Adapters.NativeArrayPoolTests.Allocate_ZeroSize_ReturnsEmptyNativeArray" methodname="Allocate_ZeroSize_ReturnsEmptyNativeArray" classname="Hidano.FacialControl.Tests.EditMode.Adapters.NativeArrayPoolTests" runstate="Runnable" seed="396881479" result="Passed" start-time="2026-02-03 05:58:04Z" end-time="2026-02-03 05:58:04Z" duration="0.000152" asserts="0">
                    <properties>
                      <property name="retryIteration" value="0" />
                      <property name="repeatIteration" value="0" />
                    </properties>
                  </test-case>
                  <test-case id="1414" name="Constructor_NegativeSize_ThrowsArgumentOutOfRangeException" fullname="Hidano.FacialControl.Tests.EditMode.Adapters.NativeArrayPoolTests.Constructor_NegativeSize_ThrowsArgumentOutOfRangeException" methodname="Constructor_NegativeSize_ThrowsArgumentOutOfRangeException" classname="Hidano.FacialControl.Tests.EditMode.Adapters.NativeArrayPoolTests" runstate="Runnable" seed="814634137" result="Passed" start-time="2026-02-03 05:58:04Z" end-time="2026-02-03 05:58:04Z" duration="0.000245" asserts="0">
                    <properties>
                      <property name="retryIteration" value="0" />
                      <property name="repeatIteration" value="0" />
                    </properties>
                  </test-case>
                  <test-case id="1410" name="Dispose_CalledTwice_DoesNotThrow" fullname="Hidano.FacialControl.Tests.EditMode.Adapters.NativeArrayPoolTests.Dispose_CalledTwice_DoesNotThrow" methodname="Dispose_CalledTwice_DoesNotThrow" classname="Hidano.FacialControl.Tests.EditMode.Adapters.NativeArrayPoolTests" runstate="Runnable" seed="777158045" result="Passed" start-time="2026-02-03 05:58:04Z" end-time="2026-02-03 05:58:04Z" duration="0.000208" asserts="0">
                    <properties>
                      <property name="retryIteration" value="0" />
                      <property name="repeatIteration" value="0" />
                    </properties>
                  </test-case>
                  <test-case id="1409" name="Dispose_DoesNotThrow" fullname="Hidano.FacialControl.Tests.EditMode.Adapters.NativeArrayPoolTests.Dispose_DoesNotThrow" methodname="Dispose_DoesNotThrow" classname="Hidano.FacialControl.Tests.EditMode.Adapters.NativeArrayPoolTests" runstate="Runnable" seed="1477075813" result="Passed" start-time="2026-02-03 05:58:04Z" end-time="2026-02-03 05:58:04Z" duration="0.000200" asserts="0">
                    <properties>
                      <property name="retryIteration" value="0" />
                      <property name="repeatIteration" value="0" />
                    </properties>
                  </test-case>
                  <test-case id="1411" name="Dispose_WithOutstandingAllocations_DoesNotThrow" fullname="Hidano.FacialControl.Tests.EditMode.Adapters.NativeArrayPoolTests.Dispose_WithOutstandingAllocations_DoesNotThrow" methodname="Dispose_WithOutstandingAllocations_DoesNotThrow" classname="Hidano.FacialControl.Tests.EditMode.Adapters.NativeArrayPoolTests" runstate="Runnable" seed="1856982999" result="Passed" start-time="2026-02-03 05:58:04Z" end-time="2026-02-03 05:58:04Z" duration="0.000235" asserts="0">
                    <properties>
                      <property name="retryIteration" value="0" />
                      <property name="repeatIteration" value="0" />
                    </properties>
                  </test-case>
                  <test-case id="1407" name="Resize_ClearsExistingPool" fullname="Hidano.FacialControl.Tests.EditMode.Adapters.NativeArrayPoolTests.Resize_ClearsExistingPool" methodname="Resize_ClearsExistingPool" classname="Hidano.FacialControl.Tests.EditMode.Adapters.NativeArrayPoolTests" runstate="Runnable" seed="1012689825" result="Passed" start-time="2026-02-03 05:58:04Z" end-time="2026-02-03 05:58:04Z" duration="0.000319" asserts="0">
                    <properties>
                      <property name="retryIteration" value="0" />
                      <property name="repeatIteration" value="0" />
                    </properties>
                  </test-case>
                  <test-case id="1405" name="Resize_LargerSize_AllocatesNewSize" fullname="Hidano.FacialControl.Tests.EditMode.Adapters.NativeArrayPoolTests.Resize_LargerSize_AllocatesNewSize" methodname="Resize_LargerSize_AllocatesNewSize" classname="Hidano.FacialControl.Tests.EditMode.Adapters.NativeArrayPoolTests" runstate="Runnable" seed="1550590301" result="Passed" start-time="2026-02-03 05:58:04Z" end-time="2026-02-03 05:58:04Z" duration="0.000188" asserts="0">
                    <properties>
                      <property name="retryIteration" value="0" />
                      <property name="repeatIteration" value="0" />
                    </properties>
                  </test-case>
                  <test-case id="1415" name="Resize_NegativeSize_ThrowsArgumentOutOfRangeException" fullname="Hidano.FacialControl.Tests.EditMode.Adapters.NativeArrayPoolTests.Resize_NegativeSize_ThrowsArgumentOutOfRangeException" methodname="Resize_NegativeSize_ThrowsArgumentOutOfRangeException" classname="Hidano.FacialControl.Tests.EditMode.Adapters.NativeArrayPoolTests" runstate="Runnable" seed="1505781973" result="Passed" start-time="2026-02-03 05:58:04Z" end-time="2026-02-03 05:58:04Z" duration="0.000226" asserts="0">
                    <properties>
                      <property name="retryIteration" value="0" />
                      <property name="repeatIteration" value="0" />
                    </properties>
                  </test-case>
                  <test-case id="1408" name="Resize_SameSize_DoesNothing" fullname="Hidano.FacialControl.Tests.EditMode.Adapters.NativeArrayPoolTests.Resize_SameSize_DoesNothing" methodname="Resize_SameSize_DoesNothing" classname="Hidano.FacialControl.Tests.EditMode.Adapters.NativeArrayPoolTests" runstate="Runnable" seed="1199215517" result="Passed" start-time="2026-02-03 05:58:04Z" end-time="2026-02-03 05:58:04Z" duration="0.000225" asserts="0">
                    <properties>
                      <property name="retryIteration" value="0" />
                      <property name="repeatIteration" value="0" />
                    </properties>
                  </test-case>
                  <test-case id="1406" name="Resize_SmallerSize_AllocatesNewSize" fullname="Hidano.FacialControl.Tests.EditMode.Adapters.NativeArrayPoolTests.Resize_SmallerSize_AllocatesNewSize" methodname="Resize_SmallerSize_AllocatesNewSize" classname="Hidano.FacialControl.Tests.EditMode.Adapters.NativeArrayPoolTests" runstate="Runnable" seed="855085717" result="Passed" start-time="2026-02-03 05:58:04Z" end-time="2026-02-03 05:58:04Z" duration="0.000163" asserts="0">
                    <properties>
                      <property name="retryIteration" value="0" />
                      <property name="repeatIteration" value="0" />
                    </properties>
                  </test-case>
                  <test-case id="1403" name="Return_ClearsValues_BeforeReuse" fullname="Hidano.FacialControl.Tests.EditMode.Adapters.NativeArrayPoolTests.Return_ClearsValues_BeforeReuse" methodname="Return_ClearsValues_BeforeReuse" classname="Hidano.FacialControl.Tests.EditMode.Adapters.NativeArrayPoolTests" runstate="Runnable" seed="1851976043" result="Passed" start-time="2026-02-03 05:58:04Z" end-time="2026-02-03 05:58:04Z" duration="0.000241" asserts="0">
                    <properties>
                      <property name="retryIteration" value="0" />
                      <property name="repeatIteration" value="0" />
                    </properties>
                  </test-case>
                  <test-case id="1413" name="Size_AfterResize_ReturnsNewSize" fullname="Hidano.FacialControl.Tests.EditMode.Adapters.NativeArrayPoolTests.Size_AfterResize_ReturnsNewSize" methodname="Size_AfterResize_ReturnsNewSize" classname="Hidano.FacialControl.Tests.EditMode.Adapters.NativeArrayPoolTests" runstate="Runnable" seed="1855628446" result="Passed" start-time="2026-02-03 05:58:04Z" end-time="2026-02-03 05:58:04Z" duration="0.000181" asserts="0">
                    <properties>
                      <property name="retryIteration" value="0" />
                      <property name="repeatIteration" value="0" />
                    </properties>
                  </test-case>
                  <test-case id="1412" name="Size_ReturnsConfiguredSize" fullname="Hidano.FacialControl.Tests.EditMode.Adapters.NativeArrayPoolTests.Size_ReturnsConfiguredSize" methodname="Size_ReturnsConfiguredSize" classname="Hidano.FacialControl.Tests.EditMode.Adapters.NativeArrayPoolTests" runstate="Runnable" seed="1875748591" result="Passed" start-time="2026-02-03 05:58:04Z" end-time="2026-02-03 05:58:04Z" duration="0.000130" asserts="0">
                    <properties>
                      <property name="retryIteration" value="0" />
                      <property name="repeatIteration" value="0" />
                    </properties>
                  </test-case>
                </test-suite>
                <test-suite type="TestFixture" id="1416" name="PropertyStreamHandleCacheTests" fullname="Hidano.FacialControl.Tests.EditMode.Adapters.PropertyStreamHandleCacheTests" classname="Hidano.FacialControl.Tests.EditMode.Adapters.PropertyStreamHandleCacheTests" runstate="Runnable" testcasecount="24" result="Passed" start-time="2026-02-03 05:58:04Z" end-time="2026-02-03 05:58:04Z" duration="0.012596" total="24" passed="24" failed="0" inconclusive="0" skipped="0" asserts="0">
                  <properties />
                  <test-case id="1433" name="Clear_AfterClear_RequiresNewFactoryCalls" fullname="Hidano.FacialControl.Tests.EditMode.Adapters.PropertyStreamHandleCacheTests.Clear_AfterClear_RequiresNewFactoryCalls" methodname="Clear_AfterClear_RequiresNewFactoryCalls" classname="Hidano.FacialControl.Tests.EditMode.Adapters.PropertyStreamHandleCacheTests" runstate="Runnable" seed="71415959" result="Passed" start-time="2026-02-03 05:58:04Z" end-time="2026-02-03 05:58:04Z" duration="0.001388" asserts="0">
                    <properties>
                      <property name="retryIteration" value="0" />
                      <property name="repeatIteration" value="0" />
                    </properties>
                  </test-case>
                  <test-case id="1431" name="Clear_EmptyCache_DoesNotThrow" fullname="Hidano.FacialControl.Tests.EditMode.Adapters.PropertyStreamHandleCacheTests.Clear_EmptyCache_DoesNotThrow" methodname="Clear_EmptyCache_DoesNotThrow" classname="Hidano.FacialControl.Tests.EditMode.Adapters.PropertyStreamHandleCacheTests" runstate="Runnable" seed="663558303" result="Passed" start-time="2026-02-03 05:58:04Z" end-time="2026-02-03 05:58:04Z" duration="0.000187" asserts="0">
                    <properties>
                      <property name="retryIteration" value="0" />
                      <property name="repeatIteration" value="0" />
                    </properties>
                  </test-case>
                  <test-case id="1432" name="Clear_WithEntries_ResetsCountToZero" fullname="Hidano.FacialControl.Tests.EditMode.Adapters.PropertyStreamHandleCacheTests.Clear_WithEntries_ResetsCountToZero" methodname="Clear_WithEntries_ResetsCountToZero" classname="Hidano.FacialControl.Tests.EditMode.Adapters.PropertyStreamHandleCacheTests" runstate="Runnable" seed="860565226" result="Passed" start-time="2026-02-03 05:58:04Z" end-time="2026-02-03 05:58:04Z" duration="0.000288" asserts="0">
                    <properties>
                      <property name="retryIteration" value="0" />
                      <property name="repeatIteration" value="0" />
                    </properties>
                  </test-case>
                  <test-case id="1417" name="Constructor_Default_CreatesEmptyCache" fullname="Hidano.FacialControl.Tests.EditMode.Adapters.PropertyStreamHandleCacheTests.Constructor_Default_CreatesEmptyCache" methodname="Constructor_Default_CreatesEmptyCache" classname="Hidano.FacialControl.Tests.EditMode.Adapters.PropertyStreamHandleCacheTests" runstate="Runnable" seed="1089117604" result="Passed" start-time="2026-02-03 05:58:04Z" end-time="2026-02-03 05:58:04Z" duration="0.000154" asserts="0">
                    <properties>
                      <property name="retryIteration" value="0" />
                      <property name="repeatIteration" value="0" />
                    </properties>
                  </test-case>
                  <test-case id="1428" name="ContainsKey_ExistingEntry_ReturnsTrue" fullname="Hidano.FacialControl.Tests.EditMode.Adapters.PropertyStreamHandleCacheTests.ContainsKey_ExistingEntry_ReturnsTrue" methodname="ContainsKey_ExistingEntry_ReturnsTrue" classname="Hidano.FacialControl.Tests.EditMode.Adapters.PropertyStreamHandleCacheTests" runstate="Runnable" seed="1586002373" result="Passed" start-time="2026-02-03 05:58:04Z" end-time="2026-02-03 05:58:04Z" duration="0.000304" asserts="0">
                    <properties>
                      <property name="retryIteration" value="0" />
                      <property name="repeatIteration" value="0" />
                    </properties>
                  </test-case>
                  <test-case id="1429" name="ContainsKey_NonExistingEntry_ReturnsFalse" fullname="Hidano.FacialControl.Tests.EditMode.Adapters.PropertyStreamHandleCacheTests.ContainsKey_NonExistingEntry_ReturnsFalse" methodname="ContainsKey_NonExistingEntry_ReturnsFalse" classname="Hidano.FacialControl.Tests.EditMode.Adapters.PropertyStreamHandleCacheTests" runstate="Runnable" seed="1256463306" result="Passed" start-time="2026-02-03 05:58:04Z" end-time="2026-02-03 05:58:04Z" duration="0.000140" asserts="0">
                    <properties>
                      <property name="retryIteration" value="0" />
                      <property name="repeatIteration" value="0" />
                    </properties>
                  </test-case>
                  <test-case id="1430" name="ContainsKey_WithRenderer_ChecksCorrectKey" fullname="Hidano.FacialControl.Tests.EditMode.Adapters.PropertyStreamHandleCacheTests.ContainsKey_WithRenderer_ChecksCorrectKey" methodname="ContainsKey_WithRenderer_ChecksCorrectKey" classname="Hidano.FacialControl.Tests.EditMode.Adapters.PropertyStreamHandleCacheTests" runstate="Runnable" seed="403431555" result="Passed" start-time="2026-02-03 05:58:04Z" end-time="2026-02-03 05:58:04Z" duration="0.000250" asserts="0">
                    <properties>
                      <property name="retryIteration" value="0" />
                      <property name="repeatIteration" value="0" />
                    </properties>
                  </test-case>
                  <test-case id="1420" name="EnsureHandles_AlreadyCachedBlendShapes_DoesNotInvokeFactory" fullname="Hidano.FacialControl.Tests.EditMode.Adapters.PropertyStreamHandleCacheTests.EnsureHandles_AlreadyCachedBlendShapes_DoesNotInvokeFactory" methodname="EnsureHandles_AlreadyCachedBlendShapes_DoesNotInvokeFactory" classname="Hidano.FacialControl.Tests.EditMode.Adapters.PropertyStreamHandleCacheTests" runstate="Runnable" seed="504184358" result="Passed" start-time="2026-02-03 05:58:04Z" end-time="2026-02-03 05:58:04Z" duration="0.000281" asserts="0">
                    <properties>
                      <property name="retryIteration" value="0" />
                      <property name="repeatIteration" value="0" />
                    </properties>
                  </test-case>
                  <test-case id="1438" name="EnsureHandles_DuplicateNamesInSameBatch_InvokesFactoryOnce" fullname="Hidano.FacialControl.Tests.EditMode.Adapters.PropertyStreamHandleCacheTests.EnsureHandles_DuplicateNamesInSameBatch_InvokesFactoryOnce" methodname="EnsureHandles_DuplicateNamesInSameBatch_InvokesFactoryOnce" classname="Hidano.FacialControl.Tests.EditMode.Adapters.PropertyStreamHandleCacheTests" runstate="Runnable" seed="1918517629" result="Passed" start-time="2026-02-03 05:58:04Z" end-time="2026-02-03 05:58:04Z" duration="0.000268" asserts="0">
                    <properties>
                      <property name="retryIteration" value="0" />
                      <property name="repeatIteration" value="0" />
                    </properties>
                  </test-case>
                  <test-case id="1436" name="EnsureHandles_EmptyMappings_DoesNotInvokeFactory" fullname="Hidano.FacialControl.Tests.EditMode.Adapters.PropertyStreamHandleCacheTests.EnsureHandles_EmptyMappings_DoesNotInvokeFactory" methodname="EnsureHandles_EmptyMappings_DoesNotInvokeFactory" classname="Hidano.FacialControl.Tests.EditMode.Adapters.PropertyStreamHandleCacheTests" runstate="Runnable" seed="1213240388" result="Passed" start-time="2026-02-03 05:58:04Z" end-time="2026-02-03 05:58:04Z" duration="0.000227" asserts="0">
                    <properties>
                      <property name="retryIteration" value="0" />
                      <property name="repeatIteration" value="0" />
                    </properties>
                  </test-case>
                  <test-case id="1439" name="EnsureHandles_JapaneseBlendShapeName_CachesCorrectly" fullname="Hidano.FacialControl.Tests.EditMode.Adapters.PropertyStreamHandleCacheTests.EnsureHandles_JapaneseBlendShapeName_CachesCorrectly" methodname="EnsureHandles_JapaneseBlendShapeName_CachesCorrectly" classname="Hidano.FacialControl.Tests.EditMode.Adapters.PropertyStreamHandleCacheTests" runstate="Runnable" seed="320988445" result="Passed" start-time="2026-02-03 05:58:04Z" end-time="2026-02-03 05:58:04Z" duration="0.000290" asserts="0">
                    <properties>
                      <property name="retryIteration" value="0" />
                      <property name="repeatIteration" value="0" />
                    </properties>
                  </test-case>
                  <test-case id="1437" name="EnsureHandles_ManyBlendShapes_CachesAll" fullname="Hidano.FacialControl.Tests.EditMode.Adapters.PropertyStreamHandleCacheTests.EnsureHandles_ManyBlendShapes_CachesAll" methodname="EnsureHandles_ManyBlendShapes_CachesAll" classname="Hidano.FacialControl.Tests.EditMode.Adapters.PropertyStreamHandleCacheTests" runstate="Runnable" seed="356442521" result="Passed" start-time="2026-02-03 05:58:04Z" end-time="2026-02-03 05:58:04Z" duration="0.000453" asserts="0">
                    <properties>
                      <property name="retryIteration" value="0" />
                      <property name="repeatIteration" value="0" />
                    </properties>
                  </test-case>
                  <test-case id="1421" name="EnsureHandles_MixedCachedAndNew_InvokesFactoryOnlyForNew" fullname="Hidano.FacialControl.Tests.EditMode.Adapters.PropertyStreamHandleCacheTests.EnsureHandles_MixedCachedAndNew_InvokesFactoryOnlyForNew" methodname="EnsureHandles_MixedCachedAndNew_InvokesFactoryOnlyForNew" classname="Hidano.FacialControl.Tests.EditMode.Adapters.PropertyStreamHandleCacheTests" runstate="Runnable" seed="9740129" result="Passed" start-time="2026-02-03 05:58:04Z" end-time="2026-02-03 05:58:04Z" duration="0.000344" asserts="0">
                    <properties>
                      <property name="retryIteration" value="0" />
                      <property name="repeatIteration" value="0" />
                    </properties>
                  </test-case>
                  <test-case id="1419" name="EnsureHandles_NewBlendShapes_IncrementsCount" fullname="Hidano.FacialControl.Tests.EditMode.Adapters.PropertyStreamHandleCacheTests.EnsureHandles_NewBlendShapes_IncrementsCount" methodname="EnsureHandles_NewBlendShapes_IncrementsCount" classname="Hidano.FacialControl.Tests.EditMode.Adapters.PropertyStreamHandleCacheTests" runstate="Runnable" seed="1174245268" result="Passed" start-time="2026-02-03 05:58:04Z" end-time="2026-02-03 05:58:04Z" duration="0.000261" asserts="0">
                    <properties>
                      <property name="retryIteration" value="0" />
                      <property name="repeatIteration" value="0" />
                    </properties>
                  </test-case>
                  <test-case id="1418" name="EnsureHandles_NewBlendShapes_InvokesFactoryForEach" fullname="Hidano.FacialControl.Tests.EditMode.Adapters.PropertyStreamHandleCacheTests.EnsureHandles_NewBlendShapes_InvokesFactoryForEach" methodname="EnsureHandles_NewBlendShapes_InvokesFactoryForEach" classname="Hidano.FacialControl.Tests.EditMode.Adapters.PropertyStreamHandleCacheTests" runstate="Runnable" seed="471783107" result="Passed" start-time="2026-02-03 05:58:04Z" end-time="2026-02-03 05:58:04Z" duration="0.000275" asserts="0">
                    <properties>
                      <property name="retryIteration" value="0" />
                      <property name="repeatIteration" value="0" />
                    </properties>
                  </test-case>
                  <test-case id="1435" name="EnsureHandles_NullFactory_ThrowsArgumentNullException" fullname="Hidano.FacialControl.Tests.EditMode.Adapters.PropertyStreamHandleCacheTests.EnsureHandles_NullFactory_ThrowsArgumentNullException" methodname="EnsureHandles_NullFactory_ThrowsArgumentNullException" classname="Hidano.FacialControl.Tests.EditMode.Adapters.PropertyStreamHandleCacheTests" runstate="Runnable" seed="1627786900" result="Passed" start-time="2026-02-03 05:58:04Z" end-time="2026-02-03 05:58:04Z" duration="0.000260" asserts="0">
                    <properties>
                      <property name="retryIteration" value="0" />
                      <property name="repeatIteration" value="0" />
                    </properties>
                  </test-case>
                  <test-case id="1434" name="EnsureHandles_NullMappings_ThrowsArgumentNullException" fullname="Hidano.FacialControl.Tests.EditMode.Adapters.PropertyStreamHandleCacheTests.EnsureHandles_NullMappings_ThrowsArgumentNullException" methodname="EnsureHandles_NullMappings_ThrowsArgumentNullException" classname="Hidano.FacialControl.Tests.EditMode.Adapters.PropertyStreamHandleCacheTests" runstate="Runnable" seed="990838820" result="Passed" start-time="2026-02-03 05:58:04Z" end-time="2026-02-03 05:58:04Z" duration="0.000223" asserts="0">
                    <properties>
                      <property name="retryIteration" value="0" />
                      <property name="repeatIteration" value="0" />
                    </properties>
                  </test-case>
                  <test-case id="1424" name="EnsureHandles_NullRenderer_CachesSeparatelyFromNamedRenderer" fullname="Hidano.FacialControl.Tests.EditMode.Adapters.PropertyStreamHandleCacheTests.EnsureHandles_NullRenderer_CachesSeparatelyFromNamedRenderer" methodname="EnsureHandles_NullRenderer_CachesSeparatelyFromNamedRenderer" classname="Hidano.FacialControl.Tests.EditMode.Adapters.PropertyStreamHandleCacheTests" runstate="Runnable" seed="125722795" result="Passed" start-time="2026-02-03 05:58:04Z" end-time="2026-02-03 05:58:04Z" duration="0.000367" asserts="0">
                    <properties>
                      <property name="retryIteration" value="0" />
                      <property name="repeatIteration" value="0" />
                    </properties>
                  </test-case>
                  <test-case id="1423" name="EnsureHandles_SameNameDifferentRenderer_CachesSeparately" fullname="Hidano.FacialControl.Tests.EditMode.Adapters.PropertyStreamHandleCacheTests.EnsureHandles_SameNameDifferentRenderer_CachesSeparately" methodname="EnsureHandles_SameNameDifferentRenderer_CachesSeparately" classname="Hidano.FacialControl.Tests.EditMode.Adapters.PropertyStreamHandleCacheTests" runstate="Runnable" seed="156921780" result="Passed" start-time="2026-02-03 05:58:04Z" end-time="2026-02-03 05:58:04Z" duration="0.000376" asserts="0">
                    <properties>
                      <property name="retryIteration" value="0" />
                      <property name="repeatIteration" value="0" />
                    </properties>
                  </test-case>
                  <test-case id="1422" name="EnsureHandles_SameNameDifferentValue_DoesNotInvokeFactory" fullname="Hidano.FacialControl.Tests.EditMode.Adapters.PropertyStreamHandleCacheTests.EnsureHandles_SameNameDifferentValue_DoesNotInvokeFactory" methodname="EnsureHandles_SameNameDifferentValue_DoesNotInvokeFactory" classname="Hidano.FacialControl.Tests.EditMode.Adapters.PropertyStreamHandleCacheTests" runstate="Runnable" seed="1396304217" result="Passed" start-time="2026-02-03 05:58:04Z" end-time="2026-02-03 05:58:04Z" duration="0.000304" asserts="0">
                    <properties>
                      <property name="retryIteration" value="0" />
                      <property name="repeatIteration" value="0" />
                    </properties>
                  </test-case>
                  <test-case id="1440" name="EnsureHandles_SpecialCharacterBlendShapeName_CachesCorrectly" fullname="Hidano.FacialControl.Tests.EditMode.Adapters.PropertyStreamHandleCacheTests.EnsureHandles_SpecialCharacterBlendShapeName_CachesCorrectly" methodname="EnsureHandles_SpecialCharacterBlendShapeName_CachesCorrectly" classname="Hidano.FacialControl.Tests.EditMode.Adapters.PropertyStreamHandleCacheTests" runstate="Runnable" seed="1072487937" result="Passed" start-time="2026-02-03 05:58:04Z" end-time="2026-02-03 05:58:04Z" duration="0.000228" asserts="0">
                    <properties>
                      <property name="retryIteration" value="0" />
                      <property name="repeatIteration" value="0" />
                    </properties>
                  </test-case>
                  <test-case id="1425" name="TryGetHandle_ExistingEntry_ReturnsTrueAndHandle" fullname="Hidano.FacialControl.Tests.EditMode.Adapters.PropertyStreamHandleCacheTests.TryGetHandle_ExistingEntry_ReturnsTrueAndHandle" methodname="TryGetHandle_ExistingEntry_ReturnsTrueAndHandle" classname="Hidano.FacialControl.Tests.EditMode.Adapters.PropertyStreamHandleCacheTests" runstate="Runnable" seed="330944941" result="Passed" start-time="2026-02-03 05:58:04Z" end-time="2026-02-03 05:58:04Z" duration="0.000307" asserts="0">
                    <properties>
                      <property name="retryIteration" value="0" />
                      <property name="repeatIteration" value="0" />
                    </properties>
                  </test-case>
                  <test-case id="1426" name="TryGetHandle_NonExistingEntry_ReturnsFalse" fullname="Hidano.FacialControl.Tests.EditMode.Adapters.PropertyStreamHandleCacheTests.TryGetHandle_NonExistingEntry_ReturnsFalse" methodname="TryGetHandle_NonExistingEntry_ReturnsFalse" classname="Hidano.FacialControl.Tests.EditMode.Adapters.PropertyStreamHandleCacheTests" runstate="Runnable" seed="352211407" result="Passed" start-time="2026-02-03 05:58:04Z" end-time="2026-02-03 05:58:04Z" duration="0.000200" asserts="0">
                    <properties>
                      <property name="retryIteration" value="0" />
                      <property name="repeatIteration" value="0" />
                    </properties>
                  </test-case>
                  <test-case id="1427" name="TryGetHandle_WithRenderer_ReturnsCorrectHandle" fullname="Hidano.FacialControl.Tests.EditMode.Adapters.PropertyStreamHandleCacheTests.TryGetHandle_WithRenderer_ReturnsCorrectHandle" methodname="TryGetHandle_WithRenderer_ReturnsCorrectHandle" classname="Hidano.FacialControl.Tests.EditMode.Adapters.PropertyStreamHandleCacheTests" runstate="Runnable" seed="97058888" result="Passed" start-time="2026-02-03 05:58:04Z" end-time="2026-02-03 05:58:04Z" duration="0.000264" asserts="0">
                    <properties>
                      <property name="retryIteration" value="0" />
                      <property name="repeatIteration" value="0" />
                    </properties>
                  </test-case>
                </test-suite>
                <test-suite type="TestFixture" id="1441" name="SampleJsonParseTests" fullname="Hidano.FacialControl.Tests.EditMode.Adapters.SampleJsonParseTests" classname="Hidano.FacialControl.Tests.EditMode.Adapters.SampleJsonParseTests" runstate="Runnable" testcasecount="35" result="Passed" start-time="2026-02-03 05:58:04Z" end-time="2026-02-03 05:58:04Z" duration="0.025946" total="35" passed="35" failed="0" inconclusive="0" skipped="0" asserts="0">
                  <properties />
                  <test-case id="1469" name="ParseConfig_SampleJson_CacheCorrect" fullname="Hidano.FacialControl.Tests.EditMode.Adapters.SampleJsonParseTests.ParseConfig_SampleJson_CacheCorrect" methodname="ParseConfig_SampleJson_CacheCorrect" classname="Hidano.FacialControl.Tests.EditMode.Adapters.SampleJsonParseTests" runstate="Runnable" seed="1926413101" result="Passed" start-time="2026-02-03 05:58:04Z" end-time="2026-02-03 05:58:04Z" duration="0.001254" asserts="0">
                    <properties>
                      <property name="retryIteration" value="0" />
                      <property name="repeatIteration" value="0" />
                    </properties>
                  </test-case>
                  <test-case id="1468" name="ParseConfig_SampleJson_OscMappingCorrect" fullname="Hidano.FacialControl.Tests.EditMode.Adapters.SampleJsonParseTests.ParseConfig_SampleJson_OscMappingCorrect" methodname="ParseConfig_SampleJson_OscMappingCorrect" classname="Hidano.FacialControl.Tests.EditMode.Adapters.SampleJsonParseTests" runstate="Runnable" seed="1102635015" result="Passed" start-time="2026-02-03 05:58:04Z" end-time="2026-02-03 05:58:04Z" duration="0.000651" asserts="0">
                    <properties>
                      <property name="retryIteration" value="0" />
                      <property name="repeatIteration" value="0" />
                    </properties>
                  </test-case>
                  <test-case id="1466" name="ParseConfig_SampleJson_OscPortsCorrect" fullname="Hidano.FacialControl.Tests.EditMode.Adapters.SampleJsonParseTests.ParseConfig_SampleJson_OscPortsCorrect" methodname="ParseConfig_SampleJson_OscPortsCorrect" classname="Hidano.FacialControl.Tests.EditMode.Adapters.SampleJsonParseTests" runstate="Runnable" seed="360805566" result="Passed" start-time="2026-02-03 05:58:04Z" end-time="2026-02-03 05:58:04Z" duration="0.000305" asserts="0">
                    <properties>
                      <property name="retryIteration" value="0" />
                      <property name="repeatIteration" value="0" />
                    </properties>
                  </test-case>
                  <test-case id="1467" name="ParseConfig_SampleJson_OscPresetCorrect" fullname="Hidano.FacialControl.Tests.EditMode.Adapters.SampleJsonParseTests.ParseConfig_SampleJson_OscPresetCorrect" methodname="ParseConfig_SampleJson_OscPresetCorrect" classname="Hidano.FacialControl.Tests.EditMode.Adapters.SampleJsonParseTests" runstate="Runnable" seed="1446918981" result="Passed" start-time="2026-02-03 05:58:04Z" end-time="2026-02-03 05:58:04Z" duration="0.000269" asserts="0">
                    <properties>
                      <property name="retryIteration" value="0" />
                      <property name="repeatIteration" value="0" />
                    </properties>
                  </test-case>
                  <test-case id="1465" name="ParseConfig_SampleJson_ReturnsValidConfig" fullname="Hidano.FacialControl.Tests.EditMode.Adapters.SampleJsonParseTests.ParseConfig_SampleJson_ReturnsValidConfig" methodname="ParseConfig_SampleJson_ReturnsValidConfig" classname="Hidano.FacialControl.Tests.EditMode.Adapters.SampleJsonParseTests" runstate="Runnable" seed="917206741" result="Passed" start-time="2026-02-03 05:58:04Z" end-time="2026-02-03 05:58:04Z" duration="0.000253" asserts="0">
                    <properties>
                      <property name="retryIteration" value="0" />
                      <property name="repeatIteration" value="0" />
                    </properties>
                  </test-case>
                  <test-case id="1452" name="ParseProfile_SampleJson_AngryBlendShapesCorrect" fullname="Hidano.FacialControl.Tests.EditMode.Adapters.SampleJsonParseTests.ParseProfile_SampleJson_AngryBlendShapesCorrect" methodname="ParseProfile_SampleJson_AngryBlendShapesCorrect" classname="Hidano.FacialControl.Tests.EditMode.Adapters.SampleJsonParseTests" runstate="Runnable" seed="92305782" result="Passed" start-time="2026-02-03 05:58:04Z" end-time="2026-02-03 05:58:04Z" duration="0.002732" asserts="0">
                    <properties>
                      <property name="retryIteration" value="0" />
                      <property name="repeatIteration" value="0" />
                    </properties>
                  </test-case>
                  <test-case id="1451" name="ParseProfile_SampleJson_AngryExpressionCorrect" fullname="Hidano.FacialControl.Tests.EditMode.Adapters.SampleJsonParseTests.ParseProfile_SampleJson_AngryExpressionCorrect" methodname="ParseProfile_SampleJson_AngryExpressionCorrect" classname="Hidano.FacialControl.Tests.EditMode.Adapters.SampleJsonParseTests" runstate="Runnable" seed="1156558445" result="Passed" start-time="2026-02-03 05:58:04Z" end-time="2026-02-03 05:58:04Z" duration="0.000460" asserts="0">
                    <properties>
                      <property name="retryIteration" value="0" />
                      <property name="repeatIteration" value="0" />
                    </properties>
                  </test-case>
                  <test-case id="1453" name="ParseProfile_SampleJson_AngryHasEmptyLayerSlots" fullname="Hidano.FacialControl.Tests.EditMode.Adapters.SampleJsonParseTests.ParseProfile_SampleJson_AngryHasEmptyLayerSlots" methodname="ParseProfile_SampleJson_AngryHasEmptyLayerSlots" classname="Hidano.FacialControl.Tests.EditMode.Adapters.SampleJsonParseTests" runstate="Runnable" seed="1445726266" result="Passed" start-time="2026-02-03 05:58:04Z" end-time="2026-02-03 05:58:04Z" duration="0.000339" asserts="0">
                    <properties>
                      <property name="retryIteration" value="0" />
                      <property name="repeatIteration" value="0" />
                    </properties>
                  </test-case>
                  <test-case id="1455" name="ParseProfile_SampleJson_BlinkBlendShapesCorrect" fullname="Hidano.FacialControl.Tests.EditMode.Adapters.SampleJsonParseTests.ParseProfile_SampleJson_BlinkBlendShapesCorrect" methodname="ParseProfile_SampleJson_BlinkBlendShapesCorrect" classname="Hidano.FacialControl.Tests.EditMode.Adapters.SampleJsonParseTests" runstate="Runnable" seed="679243318" result="Passed" start-time="2026-02-03 05:58:04Z" end-time="2026-02-03 05:58:04Z" duration="0.000337" asserts="0">
                    <properties>
                      <property name="retryIteration" value="0" />
                      <property name="repeatIteration" value="0" />
                    </properties>
                  </test-case>
                  <test-case id="1454" name="ParseProfile_SampleJson_BlinkExpressionCorrect" fullname="Hidano.FacialControl.Tests.EditMode.Adapters.SampleJsonParseTests.ParseProfile_SampleJson_BlinkExpressionCorrect" methodname="ParseProfile_SampleJson_BlinkExpressionCorrect" classname="Hidano.FacialControl.Tests.EditMode.Adapters.SampleJsonParseTests" runstate="Runnable" seed="630995337" result="Passed" start-time="2026-02-03 05:58:04Z" end-time="2026-02-03 05:58:04Z" duration="0.000294" asserts="0">
                    <properties>
                      <property name="retryIteration" value="0" />
                      <property name="repeatIteration" value="0" />
                    </properties>
                  </test-case>
                  <test-case id="1444" name="ParseProfile_SampleJson_EmotionLayerCorrect" fullname="Hidano.FacialControl.Tests.EditMode.Adapters.SampleJsonParseTests.ParseProfile_SampleJson_EmotionLayerCorrect" methodname="ParseProfile_SampleJson_EmotionLayerCorrect" classname="Hidano.FacialControl.Tests.EditMode.Adapters.SampleJsonParseTests" runstate="Runnable" seed="1264447860" result="Passed" start-time="2026-02-03 05:58:04Z" end-time="2026-02-03 05:58:04Z" duration="0.000538" asserts="0">
                    <properties>
                      <property name="retryIteration" value="0" />
                      <property name="repeatIteration" value="0" />
                    </properties>
                  </test-case>
                  <test-case id="1446" name="ParseProfile_SampleJson_EyeLayerCorrect" fullname="Hidano.FacialControl.Tests.EditMode.Adapters.SampleJsonParseTests.ParseProfile_SampleJson_EyeLayerCorrect" methodname="ParseProfile_SampleJson_EyeLayerCorrect" classname="Hidano.FacialControl.Tests.EditMode.Adapters.SampleJsonParseTests" runstate="Runnable" seed="2060405310" result="Passed" start-time="2026-02-03 05:58:04Z" end-time="2026-02-03 05:58:04Z" duration="0.000294" asserts="0">
                    <properties>
                      <property name="retryIteration" value="0" />
                      <property name="repeatIteration" value="0" />
                    </properties>
                  </test-case>
                  <test-case id="1457" name="ParseProfile_SampleJson_FindExpressionById" fullname="Hidano.FacialControl.Tests.EditMode.Adapters.SampleJsonParseTests.ParseProfile_SampleJson_FindExpressionById" methodname="ParseProfile_SampleJson_FindExpressionById" classname="Hidano.FacialControl.Tests.EditMode.Adapters.SampleJsonParseTests" runstate="Runnable" seed="1222209599" result="Passed" start-time="2026-02-03 05:58:04Z" end-time="2026-02-03 05:58:04Z" duration="0.000560" asserts="0">
                    <properties>
                      <property name="retryIteration" value="0" />
                      <property name="repeatIteration" value="0" />
                    </properties>
                  </test-case>
                  <test-case id="1458" name="ParseProfile_SampleJson_GetExpressionsByLayer" fullname="Hidano.FacialControl.Tests.EditMode.Adapters.SampleJsonParseTests.ParseProfile_SampleJson_GetExpressionsByLayer" methodname="ParseProfile_SampleJson_GetExpressionsByLayer" classname="Hidano.FacialControl.Tests.EditMode.Adapters.SampleJsonParseTests" runstate="Runnable" seed="1370226795" result="Passed" start-time="2026-02-03 05:58:04Z" end-time="2026-02-03 05:58:04Z" duration="0.000612" asserts="0">
                    <properties>
                      <property name="retryIteration" value="0" />
                      <property name="repeatIteration" value="0" />
                    </properties>
                  </test-case>
[...]
                      <property name="repeatIteration" value="0" />
                    </properties>
                  </test-case>
                  <test-case id="1221" name="Evaluate_Custom_TZero_ReturnsFirstKeyValue" fullname="Hidano.FacialControl.Tests.EditMode.Domain.TransitionCalculatorTests.Evaluate_Custom_TZero_ReturnsFirstKeyValue" methodname="Evaluate_Custom_TZero_ReturnsFirstKeyValue" classname="Hidano.FacialControl.Tests.EditMode.Domain.TransitionCalculatorTests" runstate="Runnable" seed="24697845" result="Passed" start-time="2026-02-03 05:58:04Z" end-time="2026-02-03 05:58:04Z" duration="0.000191" asserts="0">
                    <properties>
                      <property name="retryIteration" value="0" />
                      <property name="repeatIteration" value="0" />
                    </properties>
                  </test-case>
                  <test-case id="1240" name="Evaluate_EaseIn_And_EaseOut_Symmetric" fullname="Hidano.FacialControl.Tests.EditMode.Domain.TransitionCalculatorTests.Evaluate_EaseIn_And_EaseOut_Symmetric" methodname="Evaluate_EaseIn_And_EaseOut_Symmetric" classname="Hidano.FacialControl.Tests.EditMode.Domain.TransitionCalculatorTests" runstate="Runnable" seed="1132362363" result="Passed" start-time="2026-02-03 05:58:04Z" end-time="2026-02-03 05:58:04Z" duration="0.000189" asserts="0">
                    <properties>
                      <property name="retryIteration" value="0" />
                      <property name="repeatIteration" value="0" />
                    </properties>
                  </test-case>
                  <test-case id="1242" name="Evaluate_EaseIn_IsMonotonicallyIncreasing" fullname="Hidano.FacialControl.Tests.EditMode.Domain.TransitionCalculatorTests.Evaluate_EaseIn_IsMonotonicallyIncreasing" methodname="Evaluate_EaseIn_IsMonotonicallyIncreasing" classname="Hidano.FacialControl.Tests.EditMode.Domain.TransitionCalculatorTests" runstate="Runnable" seed="1904446174" result="Passed" start-time="2026-02-03 05:58:04Z" end-time="2026-02-03 05:58:04Z" duration="0.000200" asserts="0">
                    <properties>
                      <property name="retryIteration" value="0" />
                      <property name="repeatIteration" value="0" />
                    </properties>
                  </test-case>
                  <test-case id="1209" name="Evaluate_EaseIn_THalf_LessThanHalf" fullname="Hidano.FacialControl.Tests.EditMode.Domain.TransitionCalculatorTests.Evaluate_EaseIn_THalf_LessThanHalf" methodname="Evaluate_EaseIn_THalf_LessThanHalf" classname="Hidano.FacialControl.Tests.EditMode.Domain.TransitionCalculatorTests" runstate="Runnable" seed="1585065890" result="Passed" start-time="2026-02-03 05:58:04Z" end-time="2026-02-03 05:58:04Z" duration="0.000140" asserts="0">
                    <properties>
                      <property name="retryIteration" value="0" />
                      <property name="repeatIteration" value="0" />
                    </properties>
                  </test-case>
                  <test-case id="1210" name="Evaluate_EaseIn_TNearOne_GreaterThanLinear" fullname="Hidano.FacialControl.Tests.EditMode.Domain.TransitionCalculatorTests.Evaluate_EaseIn_TNearOne_GreaterThanLinear" methodname="Evaluate_EaseIn_TNearOne_GreaterThanLinear" classname="Hidano.FacialControl.Tests.EditMode.Domain.TransitionCalculatorTests" runstate="Runnable" seed="939717262" result="Passed" start-time="2026-02-03 05:58:04Z" end-time="2026-02-03 05:58:04Z" duration="0.000135" asserts="0">
                    <properties>
                      <property name="retryIteration" value="0" />
                      <property name="repeatIteration" value="0" />
                    </properties>
                  </test-case>
                  <test-case id="1228" name="Evaluate_EaseIn_TNegative_ClampedToZero" fullname="Hidano.FacialControl.Tests.EditMode.Domain.TransitionCalculatorTests.Evaluate_EaseIn_TNegative_ClampedToZero" methodname="Evaluate_EaseIn_TNegative_ClampedToZero" classname="Hidano.FacialControl.Tests.EditMode.Domain.TransitionCalculatorTests" runstate="Runnable" seed="271674842" result="Passed" start-time="2026-02-03 05:58:04Z" end-time="2026-02-03 05:58:04Z" duration="0.000127" asserts="0">
                    <properties>
                      <property name="retryIteration" value="0" />
                      <property name="repeatIteration" value="0" />
                    </properties>
                  </test-case>
                  <test-case id="1208" name="Evaluate_EaseIn_TOne_ReturnsOne" fullname="Hidano.FacialControl.Tests.EditMode.Domain.TransitionCalculatorTests.Evaluate_EaseIn_TOne_ReturnsOne" methodname="Evaluate_EaseIn_TOne_ReturnsOne" classname="Hidano.FacialControl.Tests.EditMode.Domain.TransitionCalculatorTests" runstate="Runnable" seed="1190087559" result="Passed" start-time="2026-02-03 05:58:04Z" end-time="2026-02-03 05:58:04Z" duration="0.000134" asserts="0">
                    <properties>
                      <property name="retryIteration" value="0" />
                      <property name="repeatIteration" value="0" />
                    </properties>
                  </test-case>
                  <test-case id="1207" name="Evaluate_EaseIn_TZero_ReturnsZero" fullname="Hidano.FacialControl.Tests.EditMode.Domain.TransitionCalculatorTests.Evaluate_EaseIn_TZero_ReturnsZero" methodname="Evaluate_EaseIn_TZero_ReturnsZero" classname="Hidano.FacialControl.Tests.EditMode.Domain.TransitionCalculatorTests" runstate="Runnable" seed="563649910" result="Passed" start-time="2026-02-03 05:58:04Z" end-time="2026-02-03 05:58:04Z" duration="0.000151" asserts="0">
                    <properties>
                      <property name="retryIteration" value="0" />
                      <property name="repeatIteration" value="0" />
                    </properties>
                  </test-case>
                  <test-case id="1244" name="Evaluate_EaseInOut_IsMonotonicallyIncreasing" fullname="Hidano.FacialControl.Tests.EditMode.Domain.TransitionCalculatorTests.Evaluate_EaseInOut_IsMonotonicallyIncreasing" methodname="Evaluate_EaseInOut_IsMonotonicallyIncreasing" classname="Hidano.FacialControl.Tests.EditMode.Domain.TransitionCalculatorTests" runstate="Runnable" seed="1432358330" result="Passed" start-time="2026-02-03 05:58:04Z" end-time="2026-02-03 05:58:04Z" duration="0.000296" asserts="0">
                    <properties>
                      <property name="retryIteration" value="0" />
                      <property name="repeatIteration" value="0" />
                    </properties>
                  </test-case>
                  <test-case id="1217" name="Evaluate_EaseInOut_THalf_ReturnsHalf" fullname="Hidano.FacialControl.Tests.EditMode.Domain.TransitionCalculatorTests.Evaluate_EaseInOut_THalf_ReturnsHalf" methodname="Evaluate_EaseInOut_THalf_ReturnsHalf" classname="Hidano.FacialControl.Tests.EditMode.Domain.TransitionCalculatorTests" runstate="Runnable" seed="1923414404" result="Passed" start-time="2026-02-03 05:58:04Z" end-time="2026-02-03 05:58:04Z" duration="0.000147" asserts="0">
                    <properties>
                      <property name="retryIteration" value="0" />
                      <property name="repeatIteration" value="0" />
                    </properties>
                  </test-case>
                  <test-case id="1216" name="Evaluate_EaseInOut_TOne_ReturnsOne" fullname="Hidano.FacialControl.Tests.EditMode.Domain.TransitionCalculatorTests.Evaluate_EaseInOut_TOne_ReturnsOne" methodname="Evaluate_EaseInOut_TOne_ReturnsOne" classname="Hidano.FacialControl.Tests.EditMode.Domain.TransitionCalculatorTests" runstate="Runnable" seed="1171068510" result="Passed" start-time="2026-02-03 05:58:04Z" end-time="2026-02-03 05:58:04Z" duration="0.000147" asserts="0">
                    <properties>
                      <property name="retryIteration" value="0" />
                      <property name="repeatIteration" value="0" />
                    </properties>
                  </test-case>
                  <test-case id="1218" name="Evaluate_EaseInOut_TQuarter_LessThanQuarter" fullname="Hidano.FacialControl.Tests.EditMode.Domain.TransitionCalculatorTests.Evaluate_EaseInOut_TQuarter_LessThanQuarter" methodname="Evaluate_EaseInOut_TQuarter_LessThanQuarter" classname="Hidano.FacialControl.Tests.EditMode.Domain.TransitionCalculatorTests" runstate="Runnable" seed="239725862" result="Passed" start-time="2026-02-03 05:58:04Z" end-time="2026-02-03 05:58:04Z" duration="0.000161" asserts="0">
                    <properties>
                      <property name="retryIteration" value="0" />
                      <property name="repeatIteration" value="0" />
                    </properties>
                  </test-case>
                  <test-case id="1219" name="Evaluate_EaseInOut_TThreeQuarter_GreaterThanThreeQuarter" fullname="Hidano.FacialControl.Tests.EditMode.Domain.TransitionCalculatorTests.Evaluate_EaseInOut_TThreeQuarter_GreaterThanThreeQuarter" methodname="Evaluate_EaseInOut_TThreeQuarter_GreaterThanThreeQuarter" classname="Hidano.FacialControl.Tests.EditMode.Domain.TransitionCalculatorTests" runstate="Runnable" seed="1095967640" result="Passed" start-time="2026-02-03 05:58:04Z" end-time="2026-02-03 05:58:04Z" duration="0.000537" asserts="0">
                    <properties>
                      <property name="retryIteration" value="0" />
                      <property name="repeatIteration" value="0" />
                    </properties>
                  </test-case>
                  <test-case id="1215" name="Evaluate_EaseInOut_TZero_ReturnsZero" fullname="Hidano.FacialControl.Tests.EditMode.Domain.TransitionCalculatorTests.Evaluate_EaseInOut_TZero_ReturnsZero" methodname="Evaluate_EaseInOut_TZero_ReturnsZero" classname="Hidano.FacialControl.Tests.EditMode.Domain.TransitionCalculatorTests" runstate="Runnable" seed="284313023" result="Passed" start-time="2026-02-03 05:58:04Z" end-time="2026-02-03 05:58:04Z" duration="0.000183" asserts="0">
                    <properties>
                      <property name="retryIteration" value="0" />
                      <property name="repeatIteration" value="0" />
                    </properties>
                  </test-case>
                  <test-case id="1243" name="Evaluate_EaseOut_IsMonotonicallyIncreasing" fullname="Hidano.FacialControl.Tests.EditMode.Domain.TransitionCalculatorTests.Evaluate_EaseOut_IsMonotonicallyIncreasing" methodname="Evaluate_EaseOut_IsMonotonicallyIncreasing" classname="Hidano.FacialControl.Tests.EditMode.Domain.TransitionCalculatorTests" runstate="Runnable" seed="216619112" result="Passed" start-time="2026-02-03 05:58:04Z" end-time="2026-02-03 05:58:04Z" duration="0.000240" asserts="0">
                    <properties>
                      <property name="retryIteration" value="0" />
                      <property name="repeatIteration" value="0" />
                    </properties>
                  </test-case>
                  <test-case id="1229" name="Evaluate_EaseOut_TAboveOne_ClampedToOne" fullname="Hidano.FacialControl.Tests.EditMode.Domain.TransitionCalculatorTests.Evaluate_EaseOut_TAboveOne_ClampedToOne" methodname="Evaluate_EaseOut_TAboveOne_ClampedToOne" classname="Hidano.FacialControl.Tests.EditMode.Domain.TransitionCalculatorTests" runstate="Runnable" seed="1653802745" result="Passed" start-time="2026-02-03 05:58:04Z" end-time="2026-02-03 05:58:04Z" duration="0.000134" asserts="0">
                    <properties>
                      <property name="retryIteration" value="0" />
                      <property name="repeatIteration" value="0" />
                    </properties>
                  </test-case>
                  <test-case id="1213" name="Evaluate_EaseOut_THalf_GreaterThanHalf" fullname="Hidano.FacialControl.Tests.EditMode.Domain.TransitionCalculatorTests.Evaluate_EaseOut_THalf_GreaterThanHalf" methodname="Evaluate_EaseOut_THalf_GreaterThanHalf" classname="Hidano.FacialControl.Tests.EditMode.Domain.TransitionCalculatorTests" runstate="Runnable" seed="1347302585" result="Passed" start-time="2026-02-03 05:58:04Z" end-time="2026-02-03 05:58:04Z" duration="0.000165" asserts="0">
                    <properties>
                      <property name="retryIteration" value="0" />
                      <property name="repeatIteration" value="0" />
                    </properties>
                  </test-case>
                  <test-case id="1214" name="Evaluate_EaseOut_TNearZero_GreaterThanLinear" fullname="Hidano.FacialControl.Tests.EditMode.Domain.TransitionCalculatorTests.Evaluate_EaseOut_TNearZero_GreaterThanLinear" methodname="Evaluate_EaseOut_TNearZero_GreaterThanLinear" classname="Hidano.FacialControl.Tests.EditMode.Domain.TransitionCalculatorTests" runstate="Runnable" seed="1579539753" result="Passed" start-time="2026-02-03 05:58:04Z" end-time="2026-02-03 05:58:04Z" duration="0.000155" asserts="0">
                    <properties>
                      <property name="retryIteration" value="0" />
                      <property name="repeatIteration" value="0" />
                    </properties>
                  </test-case>
                  <test-case id="1212" name="Evaluate_EaseOut_TOne_ReturnsOne" fullname="Hidano.FacialControl.Tests.EditMode.Domain.TransitionCalculatorTests.Evaluate_EaseOut_TOne_ReturnsOne" methodname="Evaluate_EaseOut_TOne_ReturnsOne" classname="Hidano.FacialControl.Tests.EditMode.Domain.TransitionCalculatorTests" runstate="Runnable" seed="2043051141" result="Passed" start-time="2026-02-03 05:58:04Z" end-time="2026-02-03 05:58:04Z" duration="0.000156" asserts="0">
                    <properties>
                      <property name="retryIteration" value="0" />
                      <property name="repeatIteration" value="0" />
                    </properties>
                  </test-case>
                  <test-case id="1211" name="Evaluate_EaseOut_TZero_ReturnsZero" fullname="Hidano.FacialControl.Tests.EditMode.Domain.TransitionCalculatorTests.Evaluate_EaseOut_TZero_ReturnsZero" methodname="Evaluate_EaseOut_TZero_ReturnsZero" classname="Hidano.FacialControl.Tests.EditMode.Domain.TransitionCalculatorTests" runstate="Runnable" seed="874201821" result="Passed" start-time="2026-02-03 05:58:04Z" end-time="2026-02-03 05:58:04Z" duration="0.000248" asserts="0">
                    <properties>
                      <property name="retryIteration" value="0" />
                      <property name="repeatIteration" value="0" />
                    </properties>
                  </test-case>
                  <test-case id="1241" name="Evaluate_Linear_IsMonotonicallyIncreasing" fullname="Hidano.FacialControl.Tests.EditMode.Domain.TransitionCalculatorTests.Evaluate_Linear_IsMonotonicallyIncreasing" methodname="Evaluate_Linear_IsMonotonicallyIncreasing" classname="Hidano.FacialControl.Tests.EditMode.Domain.TransitionCalculatorTests" runstate="Runnable" seed="1493244223" result="Passed" start-time="2026-02-03 05:58:04Z" end-time="2026-02-03 05:58:04Z" duration="0.000405" asserts="0">
                    <properties>
                      <property name="retryIteration" value="0" />
                      <property name="repeatIteration" value="0" />
                    </properties>
                  </test-case>
                  <test-case id="1205" name="Evaluate_Linear_THalf_ReturnsHalf" fullname="Hidano.FacialControl.Tests.EditMode.Domain.TransitionCalculatorTests.Evaluate_Linear_THalf_ReturnsHalf" methodname="Evaluate_Linear_THalf_ReturnsHalf" classname="Hidano.FacialControl.Tests.EditMode.Domain.TransitionCalculatorTests" runstate="Runnable" seed="717448300" result="Passed" start-time="2026-02-03 05:58:04Z" end-time="2026-02-03 05:58:04Z" duration="0.000338" asserts="0">
                    <properties>
                      <property name="retryIteration" value="0" />
                      <property name="repeatIteration" value="0" />
                    </properties>
                  </test-case>
                  <test-case id="1204" name="Evaluate_Linear_TOne_ReturnsOne" fullname="Hidano.FacialControl.Tests.EditMode.Domain.TransitionCalculatorTests.Evaluate_Linear_TOne_ReturnsOne" methodname="Evaluate_Linear_TOne_ReturnsOne" classname="Hidano.FacialControl.Tests.EditMode.Domain.TransitionCalculatorTests" runstate="Runnable" seed="411144580" result="Passed" start-time="2026-02-03 05:58:04Z" end-time="2026-02-03 05:58:04Z" duration="0.000150" asserts="0">
                    <properties>
                      <property name="retryIteration" value="0" />
                      <property name="repeatIteration" value="0" />
                    </properties>
                  </test-case>
                  <test-case id="1206" name="Evaluate_Linear_TQuarter_ReturnsQuarter" fullname="Hidano.FacialControl.Tests.EditMode.Domain.TransitionCalculatorTests.Evaluate_Linear_TQuarter_ReturnsQuarter" methodname="Evaluate_Linear_TQuarter_ReturnsQuarter" classname="Hidano.FacialControl.Tests.EditMode.Domain.TransitionCalculatorTests" runstate="Runnable" seed="1645441761" result="Passed" start-time="2026-02-03 05:58:04Z" end-time="2026-02-03 05:58:04Z" duration="0.000134" asserts="0">
                    <properties>
                      <property name="retryIteration" value="0" />
                      <property name="repeatIteration" value="0" />
                    </properties>
                  </test-case>
                  <test-case id="1203" name="Evaluate_Linear_TZero_ReturnsZero" fullname="Hidano.FacialControl.Tests.EditMode.Domain.TransitionCalculatorTests.Evaluate_Linear_TZero_ReturnsZero" methodname="Evaluate_Linear_TZero_ReturnsZero" classname="Hidano.FacialControl.Tests.EditMode.Domain.TransitionCalculatorTests" runstate="Runnable" seed="863707131" result="Passed" start-time="2026-02-03 05:58:04Z" end-time="2026-02-03 05:58:04Z" duration="0.000139" asserts="0">
                    <properties>
                      <property name="retryIteration" value="0" />
                      <property name="repeatIteration" value="0" />
                    </properties>
                  </test-case>
                  <test-case id="1227" name="Evaluate_TAboveOne_ClampedToOne" fullname="Hidano.FacialControl.Tests.EditMode.Domain.TransitionCalculatorTests.Evaluate_TAboveOne_ClampedToOne" methodname="Evaluate_TAboveOne_ClampedToOne" classname="Hidano.FacialControl.Tests.EditMode.Domain.TransitionCalculatorTests" runstate="Runnable" seed="259124902" result="Passed" start-time="2026-02-03 05:58:04Z" end-time="2026-02-03 05:58:04Z" duration="0.000254" asserts="0">
                    <properties>
                      <property name="retryIteration" value="0" />
                      <property name="repeatIteration" value="0" />
                    </properties>
                  </test-case>
                  <test-case id="1226" name="Evaluate_TNegative_ClampedToZero" fullname="Hidano.FacialControl.Tests.EditMode.Domain.TransitionCalculatorTests.Evaluate_TNegative_ClampedToZero" methodname="Evaluate_TNegative_ClampedToZero" classname="Hidano.FacialControl.Tests.EditMode.Domain.TransitionCalculatorTests" runstate="Runnable" seed="1939723655" result="Passed" start-time="2026-02-03 05:58:04Z" end-time="2026-02-03 05:58:04Z" duration="0.000211" asserts="0">
                    <properties>
                      <property name="retryIteration" value="0" />
                      <property name="repeatIteration" value="0" />
                    </properties>
                    <output><![CDATA[Saving results to: C:/Users/Hidano/AppData/LocalLow/DefaultCompany/FacialControl\TestResults.xml
]]></output>
                  </test-case>
                </test-suite>
              </test-suite>
            </test-suite>
          </test-suite>
        </test-suite>
      </test-suite>
    </test-suite>
  </test-suite>
</test-run>